Tried aggregator 2 times.
MIP Presolve eliminated 62 rows and 310 columns.
MIP Presolve modified 1 coefficients.
Aggregator did 54 substitutions.
Reduced MIP has 317 rows, 259 columns, and 1034 nonzeros.
Reduced MIP has 43 binaries, 0 generals, 0 SOSs, and 0 indicators.
Presolve time = 0.00 sec. (1.11 ticks)
Found incumbent of value 2108.000000 after 0.00 sec. (1.43 ticks)
Probing time = 0.00 sec. (0.21 ticks)
Tried aggregator 1 time.
MIP Presolve eliminated 8 rows and 4 columns.
Reduced MIP has 309 rows, 255 columns, and 1018 nonzeros.
Reduced MIP has 43 binaries, 0 generals, 0 SOSs, and 0 indicators.
Presolve time = 0.00 sec. (0.79 ticks)
Probing time = 0.00 sec. (0.19 ticks)
Clique table members: 70.
MIP emphasis: balance optimality and feasibility.
MIP search method: dynamic search.
Parallel mode: deterministic, using up to 4 threads.
Root relaxation solution time = 0.00 sec. (0.43 ticks)

        Nodes                                         Cuts/
   Node  Left     Objective  IInf  Best Integer    Best Bound    ItCnt     Gap

*     0+    0                         2108.0000        0.0000           100.00%
*     0+    0                         1900.0000        0.0000           100.00%
      0     0      447.0000     6     1900.0000      447.0000       32   76.47%
*     0+    0                          673.0000      447.0000            33.58%
*     0     0      integral     0      477.0000       Cuts: 9       34    0.00%
      0     0        cutoff            477.0000      477.0000       34    0.00%
Elapsed time = 0.03 sec. (7.54 ticks, tree = 0.01 MB, solutions = 4)

Clique cuts applied:  4
Cover cuts applied:  1
Zero-half cuts applied:  1
Gomory fractional cuts applied:  3

Root node processing (before b&c):
  Real time             =    0.03 sec. (7.58 ticks)
Parallel b&c, 4 threads:
  Real time             =    0.00 sec. (0.00 ticks)
  Sync time (average)   =    0.00 sec.
  Wait time (average)   =    0.00 sec.
                          ------------
Total (root+branch&cut) =    0.03 sec. (7.58 ticks)
