Tried aggregator 2 times.
MIP Presolve eliminated 120 rows and 1613 columns.
MIP Presolve modified 1 coefficients.
Aggregator did 329 substitutions.
Reduced MIP has 494 rows, 404 columns, and 1617 nonzeros.
Reduced MIP has 86 binaries, 0 generals, 0 SOSs, and 0 indicators.
Presolve time = 0.02 sec. (3.17 ticks)
Found incumbent of value 1751.000000 after 0.02 sec. (3.77 ticks)
Probing time = 0.00 sec. (0.38 ticks)
Tried aggregator 1 time.
MIP Presolve eliminated 6 rows and 3 columns.
Reduced MIP has 488 rows, 401 columns, and 1605 nonzeros.
Reduced MIP has 86 binaries, 0 generals, 0 SOSs, and 0 indicators.
Presolve time = 0.00 sec. (1.33 ticks)
Probing time = 0.00 sec. (0.37 ticks)
Clique table members: 125.
MIP emphasis: balance optimality and feasibility.
MIP search method: dynamic search.
Parallel mode: deterministic, using up to 4 threads.
Root relaxation solution time = 0.00 sec. (0.65 ticks)

        Nodes                                         Cuts/
   Node  Left     Objective  IInf  Best Integer    Best Bound    ItCnt     Gap

*     0+    0                         1751.0000        0.0000           100.00%
*     0+    0                         1220.0000        0.0000           100.00%
      0     0      309.3333     6     1220.0000      309.3333       29   74.64%
      0     0      356.6667    15     1220.0000       Cuts: 3       38   70.77%
*     0+    0                          549.0000      356.6667            35.03%
      0     0      367.3333     8      549.0000      Cuts: 10       43   33.09%
*     0+    0                          445.0000      367.3333            17.45%
*     0+    0                          373.0000      367.3333             1.52%
      0     0        cutoff            373.0000                     43    0.00%
Elapsed time = 0.06 sec. (21.92 ticks, tree = 0.01 MB, solutions = 5)

Cover cuts applied:  2
Zero-half cuts applied:  1
Lift and project cuts applied:  1
Gomory fractional cuts applied:  3

Root node processing (before b&c):
  Real time             =    0.06 sec. (22.06 ticks)
Parallel b&c, 4 threads:
  Real time             =    0.00 sec. (0.00 ticks)
  Sync time (average)   =    0.00 sec.
  Wait time (average)   =    0.00 sec.
                          ------------
Total (root+branch&cut) =    0.06 sec. (22.06 ticks)
