Tried aggregator 2 times.
MIP Presolve eliminated 240 rows and 1199 columns.
MIP Presolve modified 1 coefficients.
Aggregator did 227 substitutions.
Reduced MIP has 1256 rows, 1040 columns, and 4197 nonzeros.
Reduced MIP has 86 binaries, 0 generals, 0 SOSs, and 0 indicators.
Presolve time = 0.00 sec. (4.66 ticks)
Found incumbent of value 4240.000000 after 0.02 sec. (8.16 ticks)
Probing time = 0.00 sec. (1.10 ticks)
Tried aggregator 1 time.
MIP Presolve eliminated 18 rows and 9 columns.
Reduced MIP has 1238 rows, 1031 columns, and 4161 nonzeros.
Reduced MIP has 86 binaries, 0 generals, 0 SOSs, and 0 indicators.
Presolve time = 0.02 sec. (3.31 ticks)
Probing time = 0.00 sec. (1.00 ticks)
Clique table members: 149.
MIP emphasis: balance optimality and feasibility.
MIP search method: dynamic search.
Parallel mode: deterministic, using up to 4 threads.
Root relaxation solution time = 0.00 sec. (3.17 ticks)

        Nodes                                         Cuts/
   Node  Left     Objective  IInf  Best Integer    Best Bound    ItCnt     Gap

*     0+    0                         4240.0000        0.0000           100.00%
*     0+    0                         3676.0000        0.0000           100.00%
      0     0     1283.0000     4     3676.0000     1283.0000      155   65.10%
      0     0     1300.5517    21     3676.0000       Cuts: 2      265   64.62%
      0     0     1303.0000    10     3676.0000       Cuts: 4      290   64.55%
      0     0     1303.0000    10     3676.0000   LiftProj: 1      313   64.55%
*     0+    0                         1390.0000     1303.0000             6.26%
      0     0        cutoff           1390.0000     1390.0000      313    0.00%
Elapsed time = 0.16 sec. (50.83 ticks, tree = 0.01 MB, solutions = 3)

Zero-half cuts applied:  3
Lift and project cuts applied:  2
Gomory fractional cuts applied:  1

Root node processing (before b&c):
  Real time             =    0.16 sec. (50.95 ticks)
Parallel b&c, 4 threads:
  Real time             =    0.00 sec. (0.00 ticks)
  Sync time (average)   =    0.00 sec.
  Wait time (average)   =    0.00 sec.
                          ------------
Total (root+branch&cut) =    0.16 sec. (50.95 ticks)
