Tried aggregator 2 times.
MIP Presolve eliminated 1326 rows and 7802 columns.
MIP Presolve modified 1 coefficients.
Aggregator did 1298 substitutions.
Reduced MIP has 8729 rows, 7427 columns, and 29778 nonzeros.
Reduced MIP has 227 binaries, 0 generals, 0 SOSs, and 0 indicators.
Presolve time = 0.06 sec. (30.81 ticks)
Probing time = 0.01 sec. (3.64 ticks)
Tried aggregator 1 time.
MIP Presolve eliminated 48 rows and 24 columns.
Reduced MIP has 8681 rows, 7403 columns, and 29682 nonzeros.
Reduced MIP has 227 binaries, 0 generals, 0 SOSs, and 0 indicators.
Presolve time = 0.05 sec. (23.89 ticks)
Probing time = 0.02 sec. (4.37 ticks)
Clique table members: 403.
MIP emphasis: balance optimality and feasibility.
MIP search method: dynamic search.
Parallel mode: deterministic, using up to 4 threads.
Root relaxation solution time = 0.30 sec. (70.97 ticks)

        Nodes                                         Cuts/
   Node  Left     Objective  IInf  Best Integer    Best Bound    ItCnt     Gap

*     0+    0                        11590.0000        0.0000           100.00%
      0     0     3004.5000     4    11590.0000     3004.5000     1595   74.08%
*     0+    0                         3074.0000     3004.5000             2.26%
      0     0     3012.0000     4     3074.0000      Fract: 3     1965    2.02%
      0     0     3017.0000    13     3074.0000       Cuts: 2     2363    1.85%
      0     0     3017.8333    17     3074.0000   ZeroHalf: 1     2419    1.83%
      0     0     3018.0000     8     3074.0000   ZeroHalf: 1     2422    1.82%
      0     0        cutoff           3074.0000     3074.0000     2422    0.00%
Elapsed time = 1.31 sec. (445.00 ticks, tree = 0.01 MB, solutions = 2)

Zero-half cuts applied:  2
Lift and project cuts applied:  1
Gomory fractional cuts applied:  3

Root node processing (before b&c):
  Real time             =    1.31 sec. (445.66 ticks)
Parallel b&c, 4 threads:
  Real time             =    0.00 sec. (0.00 ticks)
  Sync time (average)   =    0.00 sec.
  Wait time (average)   =    0.00 sec.
                          ------------
Total (root+branch&cut) =    1.31 sec. (445.66 ticks)
