Tried aggregator 2 times.
MIP Presolve eliminated 591 rows and 10832 columns.
MIP Presolve modified 1 coefficients.
Aggregator did 2018 substitutions.
Reduced MIP has 3464 rows, 2927 columns, and 11718 nonzeros.
Reduced MIP has 227 binaries, 0 generals, 0 SOSs, and 0 indicators.
Presolve time = 0.05 sec. (20.95 ticks)
Found incumbent of value 4695.000000 after 0.06 sec. (31.55 ticks)
Probing time = 0.00 sec. (1.25 ticks)
Tried aggregator 1 time.
MIP Presolve eliminated 18 rows and 9 columns.
Reduced MIP has 3446 rows, 2918 columns, and 11682 nonzeros.
Reduced MIP has 227 binaries, 0 generals, 0 SOSs, and 0 indicators.
Presolve time = 0.02 sec. (9.47 ticks)
Probing time = 0.00 sec. (1.57 ticks)
Clique table members: 345.
MIP emphasis: balance optimality and feasibility.
MIP search method: dynamic search.
Parallel mode: deterministic, using up to 4 threads.
Root relaxation solution time = 0.00 sec. (6.11 ticks)

        Nodes                                         Cuts/
   Node  Left     Objective  IInf  Best Integer    Best Bound    ItCnt     Gap

*     0+    0                         4695.0000        0.0000           100.00%
*     0+    0                         4248.0000        0.0000           100.00%
*     0     0      integral     0      725.0000      725.0000      133    0.00%
Elapsed time = 0.11 sec. (55.96 ticks, tree = 0.00 MB, solutions = 3)

Root node processing (before b&c):
  Real time             =    0.13 sec. (56.69 ticks)
Parallel b&c, 4 threads:
  Real time             =    0.00 sec. (0.00 ticks)
  Sync time (average)   =    0.00 sec.
  Wait time (average)   =    0.00 sec.
                          ------------
Total (root+branch&cut) =    0.13 sec. (56.69 ticks)
