Tried aggregator 2 times.
MIP Presolve eliminated 2589 rows and 16163 columns.
MIP Presolve modified 1 coefficients.
Aggregator did 2551 substitutions.
Reduced MIP has 18033 rows, 15497 columns, and 62168 nonzeros.
Reduced MIP has 331 binaries, 0 generals, 0 SOSs, and 0 indicators.
Presolve time = 0.13 sec. (63.86 ticks)
Probing time = 0.05 sec. (9.76 ticks)
Tried aggregator 1 time.
MIP Presolve eliminated 68 rows and 34 columns.
Reduced MIP has 17965 rows, 15463 columns, and 62032 nonzeros.
Reduced MIP has 331 binaries, 0 generals, 0 SOSs, and 0 indicators.
Presolve time = 0.08 sec. (49.33 ticks)
Probing time = 0.05 sec. (9.89 ticks)
Clique table members: 603.
MIP emphasis: balance optimality and feasibility.
MIP search method: dynamic search.
Parallel mode: deterministic, using up to 4 threads.
Root relaxation solution time = 1.36 sec. (315.36 ticks)

        Nodes                                         Cuts/
   Node  Left     Objective  IInf  Best Integer    Best Bound    ItCnt     Gap

*     0+    0                        15519.0000        0.0000           100.00%
      0     0     3209.0000     8    15519.0000     3209.0000     3655   79.32%
*     0+    0                         3352.0000     3209.0000             4.27%
*     0+    0                         3310.0000     3209.0000             3.05%
      0     0     3223.0000    12     3310.0000       Cuts: 5     3920    2.63%
      0     0     3233.0000     8     3310.0000      Fract: 2     4447    2.33%

Repeating presolve.
Tried aggregator 2 times.
MIP Presolve eliminated 4619 rows and 3979 columns.
MIP Presolve modified 136 coefficients.
Aggregator did 35 substitutions.
Reduced MIP has 13311 rows, 11449 columns, and 45595 nonzeros.
Reduced MIP has 237 binaries, 0 generals, 0 SOSs, and 0 indicators.
Presolve time = 0.11 sec. (53.86 ticks)
Probing fixed 2 vars, tightened 0 bounds.
Probing changed sense of 1 constraints.
Probing time = 0.01 sec. (4.79 ticks)
Tried aggregator 1 time.
MIP Presolve eliminated 2404 rows and 2082 columns.
Reduced MIP has 10907 rows, 9367 columns, and 37833 nonzeros.
Reduced MIP has 235 binaries, 0 generals, 0 SOSs, and 0 indicators.
Presolve time = 0.06 sec. (34.01 ticks)
Probing time = 0.02 sec. (3.17 ticks)
Tried aggregator 1 time.
Reduced MIP has 10907 rows, 9367 columns, and 37833 nonzeros.
Reduced MIP has 235 binaries, 0 generals, 0 SOSs, and 0 indicators.
Presolve time = 0.03 sec. (19.60 ticks)
Represolve time = 0.25 sec. (130.91 ticks)
Probing time = 0.03 sec. (3.17 ticks)
Clique table members: 222.
MIP emphasis: balance optimality and feasibility.
MIP search method: dynamic search.
Parallel mode: deterministic, using up to 4 threads.
Root relaxation solution time = 0.56 sec. (157.00 ticks)

        Nodes                                         Cuts/
   Node  Left     Objective  IInf  Best Integer    Best Bound    ItCnt     Gap

*     0+    0                         3310.0000     3233.0000             2.33%
      0     0     3233.0000     8     3310.0000     3233.0000     7183    2.33%
      0     0     3249.1250    32     3310.0000       Cuts: 7     8209    1.84%
      0     0     3251.5000    21     3310.0000       Cuts: 9     8700    1.77%
*     0+    0                         3292.0000     3251.5000             1.23%
      0     0     3255.2857    19     3292.0000    MIRcuts: 5     8906    1.12%
      0     0     3256.0000     6     3292.0000       Cuts: 6     8926    1.09%
      0     0     3256.0000     4     3292.0000       Cuts: 3     8947    1.09%
      0     0     3256.0000     4     3292.0000    MIRcuts: 1     8966    1.09%
      0     2     3256.0000     4     3292.0000     3256.0000     8966    1.09%
Elapsed time = 6.34 sec. (1758.90 ticks, tree = 0.01 MB, solutions = 4)

Mixed integer rounding cuts applied:  7
Zero-half cuts applied:  4
Gomory fractional cuts applied:  5

Root node processing (before b&c):
  Real time             =    6.34 sec. (1748.29 ticks)
Parallel b&c, 4 threads:
  Real time             =    0.44 sec. (199.10 ticks)
  Sync time (average)   =    0.20 sec.
  Wait time (average)   =    0.01 sec.
                          ------------
Total (root+branch&cut) =    6.78 sec. (1947.40 ticks)
