Tried aggregator 2 times.
MIP Presolve eliminated 1119 rows and 22652 columns.
MIP Presolve modified 1 coefficients.
Aggregator did 3958 substitutions.
Reduced MIP has 7176 rows, 6131 columns, and 24578 nonzeros.
Reduced MIP has 331 binaries, 0 generals, 0 SOSs, and 0 indicators.
Presolve time = 0.14 sec. (44.21 ticks)
Found incumbent of value 5524.000000 after 0.19 sec. (67.28 ticks)
Probing time = 0.19 sec. (3.56 ticks)
Tried aggregator 1 time.
MIP Presolve eliminated 26 rows and 13 columns.
Reduced MIP has 7150 rows, 6118 columns, and 24526 nonzeros.
Reduced MIP has 331 binaries, 0 generals, 0 SOSs, and 0 indicators.
Presolve time = 0.05 sec. (19.75 ticks)
Probing time = 0.05 sec. (4.14 ticks)
Clique table members: 530.
MIP emphasis: balance optimality and feasibility.
MIP search method: dynamic search.
Parallel mode: deterministic, using up to 4 threads.
Root relaxation solution time = 0.45 sec. (106.20 ticks)

        Nodes                                         Cuts/
   Node  Left     Objective  IInf  Best Integer    Best Bound    ItCnt     Gap

*     0+    0                         5524.0000        0.0000           100.00%
*     0+    0                         5110.0000        0.0000           100.00%
      0     0      873.0625    36     5110.0000      873.0625     1594   82.91%
*     0+    0                         3924.0000      873.0625            77.75%
*     0+    0                          909.0000      873.0625             3.95%
      0     0      888.0000    20      909.0000       Cuts: 4     1695    1.89%
      0     0      889.9347    51      909.0000       Cuts: 4     1742    1.89%
      0     0        cutoff            909.0000      909.0000     1742    0.00%
Elapsed time = 1.53 sec. (321.48 ticks, tree = 0.01 MB, solutions = 4)

Lift and project cuts applied:  1
Gomory fractional cuts applied:  2

Root node processing (before b&c):
  Real time             =    1.55 sec. (323.25 ticks)
Parallel b&c, 4 threads:
  Real time             =    0.00 sec. (0.00 ticks)
  Sync time (average)   =    0.00 sec.
  Wait time (average)   =    0.00 sec.
                          ------------
Total (root+branch&cut) =    1.55 sec. (323.25 ticks)
