Tried aggregator 2 times.
MIP Presolve eliminated 2162 rows and 50581 columns.
MIP Presolve modified 1 coefficients.
Aggregator did 8019 substitutions.
Reduced MIP has 15922 rows, 13801 columns, and 55240 nonzeros.
Reduced MIP has 501 binaries, 0 generals, 0 SOSs, and 0 indicators.
Presolve time = 0.19 sec. (98.57 ticks)
Probing time = 0.03 sec. (8.79 ticks)
Tried aggregator 1 time.
MIP Presolve eliminated 38 rows and 19 columns.
Reduced MIP has 15884 rows, 13782 columns, and 55164 nonzeros.
Reduced MIP has 501 binaries, 0 generals, 0 SOSs, and 0 indicators.
Presolve time = 0.08 sec. (43.38 ticks)
Probing time = 0.05 sec. (8.74 ticks)
Clique table members: 813.
MIP emphasis: balance optimality and feasibility.
MIP search method: dynamic search.
Parallel mode: deterministic, using up to 4 threads.
Root relaxation solution time = 0.22 sec. (76.45 ticks)

        Nodes                                         Cuts/
   Node  Left     Objective  IInf  Best Integer    Best Bound    ItCnt     Gap

*     0+    0                         9028.0000        0.0000           100.00%
      0     0     1209.0000     6     9028.0000     1209.0000     1023   86.61%
*     0+    0                         1237.0000     1209.0000             2.26%
      0     0     1211.0000    17     1237.0000       Cuts: 3     1053    2.10%
      0     0     1212.7647    24     1237.0000       Cuts: 2     1134    1.96%
*     0+    0                         1226.0000     1212.7647             1.08%

Repeating presolve.
Tried aggregator 3 times.
MIP Presolve eliminated 12801 rows and 11225 columns.
MIP Presolve modified 86 coefficients.
Aggregator did 394 substitutions.
Reduced MIP has 2689 rows, 2163 columns, and 8485 nonzeros.
Reduced MIP has 126 binaries, 0 generals, 0 SOSs, and 0 indicators.
Presolve time = 0.05 sec. (28.51 ticks)
Probing fixed 1 vars, tightened 14 bounds.
Probing changed sense of 3 constraints.
Probing time = 0.00 sec. (2.48 ticks)
Tried aggregator 2 times.
MIP Presolve eliminated 829 rows and 642 columns.
MIP Presolve modified 2 coefficients.
Aggregator did 2 substitutions.
Reduced MIP has 1858 rows, 1519 columns, and 5965 nonzeros.
Reduced MIP has 120 binaries, 0 generals, 0 SOSs, and 0 indicators.
Presolve time = 0.02 sec. (8.43 ticks)
Probing time = 0.00 sec. (2.00 ticks)
Tried aggregator 1 time.
Reduced MIP has 1858 rows, 1519 columns, and 5965 nonzeros.
Reduced MIP has 120 binaries, 0 generals, 0 SOSs, and 0 indicators.
Presolve time = 0.02 sec. (3.38 ticks)
Represolve time = 0.09 sec. (55.10 ticks)
Probing time = 0.00 sec. (2.00 ticks)
Clique table members: 131.
MIP emphasis: balance optimality and feasibility.
MIP search method: dynamic search.
Parallel mode: deterministic, using up to 4 threads.
Root relaxation solution time = 0.02 sec. (10.24 ticks)

        Nodes                                         Cuts/
   Node  Left     Objective  IInf  Best Integer    Best Bound    ItCnt     Gap

*     0+    0                         1226.0000     1212.7647             1.08%
      0     0     1212.7647    22     1226.0000     1212.7647     1495    1.08%
      0     0     1215.0000    18     1226.0000       Cuts: 3     1523    0.53%
      0     0     1215.1429    18     1226.0000       Cuts: 2     1551    0.53%
      0     0        cutoff           1226.0000     1226.0000     1551    0.00%
Elapsed time = 1.41 sec. (576.93 ticks, tree = 0.01 MB, solutions = 3)

Zero-half cuts applied:  2
Lift and project cuts applied:  1
Gomory fractional cuts applied:  1

Root node processing (before b&c):
  Real time             =    1.42 sec. (580.15 ticks)
Parallel b&c, 4 threads:
  Real time             =    0.00 sec. (0.00 ticks)
  Sync time (average)   =    0.00 sec.
  Wait time (average)   =    0.00 sec.
                          ------------
Total (root+branch&cut) =    1.42 sec. (580.15 ticks)
