Tried aggregator 2 times.
MIP Presolve eliminated 20203 rows and 181300 columns.
Aggregator did 20099 substitutions.
Reduced MIP has 199702 rows, 179201 columns, and 717201 nonzeros.
Reduced MIP has 1199 binaries, 0 generals, 0 SOSs, and 0 indicators.
Presolve time = 1.33 sec. (629.44 ticks)
Probing time = 0.86 sec. (152.23 ticks)
Tried aggregator 1 time.
MIP Presolve eliminated 198 rows and 99 columns.
Reduced MIP has 199504 rows, 179102 columns, and 716805 nonzeros.
Reduced MIP has 1199 binaries, 0 generals, 0 SOSs, and 0 indicators.
Presolve time = 1.08 sec. (528.33 ticks)
Probing time = 0.39 sec. (59.21 ticks)
Clique table members: 1799.
MIP emphasis: balance optimality and feasibility.
MIP search method: dynamic search.
Parallel mode: deterministic, using up to 4 threads.
Root relaxation solution time = 300.14 sec. (43442.85 ticks)

        Nodes                                         Cuts/
   Node  Left     Objective  IInf  Best Integer    Best Bound    ItCnt     Gap

*     0+    0                        52326.0000        0.0000           100.00%
*     0+    0                        48252.0000        0.0000           100.00%
      0     0     6449.7500    17    48252.0000     6449.7500    42632   86.63%
*     0+    0                         6549.0000     6449.7500             1.52%
      0     0     6454.4375    20     6549.0000       Cuts: 6    57240    1.44%
      0     0     6459.4375    19     6549.0000      Fract: 4    59353    1.37%
Heuristic still looking.
Heuristic still looking.
      0     2     6459.4375    19     6549.0000     6459.4375    59353    1.37%
Elapsed time = 534.94 sec. (112237.19 ticks, tree = 0.01 MB, solutions = 3)
      1     3     6459.4375    19     6549.0000     6459.4375    61869    1.37%
      2     3     6519.4167    13     6549.0000     6459.4375    73132    1.37%
      4     5     6521.0000     4     6549.0000     6459.4375    77390    1.37%
*     5     5      integral     0     6529.0000     6459.4375    77847    1.07%
      6     4        cutoff           6529.0000     6459.4375    77871    1.07%
      7     5     6538.0000     6     6529.0000     6459.4375    81631    1.07%
      8     6     6519.4167    13     6529.0000     6459.4375    91923    1.07%
      9     3        cutoff           6529.0000     6459.4375   105414    1.07%
     10     5     6521.0000     4     6529.0000     6459.4375   107998    1.07%
     11     3        cutoff           6529.0000     6459.4375   117435    1.07%
     12     4     6519.4167    13     6529.0000     6459.4375    83859    1.07%
Elapsed time = 722.78 sec. (149136.03 ticks, tree = 0.01 MB, solutions = 4)
     14     5     6461.0667    24     6529.0000     6459.4375   121205    1.07%
     15     3        cutoff           6529.0000     6459.5000   148169    1.06%
     18     7     6461.0667    24     6529.0000     6461.0667   175948    1.04%
     19     5        cutoff           6529.0000     6461.0667   189602    1.04%
     21     6        cutoff           6529.0000     6461.0667   197245    1.04%
     23     5        cutoff           6529.0000     6461.2000   206373    1.04%
     24     5        cutoff           6529.0000     6461.2000   201630    1.04%
     25    10     6467.5048    29     6529.0000     6461.2000   219809    1.04%
     26     8     6515.5714    16     6529.0000     6461.2000   226225    1.04%
     29     5        cutoff           6529.0000     6461.2000   272485    1.04%
Elapsed time = 817.27 sec. (166093.59 ticks, tree = 0.01 MB, solutions = 4)
     30     7     6524.0000     6     6529.0000     6461.2000   276854    1.04%
     35     4        cutoff           6529.0000     6461.2000   292422    1.04%
     41     6     6521.0000     4     6529.0000     6468.0000   312136    0.93%
     45     2        cutoff           6529.0000     6471.4167   318901    0.88%
     47     6     6471.4167    19     6529.0000     6471.4167   324419    0.88%
     49     8     6471.5667    23     6529.0000     6471.4167   327338    0.88%
     51     4     6519.4167    13     6529.0000     6471.4167   338947    0.88%
     55    11     6472.4792    17     6529.0000     6471.4167   333302    0.88%
     56    12     6478.5893    22     6529.0000     6471.4167   348250    0.88%
     62     8        cutoff           6529.0000     6471.4167   373400    0.88%
Elapsed time = 877.44 sec. (182243.43 ticks, tree = 0.01 MB, solutions = 4)
     63    12     6482.4375    19     6529.0000     6471.4167   375795    0.88%
     66     9     6519.4167    13     6529.0000     6471.4167   392381    0.88%
     67     9     6521.0000     4     6529.0000     6471.4167   396794    0.88%
     72     8        cutoff           6529.0000     6471.5667   425896    0.88%
     75    13     6485.7917    21     6529.0000     6471.5667   429077    0.88%
     77    12     6519.4167    13     6529.0000     6471.5667   438256    0.88%
     82    16     6485.7917    22     6529.0000     6471.5667   435410    0.88%
     84    18     6487.7917    20     6529.0000     6471.5667   441219    0.88%
     86    15     6487.7917    20     6529.0000     6471.5667   456359    0.88%
     88    12     6515.5714    16     6529.0000     6471.5667   458024    0.88%
Elapsed time = 936.86 sec. (199225.32 ticks, tree = 0.21 MB, solutions = 4)
     92    19     6487.7917    20     6529.0000     6471.5667   463055    0.88%
     97    16     6524.0000     6     6529.0000     6478.5893   495134    0.77%
    100    14     6515.5714    16     6529.0000     6478.5893   471373    0.77%
    103    15     6521.0000     4     6529.0000     6478.5893   524364    0.77%
    108    21     6487.7917    20     6529.0000     6478.5893   465675    0.77%
    110    27     6517.5000     6     6529.0000     6485.7917   585747    0.66%
    111    28     6524.0000     4     6529.0000     6485.7917   589746    0.66%
    114    26     6493.0833    22     6529.0000     6485.7917   565439    0.66%
    116    27     6493.0833    22     6529.0000     6485.7917   568489    0.66%
    120    28     6517.5000     6     6529.0000     6485.7917   637744    0.66%
Elapsed time = 1017.31 sec. (213749.68 ticks, tree = 0.41 MB, solutions = 4)
    124    29     6524.0000     4     6529.0000     6485.7917   641608    0.66%
    129    32     6495.1977    24     6529.0000     6485.7917   657583    0.66%
    132    34     6496.3571    17     6529.0000     6485.7917   660163    0.66%
    137    36     6496.3571    17     6529.0000     6485.7917   662934    0.66%
    138    27     6515.5714    16     6529.0000     6485.7917   634456    0.66%
    140    32     6517.5000     6     6529.0000     6485.7917   710684    0.66%
    143    32        cutoff           6529.0000     6485.7917   714269    0.66%
    148    33     6515.5714    16     6529.0000     6485.7917   710598    0.66%
    151    40     6496.3571    17     6529.0000     6485.7917   743022    0.66%
    155    41        cutoff           6529.0000     6485.7917   775373    0.66%
Elapsed time = 1087.33 sec. (226390.97 ticks, tree = 1.02 MB, solutions = 4)
    158    32     6515.5714    16     6529.0000     6485.7917   732986    0.66%
    164    48     6496.3571    17     6529.0000     6485.7917   749585    0.66%
    170    50     6496.3571    17     6529.0000     6485.7917   750341    0.66%
    176    52     6496.3571    17     6529.0000     6485.7917   752297    0.66%
    179    55     6496.3571    17     6529.0000     6485.7917   754808    0.66%
    182    57     6496.3571    17     6529.0000     6485.7917   757091    0.66%
    185    43     6524.0000     4     6529.0000     6485.7917   798062    0.66%
    189    32     6515.5714    16     6529.0000     6485.7917   755957    0.66%
    195    70     6496.3571    17     6529.0000     6485.7917   849456    0.66%
    203    73     6496.3571    17     6529.0000     6485.7917   851523    0.66%
Elapsed time = 1144.86 sec. (237554.06 ticks, tree = 1.78 MB, solutions = 4)
    208    75     6496.3571    17     6529.0000     6485.7917   852332    0.66%
    211    78     6496.3571    18     6529.0000     6485.7917   854640    0.66%
    213    80     6496.3571    19     6529.0000     6485.7917   856627    0.66%
    218    45     6515.5714    16     6529.0000     6485.7917   854120    0.66%
    221    85     6497.2857    22     6529.0000     6485.7917   861482    0.66%
    227    63        cutoff           6529.0000     6485.7917   942001    0.66%
    233    66        cutoff           6529.0000     6485.7917   997751    0.66%
    234    87     6498.5000     5     6529.0000     6485.7917   870077    0.66%
    235    64     6519.4167    13     6529.0000     6485.7917   959464    0.66%
    243    62        cutoff           6529.0000     6485.7917   963221    0.66%
Elapsed time = 1221.19 sec. (250031.61 ticks, tree = 2.93 MB, solutions = 4)
    244    91     6498.6591    28     6529.0000     6485.7917  1029305    0.66%
    246    64     6519.4167    13     6529.0000     6485.7917  1003215    0.66%
    252    63     6519.4167    13     6529.0000     6485.7917   981359    0.66%
    257    94     6504.5000    14     6529.0000     6485.7917  1042872    0.66%
    258    89     6519.4167    13     6529.0000     6485.7917  1079231    0.66%
    263    86     6521.0000     4     6529.0000     6485.7917  1166752    0.66%
    268    87     6521.0000     4     6529.0000     6485.7917  1131336    0.66%
    271    92     6504.6667    14     6529.0000     6485.7917  1196321    0.66%
    272    89     6519.4167    13     6529.0000     6485.7917  1098231    0.66%
    275    88        cutoff           6529.0000     6485.7917  1100419    0.66%
Elapsed time = 1298.66 sec. (264364.68 ticks, tree = 2.46 MB, solutions = 4)
    276    85     6515.5714    16     6529.0000     6485.7917  1185503    0.66%
    279    86     6521.0000     4     6529.0000     6485.7917  1154338    0.66%
    282    86        cutoff           6529.0000     6485.7917  1191182    0.66%
    288    84     6521.0000     4     6529.0000     6485.7917  1166431    0.66%
    289    86     6519.4167    13     6529.0000     6485.7917  1207311    0.66%
    299    87     6521.0000     4     6529.0000     6485.7917  1322669    0.66%
    302    84        cutoff           6529.0000     6485.7917  1356424    0.66%
    303    86     6521.0000     4     6529.0000     6485.7917  1339077    0.66%
    315    93     6504.6667    14     6529.0000     6485.7917  1197284    0.66%
    330    72     6519.4167    13     6529.0000     6485.7917  1424047    0.66%
Elapsed time = 1401.91 sec. (282608.70 ticks, tree = 1.78 MB, solutions = 4)
    343    82     6506.1169    35     6529.0000     6485.7917  1405113    0.66%
    362    67        cutoff           6529.0000     6485.7917  1503024    0.66%
    406    33     6519.0000    24     6529.0000     6485.7917  1620857    0.66%
    411    36     6525.5000    10     6529.0000     6485.7917  1631440    0.66%
    433    34     6515.5714    18     6529.0000     6485.7917  1652860    0.66%
    448    28        cutoff           6529.0000     6485.7917  1669406    0.66%
    453    34     6515.5714    18     6529.0000     6485.7917  1680589    0.66%
    478    31     6515.5714    18     6529.0000     6504.6667  1732823    0.37%
    502    32        cutoff           6529.0000     6506.1169  1861452    0.35%
    525    28     6515.5714    18     6529.0000     6506.1169  1946370    0.35%
Elapsed time = 1686.97 sec. (334306.72 ticks, tree = 0.01 MB, solutions = 4)

Gomory fractional cuts applied:  7

Root node processing (before b&c):
  Real time             =  533.95 sec. (111887.32 ticks)
Parallel b&c, 4 threads:
  Real time             = 1158.83 sec. (225347.12 ticks)
  Sync time (average)   =  235.81 sec.
  Wait time (average)   =    0.06 sec.
                          ------------
Total (root+branch&cut) = 1692.78 sec. (337234.44 ticks)
