Tried aggregator 1 time.
MIP Presolve eliminated 20 rows and 10 columns.
MIP Presolve modified 1 coefficients.
Reduced MIP has 122 rows, 97 columns, and 388 nonzeros.
Reduced MIP has 43 binaries, 0 generals, 0 SOSs, and 0 indicators.
Presolve time = 0.00 sec. (0.22 ticks)
Found incumbent of value 46.000000 after 0.00 sec. (0.72 ticks)
Probing fixed 1 vars, tightened 0 bounds.
Probing changed sense of 1 constraints.
Probing time = 0.00 sec. (0.07 ticks)
Tried aggregator 1 time.
MIP Presolve eliminated 45 rows and 11 columns.
MIP Presolve modified 21 coefficients.
Reduced MIP has 77 rows, 86 columns, and 312 nonzeros.
Reduced MIP has 42 binaries, 0 generals, 0 SOSs, and 0 indicators.
Presolve time = 0.00 sec. (0.34 ticks)
Probing changed sense of 10 constraints.
Probing time = 0.00 sec. (0.32 ticks)
Tried aggregator 1 time.
Reduced MIP has 77 rows, 86 columns, and 312 nonzeros.
Reduced MIP has 42 binaries, 0 generals, 0 SOSs, and 0 indicators.
Presolve time = 0.00 sec. (0.18 ticks)
Probing time = 0.00 sec. (0.33 ticks)
Clique table members: 262.
MIP emphasis: balance optimality and feasibility.
MIP search method: dynamic search.
Parallel mode: deterministic, using up to 4 threads.
Root relaxation solution time = 0.00 sec. (0.09 ticks)

        Nodes                                         Cuts/
   Node  Left     Objective  IInf  Best Integer    Best Bound    ItCnt     Gap

*     0+    0                           46.0000        0.0000           100.00%
      0     0        cutoff             46.0000                      1    0.00%

Root node processing (before b&c):
  Real time             =    0.00 sec. (2.34 ticks)
Parallel b&c, 4 threads:
  Real time             =    0.00 sec. (0.00 ticks)
  Sync time (average)   =    0.00 sec.
  Wait time (average)   =    0.00 sec.
                          ------------
Total (root+branch&cut) =    0.00 sec. (2.34 ticks)
