Tried aggregator 1 time.
MIP Presolve eliminated 20 rows and 10 columns.
MIP Presolve modified 1 coefficients.
Reduced MIP has 122 rows, 97 columns, and 388 nonzeros.
Reduced MIP has 43 binaries, 0 generals, 0 SOSs, and 0 indicators.
Presolve time = 0.00 sec. (0.22 ticks)
Probing fixed 1 vars, tightened 0 bounds.
Probing changed sense of 1 constraints.
Probing time = 0.00 sec. (0.07 ticks)
Tried aggregator 1 time.
MIP Presolve eliminated 11 rows and 11 columns.
MIP Presolve modified 11 coefficients.
Reduced MIP has 111 rows, 86 columns, and 346 nonzeros.
Reduced MIP has 42 binaries, 0 generals, 0 SOSs, and 0 indicators.
Presolve time = 0.00 sec. (0.33 ticks)
Probing time = 0.00 sec. (0.05 ticks)
Tried aggregator 1 time.
Reduced MIP has 111 rows, 86 columns, and 346 nonzeros.
Reduced MIP has 42 binaries, 0 generals, 0 SOSs, and 0 indicators.
Presolve time = 0.00 sec. (0.21 ticks)
Probing time = 0.00 sec. (0.05 ticks)
Clique table members: 55.
MIP emphasis: balance optimality and feasibility.
MIP search method: dynamic search.
Parallel mode: deterministic, using up to 4 threads.
Root relaxation solution time = 0.00 sec. (0.16 ticks)

        Nodes                                         Cuts/
   Node  Left     Objective  IInf  Best Integer    Best Bound    ItCnt     Gap

      0     0      447.0000     9                    447.0000       17         
*     0+    0                          477.0000      447.0000             6.29%
      0     0        cutoff            477.0000                     17    0.00%
Elapsed time = 0.02 sec. (1.98 ticks, tree = 0.01 MB, solutions = 1)

Root node processing (before b&c):
  Real time             =    0.02 sec. (1.98 ticks)
Parallel b&c, 4 threads:
  Real time             =    0.00 sec. (0.00 ticks)
  Sync time (average)   =    0.00 sec.
  Wait time (average)   =    0.00 sec.
                          ------------
Total (root+branch&cut) =    0.02 sec. (1.98 ticks)
