Tried aggregator 1 time.
MIP Presolve eliminated 40 rows and 20 columns.
MIP Presolve modified 1 coefficients.
Reduced MIP has 244 rows, 196 columns, and 787 nonzeros.
Reduced MIP has 86 binaries, 0 generals, 0 SOSs, and 0 indicators.
Presolve time = 0.00 sec. (0.48 ticks)
Probing fixed 1 vars, tightened 0 bounds.
Probing changed sense of 3 constraints.
Probing time = 0.00 sec. (0.17 ticks)
Tried aggregator 2 times.
MIP Presolve eliminated 21 rows and 21 columns.
MIP Presolve modified 21 coefficients.
Aggregator did 2 substitutions.
Reduced MIP has 221 rows, 173 columns, and 701 nonzeros.
Reduced MIP has 83 binaries, 0 generals, 0 SOSs, and 0 indicators.
Presolve time = 0.00 sec. (0.96 ticks)
Probing time = 0.00 sec. (0.11 ticks)
Tried aggregator 1 time.
Reduced MIP has 221 rows, 173 columns, and 701 nonzeros.
Reduced MIP has 83 binaries, 0 generals, 0 SOSs, and 0 indicators.
Presolve time = 0.00 sec. (0.44 ticks)
Probing time = 0.00 sec. (0.11 ticks)
Clique table members: 111.
MIP emphasis: balance optimality and feasibility.
MIP search method: dynamic search.
Parallel mode: deterministic, using up to 4 threads.
Root relaxation solution time = 0.02 sec. (0.39 ticks)

        Nodes                                         Cuts/
   Node  Left     Objective  IInf  Best Integer    Best Bound    ItCnt     Gap

      0     0     1280.0000     7                   1280.0000       39         
      0     0     1283.0000     4                    Cuts: 24      123         
      0     0     1294.6667     8                    Cuts: 22      191         
      0     0     1299.0000     8                    Cuts: 12      204         
      0     0     1307.8000    13                     Cuts: 4      240         
      0     0     1309.0000    12                    Cuts: 18      286         
      0     0     1339.0529    16                    Cuts: 27      346         
*     0+    0                         1458.0000     1339.0529             8.16%
      0     0     1349.5000    17     1458.0000      Cuts: 46      377    7.44%
*     0+    0                         1390.0000     1349.5000             2.91%
      0     0        cutoff           1390.0000     1390.0000      377    0.00%
Elapsed time = 0.08 sec. (34.48 ticks, tree = 0.01 MB, solutions = 2)

Cover cuts applied:  3
Flow cuts applied:  12
Mixed integer rounding cuts applied:  7
Zero-half cuts applied:  4
Gomory fractional cuts applied:  2

Root node processing (before b&c):
  Real time             =    0.08 sec. (34.48 ticks)
Parallel b&c, 4 threads:
  Real time             =    0.00 sec. (0.00 ticks)
  Sync time (average)   =    0.00 sec.
  Wait time (average)   =    0.00 sec.
                          ------------
Total (root+branch&cut) =    0.08 sec. (34.48 ticks)
