Tried aggregator 1 time.
MIP Presolve eliminated 40 rows and 20 columns.
MIP Presolve modified 1 coefficients.
Reduced MIP has 244 rows, 196 columns, and 787 nonzeros.
Reduced MIP has 86 binaries, 0 generals, 0 SOSs, and 0 indicators.
Presolve time = 0.00 sec. (0.48 ticks)
Probing fixed 1 vars, tightened 0 bounds.
Probing changed sense of 3 constraints.
Probing time = 0.00 sec. (0.17 ticks)
Tried aggregator 2 times.
MIP Presolve eliminated 21 rows and 21 columns.
MIP Presolve modified 21 coefficients.
Aggregator did 2 substitutions.
Reduced MIP has 221 rows, 173 columns, and 701 nonzeros.
Reduced MIP has 83 binaries, 0 generals, 0 SOSs, and 0 indicators.
Presolve time = 0.00 sec. (0.96 ticks)
Probing time = 0.00 sec. (0.11 ticks)
Tried aggregator 1 time.
Reduced MIP has 221 rows, 173 columns, and 701 nonzeros.
Reduced MIP has 83 binaries, 0 generals, 0 SOSs, and 0 indicators.
Presolve time = 0.00 sec. (0.44 ticks)
Probing time = 0.00 sec. (0.11 ticks)
Clique table members: 111.
MIP emphasis: balance optimality and feasibility.
MIP search method: dynamic search.
Parallel mode: deterministic, using up to 4 threads.
Root relaxation solution time = 0.00 sec. (0.74 ticks)

        Nodes                                         Cuts/
   Node  Left     Objective  IInf  Best Integer    Best Bound    ItCnt     Gap

      0     0      309.3333    12                    309.3333       78         
      0     0      360.6962    24                    Cuts: 11      135         
*     0+    0                          475.0000      360.6962            24.06%
*     0     0      integral     0      373.0000      Cuts: 16      137    0.00%
      0     0        cutoff            373.0000      373.0000      137    0.00%
Elapsed time = 0.05 sec. (11.48 ticks, tree = 0.01 MB, solutions = 2)

Cover cuts applied:  1
Flow cuts applied:  11
Mixed integer rounding cuts applied:  4
Zero-half cuts applied:  2
Lift and project cuts applied:  1
Gomory fractional cuts applied:  3

Root node processing (before b&c):
  Real time             =    0.05 sec. (11.49 ticks)
Parallel b&c, 4 threads:
  Real time             =    0.00 sec. (0.00 ticks)
  Sync time (average)   =    0.00 sec.
  Wait time (average)   =    0.00 sec.
                          ------------
Total (root+branch&cut) =    0.05 sec. (11.49 ticks)
