Tried aggregator 1 time.
MIP Presolve eliminated 100 rows and 50 columns.
MIP Presolve modified 1 coefficients.
Reduced MIP has 658 rows, 529 columns, and 2140 nonzeros.
Reduced MIP has 227 binaries, 0 generals, 0 SOSs, and 0 indicators.
Presolve time = 0.00 sec. (1.23 ticks)
Probing fixed 1 vars, tightened 0 bounds.
Probing changed sense of 2 constraints.
Probing time = 0.00 sec. (0.70 ticks)
Tried aggregator 2 times.
MIP Presolve eliminated 51 rows and 51 columns.
MIP Presolve modified 51 coefficients.
Aggregator did 1 substitutions.
Reduced MIP has 606 rows, 477 columns, and 1936 nonzeros.
Reduced MIP has 225 binaries, 0 generals, 0 SOSs, and 0 indicators.
Presolve time = 0.00 sec. (2.57 ticks)
Probing time = 0.00 sec. (0.40 ticks)
Clique table members: 303.
MIP emphasis: balance optimality and feasibility.
MIP search method: dynamic search.
Parallel mode: deterministic, using up to 4 threads.
Root relaxation solution time = 0.00 sec. (3.20 ticks)

        Nodes                                         Cuts/
   Node  Left     Objective  IInf  Best Integer    Best Bound    ItCnt     Gap

      0     0     2854.0000     4                   2854.0000      226         
      0     0     2972.9818    14                    Cuts: 24      371         
      0     0     3016.7306    23                    Cuts: 15      448         
*     0+    0                         3074.0000     3016.7306             1.86%
      0     0     3026.2069    17     3074.0000      Cuts: 33      556    1.55%

Repeating presolve.
Tried aggregator 3 times.
MIP Presolve eliminated 373 rows and 264 columns.
MIP Presolve modified 11 coefficients.
Aggregator did 4 substitutions.
Reduced MIP has 229 rows, 209 columns, and 751 nonzeros.
Reduced MIP has 113 binaries, 0 generals, 0 SOSs, and 0 indicators.
Presolve time = 0.02 sec. (1.21 ticks)
Probing fixed 1 vars, tightened 0 bounds.
Probing changed sense of 6 constraints.
Probing time = 0.00 sec. (0.20 ticks)
Tried aggregator 1 time.
MIP Presolve eliminated 8 rows and 7 columns.
Reduced MIP has 221 rows, 202 columns, and 734 nonzeros.
Reduced MIP has 106 binaries, 0 generals, 0 SOSs, and 0 indicators.
Presolve time = 0.00 sec. (0.50 ticks)
Probing time = 0.00 sec. (0.18 ticks)
Tried aggregator 1 time.
Reduced MIP has 221 rows, 202 columns, and 734 nonzeros.
Reduced MIP has 106 binaries, 0 generals, 0 SOSs, and 0 indicators.
Presolve time = 0.00 sec. (0.47 ticks)
Represolve time = 0.02 sec. (3.16 ticks)
Probing time = 0.00 sec. (0.18 ticks)
Clique table members: 100.
MIP emphasis: balance optimality and feasibility.
MIP search method: dynamic search.
Parallel mode: deterministic, using up to 4 threads.
Root relaxation solution time = 0.00 sec. (1.71 ticks)

        Nodes                                         Cuts/
   Node  Left     Objective  IInf  Best Integer    Best Bound    ItCnt     Gap

*     0+    0                         3074.0000     3026.2069             1.55%
      0     0     3037.4170    14     3074.0000     3037.4170      692    1.19%
      0     0     3039.3346    14     3074.0000       Cuts: 8      701    1.13%
      0     0     3062.6943    12     3074.0000      Cuts: 27      729    0.37%
      0     0        cutoff           3074.0000     3074.0000      729    0.00%
Elapsed time = 0.13 sec. (40.26 ticks, tree = 0.01 MB, solutions = 1)

Flow cuts applied:  12
Mixed integer rounding cuts applied:  7
Zero-half cuts applied:  7
Lift and project cuts applied:  2
Gomory fractional cuts applied:  2

Root node processing (before b&c):
  Real time             =    0.13 sec. (40.27 ticks)
Parallel b&c, 4 threads:
  Real time             =    0.00 sec. (0.00 ticks)
  Sync time (average)   =    0.00 sec.
  Wait time (average)   =    0.00 sec.
                          ------------
Total (root+branch&cut) =    0.13 sec. (40.27 ticks)
