Tried aggregator 1 time.
MIP Presolve eliminated 100 rows and 50 columns.
MIP Presolve modified 1 coefficients.
Reduced MIP has 658 rows, 529 columns, and 2140 nonzeros.
Reduced MIP has 227 binaries, 0 generals, 0 SOSs, and 0 indicators.
Presolve time = 0.02 sec. (1.23 ticks)
Probing fixed 1 vars, tightened 0 bounds.
Probing changed sense of 2 constraints.
Probing time = 0.00 sec. (0.70 ticks)
Tried aggregator 2 times.
MIP Presolve eliminated 51 rows and 51 columns.
MIP Presolve modified 51 coefficients.
Aggregator did 1 substitutions.
Reduced MIP has 606 rows, 477 columns, and 1936 nonzeros.
Reduced MIP has 225 binaries, 0 generals, 0 SOSs, and 0 indicators.
Presolve time = 0.00 sec. (2.57 ticks)
Probing time = 0.02 sec. (0.40 ticks)
Clique table members: 303.
MIP emphasis: balance optimality and feasibility.
MIP search method: dynamic search.
Parallel mode: deterministic, using up to 4 threads.
Root relaxation solution time = 0.00 sec. (2.04 ticks)

        Nodes                                         Cuts/
   Node  Left     Objective  IInf  Best Integer    Best Bound    ItCnt     Gap

      0     0      710.0000     8                    710.0000      129         
*     0     0      integral     0      725.0000      Cuts: 27      282    0.00%
      0     0        cutoff            725.0000      725.0000      282    0.00%
Elapsed time = 0.06 sec. (20.52 ticks, tree = 0.01 MB, solutions = 1)

Cover cuts applied:  2
Flow cuts applied:  11
Mixed integer rounding cuts applied:  1
Gomory fractional cuts applied:  6

Root node processing (before b&c):
  Real time             =    0.06 sec. (20.54 ticks)
Parallel b&c, 4 threads:
  Real time             =    0.00 sec. (0.00 ticks)
  Sync time (average)   =    0.00 sec.
  Wait time (average)   =    0.00 sec.
                          ------------
Total (root+branch&cut) =    0.06 sec. (20.54 ticks)
