Tried aggregator 1 time.
MIP Presolve eliminated 140 rows and 70 columns.
MIP Presolve modified 1 coefficients.
Reduced MIP has 974 rows, 781 columns, and 3172 nonzeros.
Reduced MIP has 331 binaries, 0 generals, 0 SOSs, and 0 indicators.
Presolve time = 0.00 sec. (1.80 ticks)
Probing fixed 1 vars, tightened 0 bounds.
Probing changed sense of 3 constraints.
Probing time = 0.02 sec. (1.25 ticks)
Tried aggregator 2 times.
MIP Presolve eliminated 71 rows and 71 columns.
MIP Presolve modified 71 coefficients.
Aggregator did 2 substitutions.
Reduced MIP has 901 rows, 708 columns, and 2886 nonzeros.
Reduced MIP has 328 binaries, 0 generals, 0 SOSs, and 0 indicators.
Presolve time = 0.00 sec. (3.74 ticks)
Probing time = 0.00 sec. (0.67 ticks)
Clique table members: 451.
MIP emphasis: balance optimality and feasibility.
MIP search method: dynamic search.
Parallel mode: deterministic, using up to 4 threads.
Root relaxation solution time = 0.02 sec. (4.33 ticks)

        Nodes                                         Cuts/
   Node  Left     Objective  IInf  Best Integer    Best Bound    ItCnt     Gap

      0     0     3178.0000    20                   3178.0000      235         
      0     0     3191.1304     7                    Cuts: 21      438         
      0     0     3218.2500    11                    Cuts: 39      672         
      0     0     3245.0000     7                    Cuts: 19      908         
      0     0     3245.0000     2                    Cuts: 21     1049         
      0     0     3245.0000     3                    Cuts: 14     1120         
      0     0     3245.0000     2                     Cuts: 9     1193         
*     0+    0                         4197.0000     3245.0000            22.68%
*     0+    0                         3566.0000     3245.0000             9.00%
*     0+    0                         3326.0000     3263.0668             1.89%
*     0+    0                         3307.0000     3263.0668             1.33%

Repeating presolve.
Tried aggregator 1 time.
MIP Presolve eliminated 658 rows and 453 columns.
MIP Presolve modified 1 coefficients.
Reduced MIP has 243 rows, 255 columns, and 837 nonzeros.
Reduced MIP has 131 binaries, 0 generals, 0 SOSs, and 0 indicators.
Presolve time = 0.02 sec. (1.17 ticks)
Probing changed sense of 11 constraints.
Probing time = 0.00 sec. (0.30 ticks)
Tried aggregator 1 time.
MIP Presolve eliminated 11 rows and 11 columns.
Reduced MIP has 232 rows, 244 columns, and 815 nonzeros.
Reduced MIP has 120 binaries, 0 generals, 0 SOSs, and 0 indicators.
Presolve time = 0.00 sec. (0.59 ticks)
Probing time = 0.00 sec. (0.29 ticks)
Tried aggregator 1 time.
Reduced MIP has 232 rows, 244 columns, and 815 nonzeros.
Reduced MIP has 120 binaries, 0 generals, 0 SOSs, and 0 indicators.
Presolve time = 0.00 sec. (0.56 ticks)
Represolve time = 0.02 sec. (4.17 ticks)
Probing time = 0.00 sec. (0.29 ticks)
Clique table members: 93.
MIP emphasis: balance optimality and feasibility.
MIP search method: dynamic search.
Parallel mode: deterministic, using up to 4 threads.
Root relaxation solution time = 0.00 sec. (2.11 ticks)

        Nodes                                         Cuts/
   Node  Left     Objective  IInf  Best Integer    Best Bound    ItCnt     Gap

*     0+    0                         3307.0000     3265.0000             1.27%
      0     0     3245.0000     5     3307.0000     3265.0000     1375    1.27%
*     0+    0                         3292.0000     3265.0000             0.82%
      0     0     3254.1667    16     3292.0000      Cuts: 50     1469    0.82%
      0     0     3265.0000    13     3292.0000      Cuts: 40     1520    0.82%
      0     0     3267.9330    16     3292.0000      Cuts: 38     1649    0.73%
      0     0     3273.0739    19     3292.0000      Cuts: 49     1683    0.57%

Repeating presolve.
Tried aggregator 1 time.
MIP Presolve eliminated 113 rows and 77 columns.
Reduced MIP has 119 rows, 167 columns, and 466 nonzeros.
Reduced MIP has 73 binaries, 0 generals, 0 SOSs, and 0 indicators.
Presolve time = 0.00 sec. (0.42 ticks)
Probing changed sense of 2 constraints.
Probing time = 0.02 sec. (0.22 ticks)
Tried aggregator 1 time.
MIP Presolve eliminated 2 rows and 2 columns.
Reduced MIP has 117 rows, 165 columns, and 462 nonzeros.
Reduced MIP has 71 binaries, 0 generals, 0 SOSs, and 0 indicators.
Presolve time = 0.00 sec. (0.32 ticks)
Probing time = 0.00 sec. (0.22 ticks)
Tried aggregator 1 time.
Reduced MIP has 117 rows, 165 columns, and 462 nonzeros.
Reduced MIP has 71 binaries, 0 generals, 0 SOSs, and 0 indicators.
Presolve time = 0.00 sec. (0.31 ticks)
Represolve time = 0.02 sec. (2.25 ticks)
Probing time = 0.00 sec. (0.22 ticks)
Clique table members: 34.
MIP emphasis: balance optimality and feasibility.
MIP search method: dynamic search.
Parallel mode: deterministic, using up to 4 threads.
Root relaxation solution time = 0.00 sec. (1.39 ticks)

        Nodes                                         Cuts/
   Node  Left     Objective  IInf  Best Integer    Best Bound    ItCnt     Gap

*     0+    0                         3292.0000     3273.0739             0.57%
      0     0     3272.2998    25     3292.0000     3273.0739     1807    0.57%
      0     0     3282.0000     3     3292.0000      Cuts: 18     1854    0.30%
      0     0     3282.9566    19     3292.0000      Cuts: 29     1902    0.27%
      0     0     3283.5431    20     3292.0000      Cuts: 56     1951    0.26%
      0     0     3284.8145    17     3292.0000      Cuts: 21     1985    0.22%
      0     0     3287.0000     4     3292.0000      Cuts: 32     1999    0.15%
      0     0     3287.5000    11     3292.0000      Cuts: 13     2030    0.14%
      0     0        cutoff           3292.0000                   2033    0.00%
Elapsed time = 0.41 sec. (204.38 ticks, tree = 0.01 MB, solutions = 5)

Cover cuts applied:  1
Implied bound cuts applied:  2
Flow cuts applied:  35
Mixed integer rounding cuts applied:  23
Zero-half cuts applied:  7
Lift and project cuts applied:  5
Gomory fractional cuts applied:  2

Root node processing (before b&c):
  Real time             =    0.41 sec. (204.42 ticks)
Parallel b&c, 4 threads:
  Real time             =    0.00 sec. (0.00 ticks)
  Sync time (average)   =    0.00 sec.
  Wait time (average)   =    0.00 sec.
                          ------------
Total (root+branch&cut) =    0.41 sec. (204.42 ticks)
