Tried aggregator 1 time.
MIP Presolve eliminated 200 rows and 100 columns.
MIP Presolve modified 1 coefficients.
Reduced MIP has 1504 rows, 1201 columns, and 4902 nonzeros.
Reduced MIP has 501 binaries, 0 generals, 0 SOSs, and 0 indicators.
Presolve time = 0.02 sec. (2.77 ticks)
Probing fixed 1 vars, tightened 0 bounds.
Probing changed sense of 1 constraints.
Probing time = 0.02 sec. (2.33 ticks)
Tried aggregator 1 time.
MIP Presolve eliminated 101 rows and 101 columns.
MIP Presolve modified 101 coefficients.
Reduced MIP has 1403 rows, 1100 columns, and 4500 nonzeros.
Reduced MIP has 500 binaries, 0 generals, 0 SOSs, and 0 indicators.
Presolve time = 0.00 sec. (4.23 ticks)
Probing time = 0.00 sec. (1.17 ticks)
Clique table members: 701.
MIP emphasis: balance optimality and feasibility.
MIP search method: dynamic search.
Parallel mode: deterministic, using up to 4 threads.
Root relaxation solution time = 0.03 sec. (16.19 ticks)

        Nodes                                         Cuts/
   Node  Left     Objective  IInf  Best Integer    Best Bound    ItCnt     Gap

      0     0     1187.6667    20                   1187.6667      554         
      0     0     1206.0000     6                    Cuts: 10      697         
      0     0     1210.1961    16                    Cuts: 15      785         
      0     0     1212.8182    22                    Cuts: 11      821         
      0     0     1221.0000     2                    Cuts: 16      889         
      0     0     1224.1316    10                     Cuts: 5     1037         
*     0+    0                         1245.0000     1224.1316             1.68%

Repeating presolve.
Tried aggregator 1 time.
MIP Presolve eliminated 1235 rows and 936 columns.
Reduced MIP has 168 rows, 164 columns, and 554 nonzeros.
Reduced MIP has 94 binaries, 0 generals, 0 SOSs, and 0 indicators.
Presolve time = 0.02 sec. (1.53 ticks)
Probing fixed 11 vars, tightened 8 bounds.
Probing changed sense of 14 constraints.
Probing time = 0.00 sec. (0.16 ticks)
Tried aggregator 2 times.
MIP Presolve eliminated 52 rows and 45 columns.
MIP Presolve modified 6 coefficients.
Aggregator did 6 substitutions.
Reduced MIP has 110 rows, 113 columns, and 381 nonzeros.
Reduced MIP has 57 binaries, 0 generals, 0 SOSs, and 0 indicators.
Presolve time = 0.00 sec. (0.49 ticks)
Probing time = 0.00 sec. (0.09 ticks)
Tried aggregator 1 time.
Reduced MIP has 110 rows, 113 columns, and 381 nonzeros.
Reduced MIP has 57 binaries, 0 generals, 0 SOSs, and 0 indicators.
Presolve time = 0.00 sec. (0.24 ticks)
Represolve time = 0.02 sec. (3.35 ticks)
Probing time = 0.00 sec. (0.09 ticks)
Clique table members: 49.
MIP emphasis: balance optimality and feasibility.
MIP search method: dynamic search.
Parallel mode: deterministic, using up to 4 threads.
Root relaxation solution time = 0.00 sec. (0.40 ticks)

        Nodes                                         Cuts/
   Node  Left     Objective  IInf  Best Integer    Best Bound    ItCnt     Gap

*     0+    0                         1245.0000     1224.1316             1.68%
      0     0     1224.1316    12     1245.0000     1224.1316     1072    1.68%
*     0+    0                         1235.0000     1224.1316             0.88%
      0     0     1230.0000     4     1235.0000      Cuts: 21     1090    0.38%
      0     0        cutoff           1235.0000                   1100    0.00%
Elapsed time = 0.28 sec. (108.43 ticks, tree = 0.01 MB, solutions = 2)

Cover cuts applied:  1
Flow cuts applied:  5
Mixed integer rounding cuts applied:  6
Zero-half cuts applied:  6
Lift and project cuts applied:  1
Gomory fractional cuts applied:  2

Root node processing (before b&c):
  Real time             =    0.28 sec. (108.48 ticks)
Parallel b&c, 4 threads:
  Real time             =    0.00 sec. (0.00 ticks)
  Sync time (average)   =    0.00 sec.
  Wait time (average)   =    0.00 sec.
                          ------------
Total (root+branch&cut) =    0.28 sec. (108.48 ticks)
