Tried aggregator 1 time.
MIP Presolve eliminated 400 rows and 200 columns.
MIP Presolve modified 1 coefficients.
Reduced MIP has 3800 rows, 2998 columns, and 12389 nonzeros.
Reduced MIP has 1200 binaries, 0 generals, 0 SOSs, and 0 indicators.
Presolve time = 0.02 sec. (7.28 ticks)
Probing fixed 1 vars, tightened 0 bounds.
Probing changed sense of 1 constraints.
Probing time = 0.00 sec. (2.32 ticks)
Tried aggregator 1 time.
MIP Presolve eliminated 201 rows and 201 columns.
MIP Presolve modified 201 coefficients.
Reduced MIP has 3599 rows, 2797 columns, and 11587 nonzeros.
Reduced MIP has 1199 binaries, 0 generals, 0 SOSs, and 0 indicators.
Presolve time = 0.00 sec. (11.59 ticks)
Probing time = 0.00 sec. (1.45 ticks)
Clique table members: 1799.
MIP emphasis: balance optimality and feasibility.
MIP search method: dynamic search.
Parallel mode: deterministic, using up to 4 threads.
Root relaxation solution time = 0.05 sec. (29.18 ticks)

        Nodes                                         Cuts/
   Node  Left     Objective  IInf  Best Integer    Best Bound    ItCnt     Gap

      0     0     6275.0000    52                   6275.0000      676         
      0     0     6296.1986    29                    Cuts: 31     1277         
      0     0     6390.1709    18                    Cuts: 64     2296         
      0     0     6458.8083    22                    Cuts: 44     2882         
      0     0     6460.4750    23                    Cuts: 51     3318         
      0     0     6463.8968    32                    Cuts: 25     3480         
      0     0     6474.2696    25                    Cuts: 24     3687         
      0     0     6509.6177    27                    Cuts: 19     4020         
      0     0     6527.1574    30                    Cuts: 49     4655         
      0     0     6531.7230    37                    Cuts: 45     4816         
      0     0     6548.5681    25                    Cuts: 25     5254         
      0     0     6549.1575    31                    Cuts: 43     5391         
      0     0     6561.1257    29                    Cuts: 19     5761         
      0     0     6561.2364    32                    Cuts: 36     5869         
*     0+    0                        48145.0000     6561.2364            86.37%
      0     2     6561.2364    31    48145.0000     6561.2364     5869   86.37%
Elapsed time = 4.53 sec. (2551.30 ticks, tree = 0.01 MB, solutions = 1)
     11    13     6631.0909     6    48145.0000     6561.7393     8891   86.37%
*    15+    3                         6805.0000     6561.7393             3.57%
     59    45     6588.0363    27     6805.0000     6566.6849    15685    3.50%
    140    90     6589.3400     7     6805.0000     6578.4299    21517    3.33%
    243   152     6688.8525    16     6805.0000     6578.4299    27953    3.33%
    348   222     6683.0000     5     6805.0000     6578.4299    36603    3.33%
    463   313     6610.6310    19     6805.0000     6578.6571    42552    3.33%
    615   461     6762.1717     5     6805.0000     6583.6828    52400    3.25%
    744   540     6698.0303     3     6805.0000     6588.0702    59451    3.19%
    960   741     6666.5488    20     6805.0000     6589.3443    68696    3.17%
*  1307+  742                         6748.0000     6591.8655             2.31%
*  1307+  494                         6741.0000     6614.9111             1.87%
   1307   495     6615.1440    72     6741.0000     6615.1440    84173    1.87%
Elapsed time = 12.53 sec. (7105.91 ticks, tree = 21.03 MB, solutions = 6)
   1999   474     6694.2519    21     6741.0000     6629.0149   106156    1.66%
*  3353  1549      integral     0     6721.0000     6639.5542   137546    1.21%
*  3464+ 1540                         6705.0000     6639.6279             0.97%
   3582  1336     6666.0000    21     6705.0000     6640.6442   149489    0.96%
   5034  2142     6679.9242     8     6705.0000     6644.0000   198692    0.91%
   6142  2656     6683.5223    10     6705.0000     6646.8781   245839    0.87%
   7611  3620     6694.3939     4     6705.0000     6651.0000   288832    0.81%
   9024  4277     6698.0000    16     6705.0000     6652.6200   326611    0.78%
  10730  5118     6686.1394    10     6705.0000     6654.7500   369479    0.75%
  11757  5610     6687.8079    14     6705.0000     6657.0000   432302    0.72%
  13143  5945     6688.2121    10     6705.0000     6657.7007   489430    0.71%
  14457  6485        cutoff           6705.0000     6659.6894   552495    0.68%
Elapsed time = 29.78 sec. (16656.26 ticks, tree = 18.85 MB, solutions = 8)
  16152  7070        cutoff           6705.0000     6661.1200   614869    0.65%
  17510  7392        cutoff           6705.0000     6663.0000   666537    0.63%
  18781  7597        cutoff           6705.0000     6665.0400   722214    0.60%
  20665  8169        cutoff           6705.0000     6667.0000   781988    0.57%
  22166  8361     6693.0000     6     6705.0000     6669.8016   835862    0.52%
  23432  8481     6702.8586    14     6705.0000     6671.8403   916582    0.49%
  24648  8404        cutoff           6705.0000     6673.1574   979274    0.47%
  25784  8278     6682.4458    15     6705.0000     6675.5533  1052574    0.44%
  26724  8426        cutoff           6705.0000     6675.7768  1083176    0.44%
  27252  8389     6619.0562    48     6705.0000     6677.7273  1114955    0.41%
Elapsed time = 48.72 sec. (26433.29 ticks, tree = 23.81 MB, solutions = 8)
  27812   225     6673.7603    11     6705.0000     6677.7273  1131304    0.41%
  29432  1107     6670.4612    21     6705.0000     6677.7273  1181930    0.41%
  31175  2069     6673.2210    11     6705.0000     6677.7273  1251337    0.41%
  33171  2927     6690.9798     2     6705.0000     6677.7273  1322790    0.41%
  35228  3438        cutoff           6705.0000     6677.7273  1405860    0.41%
  37002  3663     6701.4647     9     6705.0000     6677.7273  1473503    0.41%
  39095  3822     6690.7164    12     6705.0000     6677.7273  1542051    0.41%
  41495  3758     6688.9173    16     6705.0000     6682.4124  1618742    0.34%
  43884  3243        cutoff           6705.0000     6688.9583  1680590    0.24%
  46413  3063        cutoff           6705.0000     6693.0000  1756801    0.18%
Elapsed time = 65.11 sec. (35977.16 ticks, tree = 1.88 MB, solutions = 8)
  49206  1816        cutoff           6705.0000     6698.7078  1825049    0.09%

GUB cover cuts applied:  21
Cover cuts applied:  32
Flow cuts applied:  131
Mixed integer rounding cuts applied:  96
Zero-half cuts applied:  24
Lift and project cuts applied:  65
Gomory fractional cuts applied:  6

Root node processing (before b&c):
  Real time             =    4.53 sec. (2542.87 ticks)
Parallel b&c, 4 threads:
  Real time             =   66.14 sec. (35029.28 ticks)
  Sync time (average)   =    3.73 sec.
  Wait time (average)   =    0.02 sec.
                          ------------
Total (root+branch&cut) =   70.67 sec. (37572.16 ticks)
