Tried aggregator 1 time.
MIP Presolve eliminated 600 rows and 300 columns.
MIP Presolve modified 1 coefficients.
Reduced MIP has 12904 rows, 9901 columns, and 42002 nonzeros.
Reduced MIP has 3601 binaries, 0 generals, 0 SOSs, and 0 indicators.
Presolve time = 0.05 sec. (25.11 ticks)
Probing fixed 1 vars, tightened 0 bounds.
Probing changed sense of 1 constraints.
Probing time = 0.02 sec. (5.95 ticks)
Tried aggregator 1 time.
MIP Presolve eliminated 301 rows and 301 columns.
MIP Presolve modified 301 coefficients.
Reduced MIP has 12603 rows, 9600 columns, and 40800 nonzeros.
Reduced MIP has 3600 binaries, 0 generals, 0 SOSs, and 0 indicators.
Presolve time = 0.13 sec. (40.29 ticks)
Probing time = 0.03 sec. (4.10 ticks)
Clique table members: 6301.
MIP emphasis: balance optimality and feasibility.
MIP search method: dynamic search.
Parallel mode: deterministic, using up to 4 threads.
Root relaxation solution time = 1.53 sec. (435.75 ticks)

        Nodes                                         Cuts/
   Node  Left     Objective  IInf  Best Integer    Best Bound    ItCnt     Gap

      0     0     1295.7500    59                   1295.7500     4080         
      0     0     1295.7500    43                    Cuts: 11     4848         
      0     0     1303.8919    25                    Cuts: 74     6629         
      0     0     1304.0073    35                    Cuts: 43     8293         
      0     0     1305.0000     7                    Cuts: 31    10053         
      0     0     1305.9076     7                    Cuts: 13    13221         
      0     0     1305.9076     9                     Cuts: 9    14214         
      0     0     1307.0000    17                     Cuts: 4    15366         
      0     0     1307.0000    16                    Cuts: 62    19556         
*     0+    0                        28151.0000     1307.7768            95.35%
*     0+    0                         1774.0000     1308.8512            26.22%

Repeating presolve.
Tried aggregator 1 time.
MIP Presolve eliminated 5948 rows and 4461 columns.
Reduced MIP has 6655 rows, 5139 columns, and 21469 nonzeros.
Reduced MIP has 2113 binaries, 0 generals, 0 SOSs, and 0 indicators.
Presolve time = 0.03 sec. (19.50 ticks)
Probing time = 0.00 sec. (2.34 ticks)
Tried aggregator 1 time.
Reduced MIP has 6655 rows, 5139 columns, and 21469 nonzeros.
Reduced MIP has 2113 binaries, 0 generals, 0 SOSs, and 0 indicators.
Presolve time = 0.02 sec. (14.17 ticks)
Represolve time = 0.08 sec. (48.84 ticks)
Probing time = 0.00 sec. (2.34 ticks)
Clique table members: 3327.
MIP emphasis: balance optimality and feasibility.
MIP search method: dynamic search.
Parallel mode: deterministic, using up to 4 threads.
Root relaxation solution time = 0.61 sec. (335.71 ticks)

        Nodes                                         Cuts/
   Node  Left     Objective  IInf  Best Integer    Best Bound    ItCnt     Gap

*     0+    0                         1774.0000     1308.8512            26.22%
      0     0     1307.0000    15     1774.0000     1308.8512    23671   26.22%
*     0+    0                         1392.0000     1308.8512             5.97%
      0     0     1310.0536    28     1392.0000      Cuts: 11    24424    5.89%
      0     0     1312.0000    15     1392.0000      Cuts: 26    24737    5.75%
      0     0     1312.3250    36     1392.0000       Cuts: 6    24762    5.72%
*     0+    0                         1377.0000     1312.3250             4.70%
*     0+    0                         1357.0000     1312.3250             3.29%
*     0+    0                         1335.0000     1312.3250             1.70%
      0     0     1312.3333    21     1335.0000      Cuts: 24    24798    1.70%
      0     0     1312.3333    23     1335.0000       Cuts: 4    24855    1.70%
      0     0     1312.3884    64     1335.0000      Cuts: 25    24988    1.69%
      0     2     1312.3884    60     1335.0000     1312.4416    24988    1.69%
Elapsed time = 21.63 sec. (9080.89 ticks, tree = 0.01 MB, solutions = 6)
    175   109     1313.3441    20     1335.0000     1313.0000    28910    1.65%
    477   262     1318.2034    11     1335.0000     1313.3729    36043    1.62%
    822   421        cutoff           1335.0000     1314.3333    42427    1.55%
   1149   621     1318.0487    25     1335.0000     1314.5043    51004    1.54%
   1450   753     1321.5266    19     1335.0000     1315.0000    59966    1.50%
   1813   796     1324.7395    19     1335.0000     1315.4248    70317    1.47%
   2162   899     1326.5247    62     1335.0000     1315.7087    81492    1.45%
   2496   935     1329.2671    46     1335.0000     1316.5085    89547    1.39%
   2854   968     1330.1816    35     1335.0000     1317.1500    98127    1.34%
   4464  1172     1325.3051     2     1335.0000     1321.4694   128492    1.01%
Elapsed time = 27.38 sec. (12185.70 ticks, tree = 3.64 MB, solutions = 6)
   4810    12     1329.1008    26     1335.0000     1322.0311   137006    0.97%

GUB cover cuts applied:  12
Cover cuts applied:  6
Flow cuts applied:  66
Mixed integer rounding cuts applied:  20
Zero-half cuts applied:  2
Lift and project cuts applied:  5
Gomory fractional cuts applied:  4

Root node processing (before b&c):
  Real time             =   21.63 sec. (9073.96 ticks)
Parallel b&c, 4 threads:
  Real time             =    8.20 sec. (4473.66 ticks)
  Sync time (average)   =    0.54 sec.
  Wait time (average)   =    0.00 sec.
                          ------------
Total (root+branch&cut) =   29.83 sec. (13547.62 ticks)
