Tried aggregator 1 time.
MIP Presolve eliminated 600 rows and 300 columns.
MIP Presolve modified 1 coefficients.
Reduced MIP has 12904 rows, 9901 columns, and 42002 nonzeros.
Reduced MIP has 3601 binaries, 0 generals, 0 SOSs, and 0 indicators.
Presolve time = 0.05 sec. (25.11 ticks)
Probing fixed 1 vars, tightened 0 bounds.
Probing changed sense of 1 constraints.
Probing time = 0.02 sec. (5.95 ticks)
Tried aggregator 1 time.
MIP Presolve eliminated 301 rows and 301 columns.
MIP Presolve modified 301 coefficients.
Reduced MIP has 12603 rows, 9600 columns, and 40800 nonzeros.
Reduced MIP has 3600 binaries, 0 generals, 0 SOSs, and 0 indicators.
Presolve time = 0.06 sec. (40.29 ticks)
Probing time = 0.02 sec. (4.10 ticks)
Clique table members: 6301.
MIP emphasis: balance optimality and feasibility.
MIP search method: dynamic search.
Parallel mode: deterministic, using up to 4 threads.
Root relaxation solution time = 0.14 sec. (83.40 ticks)

        Nodes                                         Cuts/
   Node  Left     Objective  IInf  Best Integer    Best Bound    ItCnt     Gap

      0     0     4454.0000   113                   4454.0000     1628         
      0     0     4456.0000    30                    Cuts: 18     2274         
      0     0     4465.2500    46                   Cuts: 101     6143         
      0     0     4474.9026    44                   Cuts: 106    11029         
      0     0     4475.6667    56                    Cuts: 85    14676         
      0     0     4475.6667    40                   Cuts: 120    20196         
      0     0     4475.6667    28                    Cuts: 72    27168         
      0     0     4475.6667    31                    Cuts: 28    30777         
      0     0     4475.6667    35                    Cuts: 10    34996         
      0     2     4475.6667     6                   4490.8833    34996         
Elapsed time = 28.66 sec. (10461.00 ticks, tree = 0.01 MB, solutions = 0)
      1     3     4477.4765     5                   4490.8833    39165         
      3     4     4477.4765     4                   4490.8833    39166         
      7     6     4491.1866    11                   4490.8833    42729         
     13    12     4491.3333    26                   4490.8833    58022         
     17    15     4495.0000    22                   4490.8833    61359         
     21    13     4492.1141    12                   4490.8833    65886         
     27    18     4508.6644     3                   4490.8833    70567         
     30    19     4511.1678     4                   4490.8833    73086         
     37    32     4511.4676    11                   4490.8833    92091         
     51    47     4498.2081     4                   4490.8833   119971         
Elapsed time = 38.03 sec. (14507.59 ticks, tree = 1.39 MB, solutions = 0)
     89    72     4575.4058    18                   4490.8833   132723         
    131   114     4679.7785    21                   4490.8833   157954         
    176   142     4569.4708    17                   4490.8833   179950         
    223   208     4560.1571     8                   4490.8833   214852         
    279   246     4870.4564     3                   4490.8833   238106         
    328   310     4713.6252    18                   4490.8833   258665         
    369   312     4602.2312    11                   4490.8833   277632         
    436   389     5545.9530     9                   4490.8833   290791         
    492   452     5936.0972    10                   4490.8833   323865         
    531   498     5945.8425    15                   4490.8833   356879         
Elapsed time = 59.20 sec. (24470.16 ticks, tree = 4.97 MB, solutions = 0)
    558   543     6023.7651     3                   4490.8833   390395         
    597   561     5062.2282     3                   4490.8833   403595         
    617   595     5070.6107     4                   4490.8833   436766         
    654   622     4868.2752     8                   4490.8833   459261         
    671   639     5317.6207    14                   4490.8833   476190         
    708   666     4966.1611     4                   4490.8833   498856         
    736   704     5139.8926     3                   4490.8833   532754         
    759   710     5278.4497     3                   4490.8833   539178         
    777   736     6389.5458    14                   4490.8833   564433         
    795   772     6305.2639     8                   4490.8833   603262         
Elapsed time = 82.52 sec. (34411.80 ticks, tree = 7.97 MB, solutions = 1)
*   797   785      integral     0     5473.0000     4490.8833   621566   17.94%
    841   801     5514.5168     3     5473.0000     4490.8833   635414   17.94%
    868   707     4491.0000    55     5473.0000     4491.0000   645358   17.94%
    881   729     4510.6107     3     5473.0000     4491.0000   701696   17.94%
    914   732     4494.0396    17     5473.0000     4491.0000   708038   17.94%
    967   783     4503.9128     4     5473.0000     4491.0000   757269   17.94%
   1005   798     4508.3423     4     5473.0000     4491.0000   764118   17.94%
   1028   872     4535.4651    17     5473.0000     4491.0000   805081   17.94%
   1047   887     4681.3552    12     5473.0000     4491.0000   831155   17.94%
   1056   911     4575.7489    15     5473.0000     4491.0000   844583   17.94%
   1073   919     4702.1409     9     5473.0000     4491.0000   866567   17.94%
Elapsed time = 103.95 sec. (44647.32 ticks, tree = 10.43 MB, solutions = 1)
   1095   942     4520.6980     4     5473.0000     4491.0000   883440   17.94%
   1115   943     4529.4294     9     5473.0000     4491.0000   895339   17.94%
   1140   981     4533.4342    18     5473.0000     4491.0000   933846   17.94%
   1158  1012     4841.1611     3     5473.0000     4491.0000   966490   17.94%
   1180  1009     4649.1409     5     5473.0000     4491.0000   959859   17.94%
*  1187+  702                         4535.0000     4491.3701             0.96%
*  1187+  468                         4534.0000     4494.7545             0.87%
   1187   469     4497.4637    21     4534.0000     4497.4637  1044893    0.81%
   1771   470     4506.1000    12     4534.0000     4497.8426  1063134    0.80%
   3554  1796     4504.2170    10     4534.0000     4499.0000  1104409    0.77%
   5647  3408     4507.1623     8     4534.0000     4499.7919  1151722    0.75%
   7558  5093     4527.0268     6     4534.0000     4500.5410  1182321    0.74%
Elapsed time = 142.45 sec. (65620.63 ticks, tree = 17.87 MB, solutions = 3)
   9586  6530     4508.9678     9     4534.0000     4501.0000  1218118    0.73%
  11557  7938     4508.6763    10     4534.0000     4501.0000  1258183    0.73%
  13456  9243     4502.9642     7     4534.0000     4501.0000  1292348    0.73%
  15174 10687     4503.7096    21     4534.0000     4501.0000  1341938    0.73%
  17293 12153     4508.2516     7     4534.0000     4501.1911  1378896    0.72%
  19534 14219        cutoff           4534.0000     4501.6667  1431929    0.71%
  21832 15614     4515.8322     8     4534.0000     4501.7921  1470056    0.71%
  24049 17405     4523.9128     3     4534.0000     4502.0000  1533564    0.71%
  25195 18421     4529.3150     8     4534.0000     4502.0000  1583837    0.71%
  26259 19395     4499.8333    17     4534.0000     4502.0000  1627520    0.71%
Elapsed time = 161.59 sec. (76131.71 ticks, tree = 95.88 MB, solutions = 3)
  27049   573     4505.1278    15     4534.0000     4502.0000  1641206    0.71%
  28884  1855     4504.0000    17     4534.0000     4502.0000  1681770    0.71%
  30589  3236     4504.0000    11     4534.0000     4502.0000  1716167    0.71%
  32756  4818     4526.1534    12     4534.0000     4502.1946  1763049    0.70%
  34808  6226        cutoff           4534.0000     4502.8599  1811371    0.69%
  37226  7904     4525.8578     5     4534.0000     4503.6789  1858607    0.67%
  39365  9370     4522.9867    11     4534.0000     4504.0000  1927222    0.66%
  41649 10768     4507.5436     6     4534.0000     4504.0000  1987913    0.66%
  43511 12048     4523.5606    21     4534.0000     4504.0000  2045076    0.66%
  45661 13614     4522.1541    18     4534.0000     4504.3312  2097448    0.65%
Elapsed time = 178.02 sec. (85672.69 ticks, tree = 12.76 MB, solutions = 3)
  47614 14897     4514.3420    22     4534.0000     4504.6846  2140918    0.65%
  49120 16101     4521.3423    14     4534.0000     4504.9018  2189060    0.64%
  50415 16835     4518.5503    18     4534.0000     4505.0000  2242664    0.64%
  52268 18036     4524.9556    11     4534.0000     4505.1064  2292457    0.64%
  53934 19300        cutoff           4534.0000     4505.4865  2344839    0.63%
  55532 20519     4523.7392    10     4534.0000     4505.8193  2398131    0.62%
  57207 21426     4521.3677    11     4534.0000     4505.9184  2447663    0.62%
  59257 22681     4521.5224    15     4534.0000     4506.1946  2504701    0.61%
  60998 23863     4531.5570     2     4534.0000     4506.4017  2559673    0.61%
  62825 24852     4525.0484    12     4534.0000     4506.6667  2602418    0.60%
Elapsed time = 194.74 sec. (95217.42 ticks, tree = 22.92 MB, solutions = 3)
  64526 25838     4519.1901    23     4534.0000     4507.0000  2659019    0.60%
  66188 26884     4521.0000    17     4534.0000     4507.2590  2720858    0.59%
  67987 27818     4527.4765    20     4534.0000     4507.4528  2766585    0.59%
  69425 29018        cutoff           4534.0000     4507.7744  2817749    0.58%
  70979 29735     4531.1256     5     4534.0000     4507.9732  2874040    0.57%
  72445 30688        cutoff           4534.0000     4508.0000  2937434    0.57%
  74130 31458     4514.6118    13     4534.0000     4508.2667  2978424    0.57%
  75461 32432     4518.7541    19     4534.0000     4508.5668  3043606    0.56%
  76953 33250     4525.9154    12     4534.0000     4508.7684  3094140    0.56%
  78415 34076     4514.5617    10     4534.0000     4508.8859  3139565    0.55%
Elapsed time = 211.84 sec. (104761.36 ticks, tree = 32.23 MB, solutions = 3)
  79814 34999     4527.0000    11     4534.0000     4509.0060  3193639    0.55%
  81195 36038     4516.9028     8     4534.0000     4509.1693  3246148    0.55%
  82445 36582     4527.5618     9     4534.0000     4509.3678  3285704    0.54%
  83594 37165     4518.5200     6     4534.0000     4509.5025  3328246    0.54%
  84709 37892     4518.7838    12     4534.0000     4509.6986  3381201    0.54%
  85986 38680     4527.2678    11     4534.0000     4509.8629  3437630    0.53%
  87064 39087     4530.3109    12     4534.0000     4510.0000  3488525    0.53%
  88427 39884     4530.6133     7     4534.0000     4510.1250  3557168    0.53%
  89620 40525     4526.8997     9     4534.0000     4510.2590  3599917    0.52%
  94431 43045     4521.8322    22     4534.0000     4510.7033  3815084    0.51%
Elapsed time = 233.53 sec. (117163.73 ticks, tree = 39.98 MB, solutions = 3)
  99358 45294     4520.6118     9     4534.0000     4511.0000  4064348    0.51%
 104646 47656     4531.6137    21     4534.0000     4511.5532  4275208    0.50%
 110037 50123     4528.4109    13     4534.0000     4512.0000  4504451    0.49%
 115473 53062     4519.4938    21     4534.0000     4512.4294  4740210    0.48%
 120906 55317     4514.0403     8     4534.0000     4512.8982  4981873    0.47%
 126196 57762        cutoff           4534.0000     4513.3540  5205624    0.46%
 131408 59795        cutoff           4534.0000     4513.8000  5429054    0.45%
 136615 61806        cutoff           4534.0000     4514.0743  5679152    0.44%
 142064 63840     4523.8322     2     4534.0000     4514.4430  5894804    0.43%
 147477 66312     4526.5294    14     4534.0000     4514.8108  6141207    0.42%
Elapsed time = 307.02 sec. (155330.64 ticks, tree = 65.96 MB, solutions = 3)
 152508 68273     4532.3540     6     4534.0000     4515.0200  6380646    0.42%
 157789 70419        cutoff           4534.0000     4515.3333  6604186    0.41%
 162967 72951        cutoff           4534.0000     4515.6189  6847768    0.41%
 168225 75221        cutoff           4534.0000     4515.8978  7077373    0.40%
 173119 76744     4531.4695    16     4534.0000     4516.0500  7341167    0.40%
 178578 78871     4530.4732    19     4534.0000     4516.3792  7571450    0.39%
 183805 81129     4532.0000    16     4534.0000     4516.6774  7816986    0.38%
 188272 82386     4526.7571    15     4534.0000     4516.9701  8079257    0.38%
 193473 84071        cutoff           4534.0000     4517.1063  8304707    0.37%
 198462 86226     4530.2401     8     4534.0000     4517.3445  8561334    0.37%
Elapsed time = 375.58 sec. (193493.72 ticks, tree = 84.33 MB, solutions = 3)
 204193 87704     4530.1188    20     4534.0000     4517.5747  8761537    0.36%
 208897 89311     4530.4805    16     4534.0000     4517.8957  9031112    0.36%
 212714 90099     4530.6443     4     4534.0000     4518.0000  9289503    0.35%
 217805 91784     4531.1656    23     4534.0000     4518.1496  9523285    0.35%
 223254 93835        cutoff           4534.0000     4518.3642  9780401    0.34%
 228383 95710        cutoff           4534.0000     4518.6164 10015497    0.34%
 233324 97008     4532.0094     5     4534.0000     4518.8358 10267612    0.33%
 237401 97615     4522.4809    31     4534.0000     4519.0000 10529725    0.33%
 242103 98727     4527.4766    27     4534.0000     4519.1654 10791482    0.33%
 246692 100240     4524.7086    15     4534.0000     4519.3540 11020691    0.32%
Elapsed time = 448.28 sec. (231648.00 ticks, tree = 99.17 MB, solutions = 3)
 251623 101389     4524.0000    15     4534.0000     4519.5052 11209769    0.32%
 256907 102857     4527.9404     9     4534.0000     4519.7200 11456431    0.31%
 261151 103689        cutoff           4534.0000     4519.9344 11728328    0.31%
 265493 104123     4526.7353    20     4534.0000     4520.0000 11975303    0.31%
 270796 105699     4532.8676    12     4534.0000     4520.1851 12248299    0.30%
 275830 106869        cutoff           4534.0000     4520.4125 12475406    0.30%
 280808 107889     4526.2450     5     4534.0000     4520.6309 12689593    0.29%
 285269 108711        cutoff           4534.0000     4520.8447 12924332    0.29%
 289207 108651     4524.5660    16     4534.0000     4521.0000 13212358    0.29%
 294418 109616     4526.4448     8     4534.0000     4521.1442 13466552    0.28%
Elapsed time = 517.70 sec. (269804.93 ticks, tree = 109.35 MB, solutions = 3)
 299741 110819     4778.2086    17     4534.0000     4521.3546 13692809    0.28%
 305124 111820     4528.3147    18     4534.0000     4521.5800 13929956    0.27%
 310473 113011     4524.0000    21     4534.0000     4521.7608 14134405    0.27%
 314418 112787        cutoff           4534.0000     4521.9479 14440740    0.27%
 319119 113111     4530.7069    10     4534.0000     4522.0257 14663803    0.26%
 324417 113673     4527.2953    12     4534.0000     4522.2501 14906776    0.26%
 329765 114568     4531.0000    10     4534.0000     4522.4685 15115353    0.25%
 334955 115245        cutoff           4534.0000     4522.6663 15393510    0.25%
 339343 115130        cutoff           4534.0000     4522.8618 15670629    0.25%
 343263 114656        cutoff           4534.0000     4523.0000 15934804    0.24%
Elapsed time = 591.55 sec. (307958.49 ticks, tree = 114.23 MB, solutions = 3)
 347972 114666     4533.0000     7     4534.0000     4523.1120 16166078    0.24%
 352942 115091     4525.0805     9     4534.0000     4523.2857 16418316    0.24%
 358371 115322        cutoff           4534.0000     4523.4433 16619250    0.23%
 363453 115845        cutoff           4534.0000     4523.6574 16859333    0.23%
 367976 115413        cutoff           4534.0000     4523.8414 17149413    0.22%
 372100 114953        cutoff           4534.0000     4524.0000 17403754    0.22%
 376978 114745        cutoff           4534.0000     4524.0661 17633982    0.22%
 382704 114753        cutoff           4534.0000     4524.2480 17850216    0.22%
 388414 115130        cutoff           4534.0000     4524.4348 18130274    0.21%
 394015 115360     4528.7039    13     4534.0000     4524.6332 18309301    0.21%
Elapsed time = 659.19 sec. (346108.26 ticks, tree = 115.01 MB, solutions = 3)
 398490 114592        cutoff           4534.0000     4524.8344 18575585    0.20%
 402279 113461        cutoff           4534.0000     4525.0000 18852707    0.20%
 407924 113038        cutoff           4534.0000     4525.0134 19105147    0.20%
 413348 112783        cutoff           4534.0000     4525.2215 19377400    0.19%
 419458 112448        cutoff           4534.0000     4525.3960 19567434    0.19%
 424917 111952        cutoff           4534.0000     4525.5828 19820444    0.19%
 430205 111133        cutoff           4534.0000     4525.8168 20078121    0.18%
 432874 109469        cutoff           4534.0000     4525.9801 20385891    0.18%
 437994 109204        cutoff           4534.0000     4526.0000 20613072    0.18%
 443523 108007        cutoff           4534.0000     4526.0805 20853188    0.17%
Elapsed time = 727.00 sec. (384264.26 ticks, tree = 107.92 MB, solutions = 3)
 449047 106995     4533.0000     7     4534.0000     4526.2600 21127752    0.17%
 455426 105574        cutoff           4534.0000     4526.4976 21373013    0.17%
 460633 104793     4527.5511    21     4534.0000     4526.6935 21569448    0.16%
 464801 102748        cutoff           4534.0000     4526.8946 21842066    0.16%
 470756 101053        cutoff           4534.0000     4527.0000 22131698    0.15%
 476511 99561        cutoff           4534.0000     4527.0470 22367233    0.15%
 483187 98508     4527.7948     8     4534.0000     4527.2806 22563690    0.15%
 489567 96990        cutoff           4534.0000     4527.5000 22783545    0.14%
 494540 94815        cutoff           4534.0000     4527.7372 23035075    0.14%
 497774 92030        cutoff           4534.0000     4527.9516 23394876    0.13%
Elapsed time = 795.53 sec. (422424.44 ticks, tree = 93.51 MB, solutions = 3)
 504050 90193        cutoff           4534.0000     4528.0000 23602907    0.13%
 510473 87736        cutoff           4534.0000     4528.1155 23853490    0.13%
 517013 85855     4530.0537     5     4534.0000     4528.3431 24060644    0.12%
 523119 82950     4530.0000     6     4534.0000     4528.6213 24297792    0.12%
 527214 79529    infeasible           4534.0000     4528.8322 24614168    0.11%
 531964 77111        cutoff           4534.0000     4529.0000 24866859    0.11%
 538407 74711     4531.2736    12     4534.0000     4529.0000 25078824    0.11%
 545585 71408        cutoff           4534.0000     4529.2112 25310837    0.11%
 552533 67867        cutoff           4534.0000     4529.5318 25504246    0.10%
 557721 63933        cutoff           4534.0000     4529.7773 25776276    0.09%
Elapsed time = 866.75 sec. (460574.67 ticks, tree = 65.13 MB, solutions = 3)
 562932 60258        cutoff           4534.0000     4529.9613 26078825    0.09%
 570018 56856        cutoff           4534.0000     4530.0000 26296918    0.09%
 577331 53560     4530.7558    23     4534.0000     4530.2800 26470328    0.08%
 584645 48351        cutoff           4534.0000     4530.6354 26714805    0.07%
 589787 44700        cutoff           4534.0000     4530.8414 26930165    0.07%
 595907 39945     4532.0000     5     4534.0000     4531.0000 27209383    0.07%
 604041 34305        cutoff           4534.0000     4531.3208 27423290    0.06%
 612357 29000        cutoff           4534.0000     4531.7275 27578835    0.05%
 617964 23891        cutoff           4534.0000     4531.9066 27838717    0.05%
 623298 19049        cutoff           4534.0000     4532.0000 28112004    0.04%
Elapsed time = 959.61 sec. (498726.59 ticks, tree = 21.46 MB, solutions = 3)
 633302 10437        cutoff           4534.0000     4532.6667 28278400    0.03%
 640579  4347        cutoff           4534.0000     4532.9376 28495897    0.02%

GUB cover cuts applied:  50
Cover cuts applied:  74
Flow cuts applied:  205
Mixed integer rounding cuts applied:  237
Zero-half cuts applied:  9
Lift and project cuts applied:  104
Gomory fractional cuts applied:  14

Root node processing (before b&c):
  Real time             =   28.59 sec. (10448.56 ticks)
Parallel b&c, 4 threads:
  Real time             =  955.81 sec. (498581.81 ticks)
  Sync time (average)   =   41.29 sec.
  Wait time (average)   =    0.00 sec.
                          ------------
Total (root+branch&cut) =  984.41 sec. (509030.37 ticks)
