Tried aggregator 1 time.
MIP Presolve eliminated 800 rows and 400 columns.
MIP Presolve modified 1 coefficients.
Reduced MIP has 17204 rows, 13201 columns, and 56002 nonzeros.
Reduced MIP has 4801 binaries, 0 generals, 0 SOSs, and 0 indicators.
Presolve time = 0.05 sec. (33.35 ticks)
Probing fixed 1 vars, tightened 0 bounds.
Probing changed sense of 1 constraints.
Probing time = 0.14 sec. (9.62 ticks)
Tried aggregator 1 time.
MIP Presolve eliminated 401 rows and 401 columns.
MIP Presolve modified 401 coefficients.
Reduced MIP has 16803 rows, 12800 columns, and 54400 nonzeros.
Reduced MIP has 4800 binaries, 0 generals, 0 SOSs, and 0 indicators.
Presolve time = 0.08 sec. (54.46 ticks)
Probing time = 0.08 sec. (5.68 ticks)
Clique table members: 8401.
MIP emphasis: balance optimality and feasibility.
MIP search method: dynamic search.
Parallel mode: deterministic, using up to 4 threads.
Root relaxation solution time = 0.41 sec. (174.74 ticks)

        Nodes                                         Cuts/
   Node  Left     Objective  IInf  Best Integer    Best Bound    ItCnt     Gap

      0     0     1576.5000    94                   1576.5000     2111         
      0     0     1576.9630    56                     Cuts: 6     3263         
      0     0     1576.9630    45                   Cuts: 101     4284         
      0     0     1576.9630    52                    Cuts: 48     6624         
      0     0     1576.9630    28                 Flowcuts: 2     6626         
      0     0     1577.9537    20                 LiftProj: 1     6712         
      0     2     1577.9537    20                   1578.6027     6712         
Elapsed time = 10.23 sec. (3658.37 ticks, tree = 0.01 MB, solutions = 0)
      3     5     1578.6687    33                   1578.6027     8947         
      8    10     1586.7374    11                   1578.6027    12354         
     22    22     1586.8868    35                   1578.6027    17389         
     28    20     1588.0108    19                   1578.6027    25897         
     34    16     1589.2639    17                   1578.6027    19423         
     38    32     1587.5130    15                   1578.6027    34292         
     44    42     1584.8245    15                   1578.6027    47694         
     50    47     1637.1266     2                   1578.6027    49741         
     54    48     1594.8101     2                   1578.6027    56248         
     71    67     1618.1270    17                   1578.6027    82956         
Elapsed time = 19.63 sec. (7515.97 ticks, tree = 0.72 MB, solutions = 0)
     95    94     1693.1266     2                   1578.6027   107101         
    104   100     1702.1022     7                   1578.6027   120901         
    106   102     1644.3356    24                   1578.6027   132651         
    118   113     1711.7848     2                   1578.6027   153266         
    128   128     1721.0127     2                   1578.6027   177609         
    143   134     1733.9244     8                   1578.6027   205467         
    153   136     1730.1973     8                   1578.6027   211928         
    164   162     1763.6353    11                   1578.6027   254473         
    171   142     1588.0000     8                   1578.6027   219287         
    175   174     1859.5897     6                   1578.6027   272190         
Elapsed time = 49.80 sec. (19215.70 ticks, tree = 6.19 MB, solutions = 0)
    205   187     1866.7007    16                   1578.6027   278617         
    223   196     1865.2961    16                   1578.6027   298617         
*   225   195      integral     0     1867.0000     1578.6027   300764   15.45%
    248   210        cutoff           1867.0000     1578.6027   327401   15.45%
    273   201     1599.3283    22     1867.0000     1578.6027   314489   15.45%
    302   246     1581.5676    49     1867.0000     1578.6027   384737   15.45%
    317   224     1593.0000     7     1867.0000     1578.6027   369720   15.45%
    337   267     1589.4667    16     1867.0000     1578.6027   421308   15.45%
    357   253     1597.4430    12     1867.0000     1578.6027   403080   15.45%
    384   289     1608.3346    16     1867.0000     1578.6027   449166   15.45%
    433   291     1616.6076     9     1867.0000     1578.6027   460826   15.45%
Elapsed time = 75.78 sec. (29755.75 ticks, tree = 9.39 MB, solutions = 1)
    480   353     1624.7903     8     1867.0000     1578.6027   506498   15.45%
    519   436     1606.1476    40     1867.0000     1578.6027   535299   15.45%
    595   349    infeasible           1867.0000     1578.6027   501974   15.45%
    647   475     1820.0127    21     1867.0000     1579.7492   562369   15.39%
    693   556     1599.1266     2     1867.0000     1579.7492   588071   15.39%
    798   573     1620.0840     7     1867.0000     1579.7492   592541   15.39%
    846   704     1592.6707    14     1867.0000     1580.6822   619002   15.34%
    875   720     1597.5374     7     1867.0000     1581.0453   622776   15.32%
    919   581     1629.7342     7     1867.0000     1581.0453   613933   15.32%
    982   833     1627.6568    28     1867.0000     1581.0453   652400   15.32%
Elapsed time = 99.63 sec. (39521.13 ticks, tree = 12.69 MB, solutions = 1)
   1032   865     1752.6203     3     1867.0000     1581.0453   655828   15.32%
   1102   926     1781.3330    11     1867.0000     1581.0453   684089   15.32%
   1186   991     1649.3893    30     1867.0000     1581.0453   708433   15.32%
   1266  1042     1586.0000    13     1867.0000     1581.0453   712098   15.32%
   1297  1057     1586.0000    18     1867.0000     1581.0453   714846   15.32%
*  1298+  781                         1620.0000     1581.0453             2.40%
   1298   782     1591.7922    56     1620.0000     1591.7922   751803    1.74%
   3374  1243     1601.7407     6     1620.0000     1598.4000   790952    1.33%
   5690  2359        cutoff           1620.0000     1600.0000   853690    1.23%
   8107  3126     1614.1772    12     1620.0000     1602.0000   920544    1.11%
  10404  3735        cutoff           1620.0000     1603.2545  1000607    1.03%
Elapsed time = 126.72 sec. (52930.55 ticks, tree = 2.96 MB, solutions = 2)
  13039  4573     1607.4273     3     1620.0000     1605.0000  1081752    0.93%
  15621  5204     1611.8000    12     1620.0000     1605.8354  1159649    0.87%
  18108  5429     1611.7218    29     1620.0000     1606.7381  1229879    0.82%
  20560  5718     1613.0718    26     1620.0000     1607.9845  1302796    0.74%
  23353  5827     1618.2177     7     1620.0000     1609.0000  1402293    0.68%
  25593  5785     1616.1392     2     1620.0000     1610.0000  1475965    0.62%
  25961  5864     1593.8765    62     1620.0000     1610.2888  1496630    0.60%
  27338   658     1609.0000    11     1620.0000     1610.2888  1519407    0.60%
  30713  2447        cutoff           1620.0000     1610.2888  1584073    0.60%
  33887  3484     1616.0000     7     1620.0000     1610.2888  1677644    0.60%
Elapsed time = 146.84 sec. (62567.73 ticks, tree = 2.96 MB, solutions = 2)
  37514  4381     1609.0253     2     1620.0000     1610.2888  1767442    0.60%
  40587  4948     1611.0000     7     1620.0000     1610.2888  1850090    0.60%
  44596  5575     1618.0759     2     1620.0000     1610.2888  1942313    0.60%
  48207  5416        cutoff           1620.0000     1610.2888  2043724    0.60%
  51607  5374        cutoff           1620.0000     1611.4872  2142240    0.53%
  55225  4551        cutoff           1620.0000     1613.0000  2253975    0.43%
  59640  3930     1617.4168    44     1620.0000     1615.2848  2354751    0.29%
  64825   770        cutoff           1620.0000     1618.5280  2461821    0.09%

GUB cover cuts applied:  13
Cover cuts applied:  33
Flow cuts applied:  101
Mixed integer rounding cuts applied:  18
Zero-half cuts applied:  11
Lift and project cuts applied:  5
Gomory fractional cuts applied:  9

Root node processing (before b&c):
  Real time             =   10.17 sec. (3640.04 ticks)
Parallel b&c, 4 threads:
  Real time             =  155.03 sec. (66674.29 ticks)
  Sync time (average)   =    8.11 sec.
  Wait time (average)   =    0.01 sec.
                          ------------
Total (root+branch&cut) =  165.20 sec. (70314.33 ticks)
