Tried aggregator 1 time.
MIP Presolve eliminated 800 rows and 400 columns.
MIP Presolve modified 1 coefficients.
Reduced MIP has 17204 rows, 13201 columns, and 56002 nonzeros.
Reduced MIP has 4801 binaries, 0 generals, 0 SOSs, and 0 indicators.
Presolve time = 0.08 sec. (33.35 ticks)
Probing fixed 1 vars, tightened 0 bounds.
Probing changed sense of 1 constraints.
Probing time = 0.27 sec. (9.62 ticks)
Tried aggregator 1 time.
MIP Presolve eliminated 401 rows and 401 columns.
MIP Presolve modified 401 coefficients.
Reduced MIP has 16803 rows, 12800 columns, and 54400 nonzeros.
Reduced MIP has 4800 binaries, 0 generals, 0 SOSs, and 0 indicators.
Presolve time = 0.09 sec. (54.46 ticks)
Probing time = 0.02 sec. (5.68 ticks)
Clique table members: 8401.
MIP emphasis: balance optimality and feasibility.
MIP search method: dynamic search.
Parallel mode: deterministic, using up to 4 threads.
Root relaxation solution time = 1.14 sec. (465.64 ticks)

        Nodes                                         Cuts/
   Node  Left     Objective  IInf  Best Integer    Best Bound    ItCnt     Gap

      0     0     5605.0000   111                   5605.0000     4832         
      0     0     5625.9913    76                    Cuts: 34    11573         
      0     0     5637.0114    64                   Cuts: 207    16946         
      0     0     5640.4378    39                    Cuts: 93    23777         
      0     0     5648.0351    33                    Cuts: 43    29398         
      0     0     5665.6464    28                    Cuts: 44    32251         
      0     0     5678.1713    25                    Cuts: 20    36583         
      0     0     5695.9986    28                    Cuts: 39    38994         
      0     0     5704.6592    29                    Cuts: 17    40877         
      0     0     5707.2547    26                    Cuts: 33    42268         
      0     0     5710.8276    28                    Cuts: 26    46650         
      0     0     5712.3721    26                    Cuts: 34    46999         
      0     0     5712.4273    26                    Cuts: 24    47124         
      0     0     5712.4824    29                 Flowcuts: 6    47923         
*     0+    0                        93747.0000     5712.4824            93.91%
      0     2     5712.4824    26    93747.0000     5715.6900    47923   93.90%
Elapsed time = 40.89 sec. (18201.33 ticks, tree = 0.01 MB, solutions = 1)
      2     4     5719.0216    21    93747.0000     5715.6900    50319   93.90%
      7     5     5720.7780    23    93747.0000     5715.6900    50883   93.90%
      9     9     5730.8342     7    93747.0000     5715.6900    54480   93.90%
     11     9     5727.8390    23    93747.0000     5715.6900    54206   93.90%
     20    16     5732.0374    10    93747.0000     5715.6900    64534   93.90%
     25    21     5742.7538     7    93747.0000     5715.6900    75562   93.90%
     30    29     5735.9637    16    93747.0000     5715.6900    98385   93.90%
     37    32     5737.8149    15    93747.0000     5715.6900   101446   93.90%
     45    41     5744.0993    20    93747.0000     5715.6900   126956   93.90%
     72    54     5736.5574    12    93747.0000     5715.6900   150999   93.90%
Elapsed time = 49.31 sec. (21817.53 ticks, tree = 1.30 MB, solutions = 1)
     88    65     5734.8168    26    93747.0000     5715.6900   166013   93.90%
    113    87     5778.5911     8    93747.0000     5715.6900   180795   93.90%
    139   116     5829.5829     9    93747.0000     5715.6900   199912   93.90%
    158   149     5762.0302     7    93747.0000     5715.6900   227625   93.90%
    174   166     5742.4982    28    93747.0000     5715.6900   246595   93.90%
    199   191     5801.2955    11    93747.0000     5715.6900   273905   93.90%
    256   245     5846.0185    15    93747.0000     5715.6900   293809   93.90%
    296   252     5870.7236     3    93747.0000     5715.6900   299164   93.90%
    309   285     6116.2653    12    93747.0000     5715.6900   317233   93.90%
    336   296     5871.8801    10    93747.0000     5715.6900   330322   93.90%
Elapsed time = 76.17 sec. (31759.74 ticks, tree = 26.58 MB, solutions = 1)
    364   321     5806.2161     6    93747.0000     5715.6900   343568   93.90%
    379   331     5794.4663    16    93747.0000     5715.6900   360957   93.90%
    420   378     5965.7671     7    93747.0000     5715.6900   377558   93.90%
    446   385     5857.5935    14    93747.0000     5715.6900   399722   93.90%
    488   426     5851.7236    10    93747.0000     5715.6900   423389   93.90%
    513   481     5862.4271     8    93747.0000     5715.6900   460257   93.90%
    567   518     5865.9863    29    93747.0000     5715.6900   483011   93.90%
    584   479     6287.1960     3    93747.0000     5715.6900   458501   93.90%
    601   593     5915.6030    12    93747.0000     5715.6900   526000   93.90%
    636   591     6845.6369    13    93747.0000     5715.6900   527607   93.90%
Elapsed time = 102.91 sec. (42030.34 ticks, tree = 40.05 MB, solutions = 1)
    650   607     5958.6030    12    93747.0000     5715.6900   555127   93.90%
    669   624     6937.7688     3    93747.0000     5715.6900   569327   93.90%
    693   663     6001.2593    26    93747.0000     5715.6900   601789   93.90%
    705   673     6075.7279    10    93747.0000     5715.6900   609504   93.90%
    731   709     6110.7688     3    93747.0000     5715.6900   652965   93.90%
    775   742     6523.3194    25    93747.0000     5715.6900   663377   93.90%
    797   728     6249.9388    11    93747.0000     5715.6900   687346   93.90%
    822   782     6610.8661    12    93747.0000     5715.6900   717933   93.90%
    839   822     6679.8593     4    93747.0000     5715.6900   754854   93.90%
    848   832     6283.2864     3    93747.0000     5715.6900   788931   93.90%
Elapsed time = 128.36 sec. (51920.78 ticks, tree = 57.94 MB, solutions = 1)
    875   861     6810.9497    10    93747.0000     5715.6900   815148   93.90%
    904   843     6991.0201     3    93747.0000     5715.6900   800600   93.90%
    929   869     6997.5126     2    93747.0000     5715.6900   842371   93.90%
    945   871     7043.3367     3    93747.0000     5715.6900   846339   93.90%
    953   900     6382.3568     5    93747.0000     5715.6900   865642   93.90%
    974   951     6384.4221     9    93747.0000     5715.6900   881074   93.90%
    996   962     6612.5025     2    93747.0000     5715.6900   928311   93.90%
   1019   974     7089.7486     9    93747.0000     5715.6900   943891   93.90%
   1045  1011     6650.7340     8    93747.0000     5715.6900   969370   93.90%
   1063   982     7331.8804     8    93747.0000     5715.6900   974596   93.90%
Elapsed time = 158.59 sec. (62497.69 ticks, tree = 87.34 MB, solutions = 1)
   1096  1066     6713.7889     5    93747.0000     5715.6900  1015116   93.90%
   1110  1060     6703.0236    11    93747.0000     5715.6900  1065599   93.90%
   1120  1114     6653.2335     9    93747.0000     5715.6900  1106371   93.90%
   1138  1120     7202.3015     2    93747.0000     5715.6900  1120878   93.90%
   1151  1115     6748.0236    11    93747.0000     5715.6900  1115389   93.90%
   1169  1145     6799.6349     7    93747.0000     5715.6900  1141087   93.90%
   1172  1144     7479.0854     4    93747.0000     5715.6900  1145689   93.90%
   1177  1151     6924.0236    11    93747.0000     5715.6900  1162676   93.90%
*  1178+  785                         8885.0000     5738.1611            35.42%
*  1178+  522                         5789.0000     5741.9878             0.81%
*  1178+  348                         5787.0000     5741.9878             0.78%
   1178   349     5752.6400    32     5787.0000     5752.6400  1241994    0.59%
   1771   401     5763.7681    27     5787.0000     5755.3766  1261678    0.55%
Elapsed time = 222.67 sec. (90679.26 ticks, tree = 0.74 MB, solutions = 4)
   2944  1147     5773.9917    34     5787.0000     5758.8164  1289526    0.49%
   4605  2308     5774.6012    21     5787.0000     5759.9804  1333386    0.47%
   6197  3559     5778.3202    17     5787.0000     5761.1243  1373925    0.45%
   7617  4744     5781.0000    14     5787.0000     5762.0700  1409073    0.43%
   9086  5946     5779.8989    22     5787.0000     5762.6053  1446403    0.42%
  10563  7109     5783.0000     5     5787.0000     5763.0209  1482123    0.41%
  11665  8021     5772.0000     7     5787.0000     5763.5927  1520270    0.40%
  13116  8936     5781.0000    12     5787.0000     5764.0000  1555127    0.40%
  15442 10700     5774.1407     6     5787.0000     5764.0000  1582365    0.40%
  17448 12337     7309.3431    18     5787.0000     5764.0704  1614153    0.40%
Elapsed time = 243.16 sec. (100222.23 ticks, tree = 16.56 MB, solutions = 4)
  18826 13651     5784.0452     2     5787.0000     5764.3148  1657220    0.39%
  20576 15104     5784.6517    15     5787.0000     5764.5499  1698471    0.39%
  22393 16170     5774.4032     9     5787.0000     5764.9242  1735659    0.38%
  24364 17923     5776.2635    12     5787.0000     5765.0000  1789536    0.38%
  25559 18841     5784.0000     6     5787.0000     5765.0000  1820465    0.38%
  26995 19778     5771.2789     6     5787.0000     5765.0000  1844787    0.38%
  27058   101     5784.9502     6     5787.0000     5765.0000  1857266    0.38%
  27421   220     5778.0000     8     5787.0000     5765.0000  1865867    0.38%
  28223   719     5785.0000     8     5787.0000     5765.0000  1884434    0.38%
  29333  1388     5775.0000    20     5787.0000     5765.0000  1909354    0.38%
Elapsed time = 263.91 sec. (109770.16 ticks, tree = 6.10 MB, solutions = 4)
  31226  2639     5781.5984     3     5787.0000     5765.0000  1940172    0.38%
  33103  3990     5769.0000    12     5787.0000     5765.2368  1984552    0.38%
  34912  5268     5779.0000     9     5787.0000     5766.3319  2025207    0.36%
  37031  6806        cutoff           5787.0000     5766.8541  2067597    0.35%
  39260  8569     5775.5930     6     5787.0000     5767.0000  2122243    0.35%
  41571 10091     5777.3156     9     5787.0000     5767.0000  2167956    0.35%
  43822 11673        cutoff           5787.0000     5767.4586  2222179    0.34%
  46016 13218     5773.0000    22     5787.0000     5767.7745  2269935    0.33%
  48045 14210     5777.0000    12     5787.0000     5767.9343  2315432    0.33%
  50308 15204     5784.8528     9     5787.0000     5768.0000  2372139    0.33%
Elapsed time = 284.50 sec. (119310.61 ticks, tree = 20.02 MB, solutions = 4)
  52122 16306     5781.0050    11     5787.0000     5768.0845  2420174    0.33%
  54149 17738        cutoff           5787.0000     5768.4949  2478517    0.32%
  55574 18866     5776.5477     6     5787.0000     5768.8000  2509686    0.31%
  57420 20261        cutoff           5787.0000     5768.9624  2550701    0.31%
  59244 21155     5769.5387    12     5787.0000     5769.0000  2599723    0.31%
  60965 22054     5773.3831    12     5787.0000     5769.0000  2661569    0.31%
  62412 22825     5783.5859    10     5787.0000     5769.0000  2715443    0.31%
  63863 23491     5772.6784     9     5787.0000     5769.0452  2765439    0.31%
  65330 24268     5774.1653    21     5787.0000     5769.2424  2806582    0.31%
  72135 28617        cutoff           5787.0000     5769.9899  2987573    0.29%
Elapsed time = 312.75 sec. (131713.86 ticks, tree = 39.20 MB, solutions = 4)
  78309 32113        cutoff           5787.0000     5770.0000  3238155    0.29%
  84654 35341     5784.1307     4     5787.0000     5770.1730  3447686    0.29%
  91569 39489     5782.0000     3     5787.0000     5770.6970  3642754    0.28%
  97910 43623     5777.7085     6     5787.0000     5771.0000  3868232    0.28%
 104211 47103     5780.5050     5     5787.0000     5771.0400  4095811    0.28%
 111152 51374     5785.3415     9     5787.0000     5771.4848  4298809    0.27%
 118371 55668     5782.9455    18     5787.0000     5771.7442  4473778    0.26%
 125568 60058     5777.3567    15     5787.0000     5772.0000  4680553    0.26%
 132821 64073     5778.2161     2     5787.0000     5772.0000  4927174    0.26%
 140203 68823        cutoff           5787.0000     5772.0000  5176856    0.26%
Elapsed time = 394.31 sec. (169869.20 ticks, tree = 86.46 MB, solutions = 4)
 146754 72086        cutoff           5787.0000     5772.2012  5379846    0.26%
 154116 76945     5780.4619    15     5787.0000     5772.4639  5588091    0.25%
 161336 81207        cutoff           5787.0000     5772.6248  5786976    0.25%
 168242 85146     5775.1980    10     5787.0000     5772.8716  5982311    0.24%
 174919 88183     5783.0754     4     5787.0000     5773.0000  6207759    0.24%
 181062 91504     5777.9091     6     5787.0000     5773.0000  6451025    0.24%
 188666 95691     5784.0505     4     5787.0000     5773.1252  6669049    0.24%
 196213 99686     5773.9720    15     5787.0000     5773.2064  6884475    0.24%
 203495 103452        cutoff           5787.0000     5773.4463  7073063    0.23%
 210999 107082     5780.0166    10     5787.0000     5773.6061  7254853    0.23%
Elapsed time = 489.22 sec. (208020.03 ticks, tree = 126.24 MB, solutions = 4)
 217862 110154        cutoff           5787.0000     5773.8687  7489817    0.23%
 223547 112852     5783.0000    13     5787.0000     5774.0000  7750857    0.22%
 230083 115931     5775.3636     8     5787.0000     5774.0000  7975521    0.22%
 236154 119410        cutoff           5787.0000     5774.0000  8208697    0.22%
 243367 122360     5777.0443     7     5787.0000     5774.1155  8440947    0.22%
 250729 125857     5781.7940     2     5787.0000     5774.1962  8653959    0.22%
 258073 128975     5782.7437     2     5787.0000     5774.3061  8899710    0.22%
 264705 132161     5784.0000     2     5787.0000     5774.4774  9081105    0.22%
 272178 136579     5776.6784    13     5787.0000     5774.5000  9309116    0.22%
 278813 139961     5779.5427     8     5787.0000     5774.6374  9511664    0.21%
Elapsed time = 577.20 sec. (246171.50 ticks, tree = 161.67 MB, solutions = 4)
 286907 143966     5782.9000    14     5787.0000     5774.8291  9732641    0.21%
 293699 147368     5777.6382    13     5787.0000     5774.9782  9954009    0.21%
 299415 150326     5785.1256     2     5787.0000     5775.0000 10205657    0.21%
 304873 152884     5782.3958    13     5787.0000     5775.0000 10414490    0.21%
 310453 155472     5775.4750    22     5787.0000     5775.0000 10696352    0.21%
 315433 157683     5779.0715     8     5787.0000     5775.0000 10977310    0.21%
 320389 160015     5786.0000    14     5787.0000     5775.0000 11239934    0.21%
 326609 163100     5784.1010     4     5787.0000     5775.0000 11499504    0.21%
 334016 166614        cutoff           5787.0000     5775.0761 11718113    0.21%
 340755 170346     5784.5739     5     5787.0000     5775.1588 11979269    0.20%
Elapsed time = 672.31 sec. (284329.96 ticks, tree = 199.10 MB, solutions = 4)
 347661 173906     5783.1608     2     5787.0000     5775.1730 12173983    0.20%
 354828 176876     5780.8491    14     5787.0000     5775.2161 12416943    0.20%
 362109 180584     5782.0804     2     5787.0000     5775.3333 12634655    0.20%
 368799 183312     5776.1658    11     5787.0000     5775.4192 12856067    0.20%
 375790 187735     5785.0000     4     5787.0000     5775.4975 13110325    0.20%
 382712 191101     5782.0101     2     5787.0000     5775.5217 13331069    0.20%
 390134 193819     5775.9267    20     5787.0000     5775.5778 13532994    0.20%
 397824 197441     5784.0352     2     5787.0000     5775.6884 13754930    0.20%
 405085 200018     5783.0000     9     5787.0000     5775.7818 13960691    0.19%
 411674 202813     5776.4365    12     5787.0000     5775.9342 14232950    0.19%
Elapsed time = 787.86 sec. (322481.83 ticks, tree = 238.98 MB, solutions = 4)
 416793 204879     5781.6307     7     5787.0000     5776.0000 14499455    0.19%
 422508 207160     5785.0000     5     5787.0000     5776.0000 14741969    0.19%
 428077 209851        cutoff           5787.0000     5776.0000 14987271    0.19%
 433385 212342     5783.7253    17     5787.0000     5776.0000 15278678    0.19%
 438538 214760     5780.0363    12     5787.0000     5776.0000 15556517    0.19%
 443841 217267        cutoff           5787.0000     5776.0000 15868696    0.19%
 450228 219178        cutoff           5787.0000     5776.0000 16059809    0.19%
 457468 222393        cutoff           5787.0000     5776.0697 16325412    0.19%
 463902 225391     5779.5377     6     5787.0000     5776.1558 16576420    0.19%
 470941 228469        cutoff           5787.0000     5776.1687 16814375    0.19%
Elapsed time = 865.08 sec. (360635.39 ticks, tree = 271.39 MB, solutions = 4)
 478360 231461     5785.0452     2     5787.0000     5776.2445 17028367    0.19%
 485226 233991     5778.1944    11     5787.0000     5776.3383 17214807    0.18%
 491987 237023        cutoff           5787.0000     5776.4182 17493451    0.18%
 498954 240424        cutoff           5787.0000     5776.4874 17700688    0.18%
 506898 244048     5776.6096     7     5787.0000     5776.5000 17929841    0.18%
 514526 246707     5784.0000     5     5787.0000     5776.5696 18140308    0.18%
 523380 250791     5779.0000     9     5787.0000     5776.6884 18352636    0.18%
 531295 254456        cutoff           5787.0000     5776.7750 18590032    0.18%
 539349 256797     5784.1712     8     5787.0000     5776.8442 18798318    0.18%
 544941 258818     5777.0000     8     5787.0000     5776.9389 19065323    0.17%
Elapsed time = 954.13 sec. (398786.55 ticks, tree = 303.52 MB, solutions = 4)
 550164 260425     5782.6574     7     5787.0000     5777.0000 19304695    0.17%
 555323 262381        cutoff           5787.0000     5777.0000 19599349    0.17%
 560398 263900     5779.5857    19     5787.0000     5777.0000 19858082    0.17%
 565110 265065     5784.9045     8     5787.0000     5777.0000 20118661    0.17%
 569677 266680     5785.7889     7     5787.0000     5777.0000 20425513    0.17%
 574275 268313     5778.9511    13     5787.0000     5777.0000 20707502    0.17%
 579151 270018     5783.1164     9     5787.0000     5777.0000 20988042    0.17%
 584027 272154     5778.8396     8     5787.0000     5777.0000 21267377    0.17%
 590698 273886     5782.0101     2     5787.0000     5777.0000 21487816    0.17%
 597891 276612     5782.0051     5     5787.0000     5777.0000 21743327    0.17%
Elapsed time = 1066.42 sec. (436939.79 ticks, tree = 327.41 MB, solutions = 4)
 604584 279241     5781.7075     6     5787.0000     5777.1033 21950636    0.17%
 610466 282006     5785.7739     2     5787.0000     5777.1602 22274715    0.17%
 617649 284578        cutoff           5787.0000     5777.1730 22502601    0.17%
 624843 287074     5778.1307    22     5787.0000     5777.2074 22714451    0.17%
 632496 289591     5782.0882     6     5787.0000     5777.3029 22963317    0.17%
 639732 292194     5778.6683     2     5787.0000     5777.3655 23184822    0.17%
 646240 294856        cutoff           5787.0000     5777.4444 23395457    0.17%
 652775 297229     5780.9567    11     5787.0000     5777.4986 23635000    0.16%
 660585 299610     5784.0000    10     5787.0000     5777.5221 23870825    0.16%
 668053 302631     5781.7889     7     5787.0000     5777.5861 24111097    0.16%
Elapsed time = 1151.48 sec. (475094.29 ticks, tree = 354.04 MB, solutions = 4)
 676601 305312     5785.0201     2     5787.0000     5777.6667 24334225    0.16%
 683854 307795     5785.0503     2     5787.0000     5777.7214 24536766    0.16%
 692113 309963        cutoff           5787.0000     5777.7889 24759455    0.16%
 699848 312322     5782.2111     3     5787.0000     5777.8518 25012218    0.16%
 704583 313359     5783.9223     6     5787.0000     5777.9388 25220868    0.16%
 708816 314038     5783.7068     6     5787.0000     5778.0000 25472421    0.16%
 713377 315181     5783.0830     7     5787.0000     5778.0000 25803801    0.16%
 718308 315915        cutoff           5787.0000     5778.0000 26067814    0.16%
 722794 316857     5785.3226     6     5787.0000     5778.0000 26341264    0.16%
 727430 318132     5782.1502    13     5787.0000     5778.0000 26594152    0.16%
Elapsed time = 1243.52 sec. (513251.15 ticks, tree = 370.22 MB, solutions = 4)
 732735 319958        cutoff           5787.0000     5778.0000 26939951    0.16%
 740226 321306     5783.1132     8     5787.0000     5778.0000 27132605    0.16%
 747321 324621     5785.0851     6     5787.0000     5778.0354 27396207    0.15%
 753319 326560     5780.0882     6     5787.0000     5778.1353 27651317    0.15%
 760430 329307     5784.7839     5     5787.0000     5778.1666 27870482    0.15%
 767942 330767        cutoff           5787.0000     5778.1876 28071056    0.15%
 774845 332209        cutoff           5787.0000     5778.2472 28289237    0.15%
 782204 334589     5779.3706     7     5787.0000     5778.3428 28519646    0.15%
 789060 337113     5780.3812     8     5787.0000     5778.4142 28747449    0.15%
 795253 339319     5779.5114    15     5787.0000     5778.4622 28991436    0.15%
Elapsed time = 1324.39 sec. (551401.87 ticks, tree = 396.93 MB, solutions = 4)
 802712 341746        cutoff           5787.0000     5778.5000 29235990    0.15%
 808148 342619     5783.9596    16     5787.0000     5778.5110 29484556    0.15%
 815953 344358     5780.6111     5     5787.0000     5778.5829 29712511    0.15%
 823407 346522     5784.6034     7     5787.0000     5778.6490 29936299    0.14%
 830483 347835     5782.0201     2     5787.0000     5778.6924 30118873    0.14%
 838202 349490     5784.0000     2     5787.0000     5778.7487 30321510    0.14%
 845384 351529     5786.0000     9     5787.0000     5778.8318 30561139    0.14%
 851936 353429     5782.1576    24     5787.0000     5778.9148 30793231    0.14%
 857386 354864        cutoff           5787.0000     5778.9774 31119959    0.14%
 862694 356116        cutoff           5787.0000     5779.0000 31379011    0.14%
Elapsed time = 1411.36 sec. (589554.05 ticks, tree = 414.11 MB, solutions = 4)
 867330 357570     5784.1936     7     5787.0000     5779.0000 31673429    0.14%
 872069 358576     5784.9056     8     5787.0000     5779.0000 31897190    0.14%
 876684 359746     5779.0410    28     5787.0000     5779.0000 32183618    0.14%
 881068 360431     5785.4133    19     5787.0000     5779.0000 32467374    0.14%
 886050 362011        cutoff           5787.0000     5779.0000 32812106    0.14%
 892075 362971        cutoff           5787.0000     5779.0000 33010110    0.14%
 900560 364681     5784.4019     5     5787.0000     5779.0000 33205444    0.14%
 906443 367357     5784.2211     2     5787.0000     5779.0322 33521947    0.14%
 911491 368074        cutoff           5787.0000     5779.1119 33731333    0.14%
 919173 369625     5781.0000     5     5787.0000     5779.1666 33941712    0.14%
Elapsed time = 1500.67 sec. (627706.47 ticks, tree = 436.48 MB, solutions = 4)
 927160 371367     5779.7576    13     5787.0000     5779.1743 34167143    0.14%
 934110 373364        cutoff           5787.0000     5779.2388 34434064    0.13%
 941313 374842     5781.8117     6     5787.0000     5779.3251 34644927    0.13%
 947649 376266     5785.0000     2     5787.0000     5779.3976 34867937    0.13%
 954337 378113     5780.8744    13     5787.0000     5779.4652 35185519    0.13%
 961528 379804     5785.1256     5     5787.0000     5779.5008 35430722    0.13%
 968750 380403     5783.0402     5     5787.0000     5779.5324 35615270    0.13%
 975870 381715     5785.8768    15     5787.0000     5779.6044 35845307    0.13%
 983669 382354     5781.0000    23     5787.0000     5779.6773 36031656    0.13%
 991040 383306     5780.0000     2     5787.0000     5779.7437 36262973    0.13%
Elapsed time = 1588.67 sec. (665856.89 ticks, tree = 449.43 MB, solutions = 4)
 1002354 388225     5782.1256     2     5787.0000     5779.8249 36491506    0.12%
 1010612 393372     5784.0000     8     5787.0000     5779.9198 36657482    0.12%
 1016519 396686        cutoff           5787.0000     5780.0000 36913164    0.12%
 1020888 397910     5782.0151     2     5787.0000     5780.0000 37161026    0.12%
 1025319 398761     5782.5327     2     5787.0000     5780.0000 37502094    0.12%
 1030225 399350        cutoff           5787.0000     5780.0000 37701998    0.12%
 1034800 400463     5783.7282    11     5787.0000     5780.0000 38050290    0.12%
 1039727 401144        cutoff           5787.0000     5780.0000 38321746    0.12%
 1044299 401925     5784.4800     6     5787.0000     5780.0000 38583270    0.12%
 1049256 402819        cutoff           5787.0000     5780.0000 38858900    0.12%
Elapsed time = 1678.39 sec. (704011.37 ticks, tree = 471.65 MB, solutions = 4)
 1056930 404439     5781.0302     2     5787.0000     5780.0000 39138803    0.12%
 1068929 410425     5783.6667     5     5787.0000     5780.0000 39344399    0.12%
 1079411 415244     5784.0101     2     5787.0000     5780.0000 39506294    0.12%
 1091221 419719        cutoff           5787.0000     5780.0050 39634619    0.12%
 1101934 423388     5783.0452     2     5787.0000     5780.0200 39736256    0.12%
 1111137 425858     5784.0000     2     5787.0000     5780.0251 39900919    0.12%
 1119313 427112     5784.7649    18     5787.0000     5780.0302 40079245    0.12%
 1123699 427800        cutoff           5787.0000     5780.0503 40318168    0.12%
 1129091 428379     5784.0050     2     5787.0000     5780.1055 40597945    0.12%
 1136310 429098     5784.1602    21     5787.0000     5780.1617 40856500    0.12%
Elapsed time = 1765.02 sec. (742163.41 ticks, tree = 498.13 MB, solutions = 4)
 1144369 429962     5784.6943     9     5787.0000     5780.1706 41061277    0.12%
 1151551 430348     5784.7130     7     5787.0000     5780.1926 41333183    0.12%
 1158811 430730        cutoff           5787.0000     5780.2407 41509708    0.12%
 1165298 431620     5783.0838    10     5787.0000     5780.3155 41773402    0.12%
 1172352 433347     5785.7777     8     5787.0000     5780.3940 41978348    0.11%
 1180737 436135     5785.6281     3     5787.0000     5780.4581 42226277    0.11%
 1189069 437809     5785.3858     7     5787.0000     5780.4992 42542079    0.11%
 1197148 439213        cutoff           5787.0000     5780.5075 42738791    0.11%
 1204729 439513     5785.1805    23     5787.0000     5780.5500 42945922    0.11%
 1212556 439673     5782.6281     7     5787.0000     5780.6144 43151258    0.11%
Elapsed time = 1855.36 sec. (780316.19 ticks, tree = 508.62 MB, solutions = 4)
 1219188 439658        cutoff           5787.0000     5780.6616 43315032    0.11%
 1227230 439360     5783.5000    18     5787.0000     5780.7286 43521828    0.11%
 1239043 441709     5781.0101     5     5787.0000     5780.8010 43783386    0.11%
 1250499 447447     5783.4623     2     5787.0000     5780.8696 43913267    0.11%
 1260395 452561     5783.0505     4     5787.0000     5780.9400 44072240    0.10%
 1267596 457705     5783.1123     3     5787.0000     5781.0000 44379926    0.10%
 1273411 459530     5783.1256     2     5787.0000     5781.0000 44568215    0.10%
 1279502 460596        cutoff           5787.0000     5781.0000 44765333    0.10%
 1284146 461847        cutoff           5787.0000     5781.0000 45104426    0.10%
 1288699 462047        cutoff           5787.0000     5781.0000 45353147    0.10%
Elapsed time = 1937.77 sec. (818467.42 ticks, tree = 532.13 MB, solutions = 4)
 1292939 462047     5785.5637     6     5787.0000     5781.0000 45619425    0.10%
 1297134 461624     5782.1768     5     5787.0000     5781.0000 45923051    0.10%
 1300924 461621     5784.6600    17     5787.0000     5781.0000 46248013    0.10%
 1305675 461917        cutoff           5787.0000     5781.0000 46428442    0.10%
 1310085 462352     5783.5930     6     5787.0000     5781.0000 46721664    0.10%
 1314692 462222        cutoff           5787.0000     5781.0000 47083283    0.10%
 1318150 462314     5781.0000     9     5787.0000     5781.0000 47421514    0.10%
 1322845 462956     5781.0000    26     5787.0000     5781.0000 47720053    0.10%
 1333761 465634     5783.1313     4     5787.0000     5781.0000 47961379    0.10%
 1345183 470345     5784.0050     2     5787.0000     5781.0000 48156597    0.10%
Elapsed time = 2023.16 sec. (856621.51 ticks, tree = 541.35 MB, solutions = 4)
 1355103 473680     5784.0201     2     5787.0000     5781.0000 48319057    0.10%
 1366267 475810     5785.0302     2     5787.0000     5781.0050 48411240    0.10%
 1377447 477486     5785.0452     2     5787.0000     5781.0151 48539372    0.10%
 1388310 479814     5785.0101     2     5787.0000     5781.0151 48655742    0.10%
 1399231 482030     5785.0251     2     5787.0000     5781.0201 48774866    0.10%
 1407152 482549     5783.0101     2     5787.0000     5781.0251 48879349    0.10%
 1414119 482378        cutoff           5787.0000     5781.0318 49040655    0.10%
 1421630 482423     5785.3014     4     5787.0000     5781.0402 49197744    0.10%
 1428111 482810        cutoff           5787.0000     5781.0556 49493472    0.10%
 1436810 483281     5782.0000    22     5787.0000     5781.1089 49813294    0.10%
Elapsed time = 2110.63 sec. (894771.93 ticks, tree = 559.91 MB, solutions = 4)
 1444253 484373        cutoff           5787.0000     5781.1491 49975155    0.10%
 1452784 484964     5784.2819     7     5787.0000     5781.1664 50158716    0.10%
 1461504 485596        cutoff           5787.0000     5781.1891 50461670    0.10%
 1468461 485574     5781.7085     2     5787.0000     5781.2362 50590639    0.10%
 1476115 485640     5785.2998     9     5787.0000     5781.2791 50823019    0.10%
 1483397 487652     5783.0556     4     5787.0000     5781.3467 51099923    0.10%
 1494660 491947     5783.0556     4     5787.0000     5781.4154 51294805    0.10%
 1502837 493577        cutoff           5787.0000     5781.4708 51463522    0.10%
 1510320 494042        cutoff           5787.0000     5781.5000 51704434    0.10%
 1519019 493677        cutoff           5787.0000     5781.5038 51956075    0.09%
Elapsed time = 2198.44 sec. (932926.78 ticks, tree = 571.03 MB, solutions = 4)
 1527220 493014        cutoff           5787.0000     5781.5226 52138861    0.09%
 1534096 491659     5785.0000    21     5787.0000     5781.5732 52391552    0.09%
 1542117 491302     5782.9246     4     5787.0000     5781.6268 52580069    0.09%
 1551691 491243        cutoff           5787.0000     5781.6941 52749018    0.09%
 1563918 493028     5782.0402     5     5787.0000     5781.7659 52928413    0.09%
 1576132 502164     5782.5050     5     5787.0000     5781.8510 53137267    0.09%
 1590262 510411     5782.0452     2     5787.0000     5781.9300 53266890    0.09%
 1602209 515590     5782.0251     5     5787.0000     5781.9899 53348021    0.09%
 1611422 523091     5784.0004     5     5787.0000     5782.0000 53515782    0.09%
 1623302 529839     5783.1256     2     5787.0000     5782.0000 53703808    0.09%
Elapsed time = 2293.86 sec. (971077.87 ticks, tree = 607.85 MB, solutions = 4)
 1631324 534131     5784.0051     5     5787.0000     5782.0000 53880150    0.09%
 1637646 536001        cutoff           5787.0000     5782.0000 54140109    0.09%
 1642457 536458        cutoff           5787.0000     5782.0000 54356305    0.09%
 1646894 536486        cutoff           5787.0000     5782.0000 54645604    0.09%
 1651044 536384     5785.0553    25     5787.0000     5782.0000 54832549    0.09%
 1654760 535824        cutoff           5787.0000     5782.0000 55220047    0.09%
 1659190 535539        cutoff           5787.0000     5782.0000 55413612    0.09%
 1663451 535041        cutoff           5787.0000     5782.0000 55798840    0.09%
 1667384 534688     5782.0000     9     5787.0000     5782.0000 56081630    0.09%
 1671701 534492     5785.0003     5     5787.0000     5782.0000 56339875    0.09%
Elapsed time = 2383.55 sec. (1009229.63 ticks, tree = 611.55 MB, solutions = 4)
 1675504 534050        cutoff           5787.0000     5782.0000 56660959    0.09%
 1679292 533838        cutoff           5787.0000     5782.0000 56962653    0.09%
 1683601 534171     5785.0050     2     5787.0000     5782.0000 57250150    0.09%
 1690752 536281     5782.3741     7     5787.0000     5782.0000 57672381    0.09%
 1702200 538603        cutoff           5787.0000     5782.0000 57782637    0.09%
 1715385 544722        cutoff           5787.0000     5782.0000 57943784    0.09%
 1727007 550440     5783.0212     7     5787.0000     5782.0000 58071877    0.09%
 1740604 553149        cutoff           5787.0000     5782.0050 58159804    0.09%
 1752611 556633     5785.0153     5     5787.0000     5782.0050 58303578    0.09%
 1763363 558222     5785.0212     7     5787.0000     5782.0050 58415191    0.09%
Elapsed time = 2469.39 sec. (1047379.32 ticks, tree = 637.30 MB, solutions = 4)
 1773834 558384     5785.0000     4     5787.0000     5782.0069 58559331    0.09%
 1784195 557979     5783.0252     5     5787.0000     5782.0101 58747629    0.09%
 1793504 555805        cutoff           5787.0000     5782.0151 58949278    0.09%
 1805052 556397     5783.0102     5     5787.0000     5782.0151 59091266    0.09%
 1817025 558197     5785.0212     7     5787.0000     5782.0151 59189789    0.09%
 1829918 559380     5785.0202     5     5787.0000     5782.0151 59331923    0.09%
 1841190 559746     5785.0152     5     5787.0000     5782.0201 59420292    0.09%
 1852883 559080        cutoff           5787.0000     5782.0202 59497496    0.09%
 1865316 558000     5782.0768    16     5787.0000     5782.0252 59615269    0.09%
 1873430 555501     5784.2025    10     5787.0000     5782.0302 59779504    0.09%
Elapsed time = 2551.50 sec. (1085528.17 ticks, tree = 633.41 MB, solutions = 4)
 1883353 552012        cutoff           5787.0000     5782.0352 59969679    0.09%
 1889983 551062     5783.3152    12     5787.0000     5782.0402 60105165    0.09%
 1895909 550145        cutoff           5787.0000     5782.0503 60458776    0.09%
 1902808 549207        cutoff           5787.0000     5782.0603 60668647    0.09%
 1911175 549071     5782.2857    16     5787.0000     5782.1084 60907069    0.08%
 1920686 548256        cutoff           5787.0000     5782.1457 61116805    0.08%
 1930510 547741     5784.0000     2     5787.0000     5782.1693 61255296    0.08%
 1938719 547553     5785.0000    10     5787.0000     5782.1902 61431094    0.08%
 1946386 546521     5783.9415     8     5787.0000     5782.2312 61726226    0.08%
 1954173 546119        cutoff           5787.0000     5782.2663 61926484    0.08%
Elapsed time = 2634.98 sec. (1123678.83 ticks, tree = 624.03 MB, solutions = 4)
 1961263 547068        cutoff           5787.0000     5782.3460 62137720    0.08%
 1972236 550291     5784.1274     3     5787.0000     5782.3879 62378058    0.08%
 1980929 550427        cutoff           5787.0000     5782.4221 62538791    0.08%
 1988345 548967        cutoff           5787.0000     5782.4757 62722149    0.08%
 1997077 547262        cutoff           5787.0000     5782.5025 62881054    0.08%
 2005893 545295     5783.3460    26     5787.0000     5782.5075 63070635    0.08%
 2013377 542990        cutoff           5787.0000     5782.5204 63289403    0.08%
 2021496 540645     5783.0101     5     5787.0000     5782.5709 63527054    0.08%
 2032955 538816     5783.0176     5     5787.0000     5782.6434 63697454    0.08%
 2044501 541523     5783.1111     4     5787.0000     5782.7292 63868140    0.07%
Elapsed time = 2715.42 sec. (1161828.09 ticks, tree = 620.40 MB, solutions = 4)
 2055456 544470     5783.0707     6     5787.0000     5782.8081 63969196    0.07%
 2068353 550965        cutoff           5787.0000     5782.9048 64160001    0.07%
 2079348 556219        cutoff           5787.0000     5782.9722 64318261    0.07%
 2087366 559022     5783.0035     5     5787.0000     5783.0000 64492615    0.07%
 2094705 560858     5783.9415     9     5787.0000     5783.0000 64736164    0.07%
 2100905 561550        cutoff           5787.0000     5783.0000 64893482    0.07%
 2106433 562131     5784.0263     7     5787.0000     5783.0000 65265772    0.07%
 2111645 562184        cutoff           5787.0000     5783.0000 65506185    0.07%
 2116167 562115     5783.0119     7     5787.0000     5783.0000 65735131    0.07%
 2121020 562533        cutoff           5787.0000     5783.0000 65908042    0.07%
Elapsed time = 2794.88 sec. (1199977.76 ticks, tree = 641.20 MB, solutions = 4)
 2125149 561393        cutoff           5787.0000     5783.0000 66395524    0.07%
 2129350 560858     5783.1666    18     5787.0000     5783.0000 66600330    0.07%
 2133911 560673        cutoff           5787.0000     5783.0000 66844693    0.07%
 2138495 560167     5783.2885    21     5787.0000     5783.0000 67121736    0.07%
 2142661 558759        cutoff           5787.0000     5783.0000 67544719    0.07%
 2147013 557998     5785.7027    10     5787.0000     5783.0000 67984040    0.07%
 2150558 557974     5783.0000    13     5787.0000     5783.0000 68139045    0.07%
 2154386 557678     5783.1666    53     5787.0000     5783.0000 68457771    0.07%
 2161987 558209        cutoff           5787.0000     5783.0000 68847698    0.07%
 2172051 559898     5784.0115     6     5787.0000     5783.0000 69027050    0.07%
Elapsed time = 2884.50 sec. (1238135.12 ticks, tree = 639.90 MB, solutions = 4)
 2182406 562000     5783.0657     4     5787.0000     5783.0000 69190817    0.07%
 2192897 564015     5785.1212     4     5787.0000     5783.0000 69333201    0.07%
 2203525 564852        cutoff           5787.0000     5783.0001 69427600    0.07%
 2214995 566329     5785.1033     6     5787.0000     5783.0050 69598443    0.07%
 2226301 567969        cutoff           5787.0000     5783.0050 69682142    0.07%
 2237119 570523        cutoff           5787.0000     5783.0101 69845284    0.07%
 2247156 568320        cutoff           5787.0000     5783.0101 70019892    0.07%
 2257185 564217        cutoff           5787.0000     5783.0101 70186971    0.07%
 2267835 561916     5784.0102     5     5787.0000     5783.0101 70344694    0.07%
 2278803 559281     5785.0178     5     5787.0000     5783.0102 70487151    0.07%
Elapsed time = 2966.83 sec. (1276284.38 ticks, tree = 645.25 MB, solutions = 4)
 2290107 556340        cutoff           5787.0000     5783.0151 70663526    0.07%
 2303058 553386     5784.0201     2     5787.0000     5783.0151 70796468    0.07%
 2314819 549552        cutoff           5787.0000     5783.0201 70914221    0.07%
 2325484 541620     5785.1274     3     5787.0000     5783.0251 71068195    0.07%
 2335376 537310        cutoff           5787.0000     5783.0352 71162744    0.07%
 2341628 532024     5785.4724     2     5787.0000     5783.0452 71339010    0.07%
 2346716 529722        cutoff           5787.0000     5783.0505 71571594    0.07%
 2353656 526755        cutoff           5787.0000     5783.0653 71896456    0.07%
 2361880 524547        cutoff           5787.0000     5783.1005 72067479    0.07%
 2371102 521425        cutoff           5787.0000     5783.1393 72353748    0.07%
Elapsed time = 3052.30 sec. (1314433.80 ticks, tree = 604.86 MB, solutions = 4)
 2379809 519609     5786.0000    19     5787.0000     5783.1616 72510258    0.07%
 2388557 518678        cutoff           5787.0000     5783.1691 72563650    0.07%
 2397312 515088        cutoff           5787.0000     5783.2030 72821474    0.07%
 2404973 511905        cutoff           5787.0000     5783.2437 73035092    0.06%
 2411532 509563     5784.0000    15     5787.0000     5783.2965 73278084    0.06%
 2419380 509473     5785.0402     2     5787.0000     5783.3417 73531510    0.06%
 2429363 510104     5785.0905     4     5787.0000     5783.3802 73810827    0.06%
 2438119 507915        cutoff           5787.0000     5783.4343 73933511    0.06%
 2446536 505187        cutoff           5787.0000     5783.4798 74139229    0.06%
 2455949 500275        cutoff           5787.0000     5783.5038 74361312    0.06%
Elapsed time = 3143.00 sec. (1352584.70 ticks, tree = 580.64 MB, solutions = 4)
 2465909 495666     5784.3211    11     5787.0000     5783.5152 74520760    0.06%
 2474527 488718        cutoff           5787.0000     5783.6049 74743083    0.06%
 2485684 485693     5784.0302     2     5787.0000     5783.6744 74826872    0.06%
 2496275 483600     5784.0253     7     5787.0000     5783.7437 74999809    0.06%
 2506627 485612     5784.0102     5     5787.0000     5783.8130 75147692    0.06%
 2517047 488433     5784.0653     2     5787.0000     5783.9009 75318325    0.05%
 2527463 490750     5784.0352     2     5787.0000     5783.9590 75440638    0.05%
 2537964 493864     5784.1920     5     5787.0000     5784.0000 75611646    0.05%
 2548066 496635     5784.0101     5     5787.0000     5784.0000 75760512    0.05%
 2556713 497326     5784.1859     2     5787.0000     5784.0000 75907742    0.05%
Elapsed time = 3222.55 sec. (1390734.92 ticks, tree = 578.27 MB, solutions = 4)
 2564954 497326     5785.1920     5     5787.0000     5784.0000 76098395    0.05%
 2573190 498011     5784.0102     5     5787.0000     5784.0000 76324324    0.05%
 2579966 498131        cutoff           5787.0000     5784.0000 76487391    0.05%
 2585483 497803        cutoff           5787.0000     5784.0000 76767778    0.05%
 2590445 497135        cutoff           5787.0000     5784.0000 77005665    0.05%
 2594880 495711     5785.7531     7     5787.0000     5784.0000 77379702    0.05%
 2599226 494560     5785.1355    13     5787.0000     5784.0000 77720185    0.05%
 2603998 494297        cutoff           5787.0000     5784.0000 77904602    0.05%
 2608325 492915     5785.5801    20     5787.0000     5784.0000 78274403    0.05%
 2612211 491698     5784.0000    16     5787.0000     5784.0000 78555180    0.05%
Elapsed time = 3304.58 sec. (1428889.48 ticks, tree = 569.89 MB, solutions = 4)
 2616350 490589     5785.0157     5     5787.0000     5784.0000 78854826    0.05%
 2620665 489828        cutoff           5787.0000     5784.0000 79151969    0.05%
 2625076 488105     5785.0152     5     5787.0000     5784.0000 79632939    0.05%
 2629033 487715        cutoff           5787.0000     5784.0000 79825191    0.05%
 2633155 486132        cutoff           5787.0000     5784.0000 80247960    0.05%
 2636940 485505     5784.9746     9     5787.0000     5784.0000 80432985    0.05%
 2640541 484219     5785.0000    14     5787.0000     5784.0000 80824078    0.05%
 2644360 483534        cutoff           5787.0000     5784.0000 81217978    0.05%
 2650379 483107     5784.1666    37     5787.0000     5784.0000 81524306    0.05%
 2658784 483269     5785.0102     5     5787.0000     5784.0000 81651977    0.05%
Elapsed time = 3404.83 sec. (1467044.54 ticks, tree = 560.88 MB, solutions = 4)
 2670595 483402     5785.0108     7     5787.0000     5784.0000 81869049    0.05%
 2681932 483821     5784.0102     5     5787.0000     5784.0000 82001500    0.05%
 2693500 483777        cutoff           5787.0000     5784.0000 82126447    0.05%
 2705116 480117     5784.0101     7     5787.0000     5784.0050 82333925    0.05%
 2717054 476910     5784.0514     8     5787.0000     5784.0050 82450177    0.05%
 2728740 472672        cutoff           5787.0000     5784.0076 82569918    0.05%
 2739889 468537        cutoff           5787.0000     5784.0101 82732196    0.05%
 2751636 466059        cutoff           5787.0000     5784.0101 82885491    0.05%
 2763308 462049     5785.0905     6     5787.0000     5784.0101 82996579    0.05%
 2775051 455915        cutoff           5787.0000     5784.0151 83154506    0.05%
Elapsed time = 3490.05 sec. (1505193.67 ticks, tree = 532.12 MB, solutions = 4)
 2788346 454123     5785.0102     7     5787.0000     5784.0151 83221402    0.05%
 2804568 449953     5785.0115     5     5787.0000     5784.0201 83349262    0.05%
 2817957 444032        cutoff           5787.0000     5784.0251 83458024    0.05%
 2831399 435290        cutoff           5787.0000     5784.0312 83538428    0.05%
 2843540 423770        cutoff           5787.0000     5784.0452 83641052    0.05%
 2852969 416926        cutoff           5787.0000     5784.0553 83739353    0.05%
 2858720 413320        cutoff           5787.0000     5784.0657 83886053    0.05%
 2864280 411960     5785.0101     5     5787.0000     5784.0804 84052296    0.05%
 2871777 408356        cutoff           5787.0000     5784.1010 84481001    0.05%
 2879856 405094        cutoff           5787.0000     5784.1219 84636832    0.05%
Elapsed time = 3622.12 sec. (1543346.07 ticks, tree = 476.91 MB, solutions = 4)
 2889162 400747        cutoff           5787.0000     5784.1588 84801474    0.05%
 2898347 395217        cutoff           5787.0000     5784.1706 85004565    0.05%
 2906305 391249        cutoff           5787.0000     5784.1853 85152571    0.05%
 2914680 384181        cutoff           5787.0000     5784.2300 85423454    0.05%
 2921316 380006        cutoff           5787.0000     5784.2720 85631532    0.05%
 2928275 379500        cutoff           5787.0000     5784.3319 85738524    0.05%
 2938306 375684        cutoff           5787.0000     5784.3790 86046027    0.05%
 2949127 372894        cutoff           5787.0000     5784.4337 86165827    0.04%
 2959651 366192        cutoff           5787.0000     5784.5000 86316360    0.04%
 2969959 357280        cutoff           5787.0000     5784.5411 86494297    0.04%
Elapsed time = 3756.33 sec. (1581497.40 ticks, tree = 424.97 MB, solutions = 4)
 2980919 351375        cutoff           5787.0000     5784.6683 86613432    0.04%
 2992365 344367        cutoff           5787.0000     5784.7576 86724673    0.04%
 3002488 339807     5785.0154     5     5787.0000     5784.8052 86883771    0.04%
 3013385 339330     5785.0253     6     5787.0000     5784.8593 87000234    0.04%
 3024180 339326     5785.0152     7     5787.0000     5784.9329 87093556    0.04%
 3035042 339695     5785.0653     2     5787.0000     5784.9797 87236652    0.03%
 3045896 340053    infeasible           5787.0000     5784.9950 87395487    0.03%
 3056708 340325     5785.0553     2     5787.0000     5785.0000 87531445    0.03%
 3067170 340524     5785.0151     2     5787.0000     5785.0000 87693902    0.03%
 3075975 339279        cutoff           5787.0000     5785.0000 87846812    0.03%
Elapsed time = 3858.81 sec. (1619647.80 ticks, tree = 405.16 MB, solutions = 4)
 3084703 337292     5785.0452     2     5787.0000     5785.0000 88016414    0.03%
 3091687 334354        cutoff           5787.0000     5785.0000 88310545    0.03%
 3097307 330853        cutoff           5787.0000     5785.0000 88709619    0.03%
 3102067 329074        cutoff           5787.0000     5785.0000 88949601    0.03%
 3106569 327433        cutoff           5787.0000     5785.0000 89161278    0.03%
 3110436 324617     5785.0000    10     5787.0000     5785.0000 89536514    0.03%
 3114470 321921     5785.0152     9     5787.0000     5785.0000 89954209    0.03%
 3118325 320279        cutoff           5787.0000     5785.0000 90176250    0.03%
 3122239 318050        cutoff           5787.0000     5785.0000 90503378    0.03%
 3126079 315842        cutoff           5787.0000     5785.0000 90860898    0.03%
Elapsed time = 3959.27 sec. (1657801.96 ticks, tree = 378.69 MB, solutions = 4)
 3129845 313183        cutoff           5787.0000     5785.0000 91256319    0.03%
 3133585 311200        cutoff           5787.0000     5785.0000 91569983    0.03%
 3137264 309098        cutoff           5787.0000     5785.0000 91900136    0.03%
 3140893 306580        cutoff           5787.0000     5785.0000 92286717    0.03%
 3144297 306090     5785.0000    20     5787.0000     5785.0000 92426052    0.03%
 3148176 304466        cutoff           5787.0000     5785.0000 92736554    0.03%
 3152103 302538        cutoff           5787.0000     5785.0000 93122876    0.03%
 3155336 301000     5785.0000    18     5787.0000     5785.0000 93542301    0.03%
 3159119 300343        cutoff           5787.0000     5785.0000 93803973    0.03%
 3162691 300024     5785.7394    19     5787.0000     5785.0000 94098135    0.03%
Elapsed time = 4062.95 sec. (1695962.85 ticks, tree = 361.65 MB, solutions = 4)
 3168668 298124        cutoff           5787.0000     5785.0000 94457294    0.03%
 3178807 293762        cutoff           5787.0000     5785.0000 94703461    0.03%
 3190982 290974     5785.0102     5     5787.0000     5785.0000 94819642    0.03%
 3203454 289229     5785.1117     4     5787.0000     5785.0000 94899630    0.03%
 3216396 287139     5785.0271     5     5787.0000     5785.0005 94988229    0.03%
 3228613 282989     5785.1106     5     5787.0000     5785.0050 95103073    0.03%
 3240971 277167     5785.0172     5     5787.0000     5785.0101 95190872    0.03%
 3252923 273456        cutoff           5787.0000     5785.0101 95318387    0.03%
 3264540 267109        cutoff           5787.0000     5785.0101 95461757    0.03%
 3276288 264332     5785.1274     3     5787.0000     5785.0101 95571349    0.03%
Elapsed time = 4160.83 sec. (1734111.64 ticks, tree = 322.80 MB, solutions = 4)
 3288575 258496        cutoff           5787.0000     5785.0102 95681323    0.03%
 3301095 247876        cutoff           5787.0000     5785.0151 95800786    0.03%
 3314431 235235        cutoff           5787.0000     5785.0201 95898868    0.03%
 3330037 221070        cutoff           5787.0000     5785.0302 95963559    0.03%
 3344749 208427     5785.9091     7     5787.0000     5785.0402 96018475    0.03%
 3358965 192976        cutoff           5787.0000     5785.0505 96088799    0.03%
 3371923 183237        cutoff           5787.0000     5785.0657 96146983    0.03%
 3379749 175427     5786.0000    15     5787.0000     5785.0781 96237594    0.03%
 3384152 172343        cutoff           5787.0000     5785.1005 96420936    0.03%
 3389407 168819        cutoff           5787.0000     5785.1106 96695476    0.03%
Elapsed time = 4294.92 sec. (1772261.64 ticks, tree = 221.05 MB, solutions = 4)
 3397619 163747        cutoff           5787.0000     5785.1357 96881631    0.03%
 3407981 156453        cutoff           5787.0000     5785.1608 96993632    0.03%
 3418954 145096        cutoff           5787.0000     5785.1793 97134059    0.03%
 3429397 134422        cutoff           5787.0000     5785.2343 97272336    0.03%
 3436642 129459        cutoff           5787.0000     5785.3072 97383367    0.03%
 3442464 127675        cutoff           5787.0000     5785.3503 97470298    0.03%
 3453788 123057     5786.0000    12     5787.0000     5785.4148 97701964    0.03%
 3466346 111552        cutoff           5787.0000     5785.5038 97814683    0.03%
 3478772 102445        cutoff           5787.0000     5785.6229 97907116    0.02%
 3491437 90015     5786.0000     6     5787.0000     5785.7486 98018325    0.02%
Elapsed time = 4404.08 sec. (1810411.30 ticks, tree = 135.41 MB, solutions = 4)
 3504738 79298        cutoff           5787.0000     5785.8753 98080033    0.02%
 3516500 66553        cutoff           5787.0000     5785.9446 98211371    0.02%
 3525444 57455        cutoff           5787.0000     5785.9847 98447704    0.02%
 3532132 54526        cutoff           5787.0000     5785.9913 98575694    0.02%
 3537520 47342        cutoff           5787.0000     5786.0000 98965381    0.02%
 3542549 41989        cutoff           5787.0000     5786.0000 99343200    0.02%
 3547458 40588        cutoff           5787.0000     5786.0000 99459269    0.02%
 3552098 35215        cutoff           5787.0000     5786.0000 99900977    0.02%
 3556526 31626        cutoff           5787.0000     5786.0000 1.00e+008    0.02%
 3560956 27765        cutoff           5787.0000     5786.0000 1.01e+008    0.02%
Elapsed time = 4529.56 sec. (1848563.69 ticks, tree = 63.87 MB, solutions = 4)
 3565364 24426        cutoff           5787.0000     5786.0000 1.01e+008    0.02%
 3569663 20603        cutoff           5787.0000     5786.0000 1.01e+008    0.02%
 3573910 17431        cutoff           5787.0000     5786.0000 1.02e+008    0.02%
 3578098 13468        cutoff           5787.0000     5786.0000 1.02e+008    0.02%
 3582366 10433        cutoff           5787.0000     5786.0000 1.02e+008    0.02%
 3586226  8579        cutoff           5787.0000     5786.0000 1.03e+008    0.02%
 3590003  5705        cutoff           5787.0000     5786.0000 1.03e+008    0.02%
 3593578  3361        cutoff           5787.0000     5786.0000 1.03e+008    0.02%
 3596750  1512        cutoff           5787.0000     5786.0000 1.04e+008    0.02%

GUB cover cuts applied:  48
Cover cuts applied:  129
Flow cuts applied:  207
Mixed integer rounding cuts applied:  109
Zero-half cuts applied:  21
Lift and project cuts applied:  52
Gomory fractional cuts applied:  30

Root node processing (before b&c):
  Real time             =   40.86 sec. (18183.18 ticks)
Parallel b&c, 4 threads:
  Real time             = 4590.38 sec. (1866590.13 ticks)
  Sync time (average)   =  220.92 sec.
  Wait time (average)   =    0.05 sec.
                          ------------
Total (root+branch&cut) = 4631.23 sec. (1884773.31 ticks)
