Lazy constraint(s) or lazy constraint callback is present.
    Disabling dual reductions (CPX_PARAM_REDUCE) in presolve.
    Disabling non-linear reductions (CPX_PARAM_PRELINEAR) in presolve.
         Disabling repeat represolve because of lazy constraint/incumbent callback.
Tried aggregator 1 time.
MIP Presolve eliminated 100 rows and 100 columns.
MIP Presolve modified 600 coefficients.
Reduced MIP has 1002 rows, 1100 columns, and 6746 nonzeros.
Reduced MIP has 1100 binaries, 0 generals, 0 SOSs, and 0 indicators.
Presolve time = 0.02 sec. (4.53 ticks)
Probing time = 0.00 sec. (2.16 ticks)
Clique table members: 401.
MIP emphasis: balance optimality and feasibility.
MIP search method: traditional branch-and-cut.
Parallel mode: none, using 1 thread.
Root relaxation solution time = 0.00 sec. (10.04 ticks)

        Nodes                                         Cuts/
   Node  Left     Objective  IInf  Best Integer    Best Bound    ItCnt     Gap         Variable B NodeID Parent  Depth

      0     0     4678.5000     4                   4678.5000      626         
      0     0     4750.5000    16                     Cuts: 2      629         
      0     0     4763.5000    30                     Cuts: 2      631         
      0     0     4763.5000    18                 ZeroHalf: 1      632         
      0     0     4767.0000    26                 ZeroHalf: 1      636         
      0     0     4793.4000    39                 ZeroHalf: 6      638         
      0     0     4799.0000    41                 ZeroHalf: 5      641         
      0     0     4799.7500    19                 ZeroHalf: 8      656         
      0     0     4800.3000    48                 ZeroHalf: 1      671         
      0     0     4800.8636    53                 ZeroHalf: 2      677         
      0     0     4801.7500    41                 ZeroHalf: 4      685         
      0     0     4801.7500    48                 ZeroHalf: 3      690         
      0     0     4802.7000    51                 ZeroHalf: 3      713         
      0     0     4803.0000    32                 ZeroHalf: 2      715         
      0     0     4803.4400    60                 ZeroHalf: 2      718         
*     0+    0                         5135.0000     4803.4400             6.46%
      0     2     4803.4400    60     5135.0000     4805.7500      718    6.41%                        0             0
Elapsed time = 0.36 sec. (173.85 ticks, tree = 0.01 MB, solutions = 1)
*    35    22      integral     0     5087.0000     4812.0000     1034    5.41%
*    60+   18                         4985.0000     4813.8333             3.43%
     61    21     4848.2500    17     4985.0000     4813.8333     1265    3.43%            x342 N     61     60      8
*    88    27      integral     0     4898.0000     4817.4444     1477    1.64%
    341     0        cutoff           4898.0000     4898.0000     3510    0.00%            x326 D    341    188     10

Zero-half cuts applied:  12
Gomory fractional cuts applied:  2
User cuts applied:  50

Root node processing (before b&c):
  Real time             =    0.36 sec. (173.87 ticks)
Sequential b&c:
  Real time             =    0.80 sec. (479.46 ticks)
                          ------------
Total (root+branch&cut) =    1.16 sec. (653.33 ticks)
