Lazy constraint(s) or lazy constraint callback is present.
    Disabling dual reductions (CPX_PARAM_REDUCE) in presolve.
    Disabling non-linear reductions (CPX_PARAM_PRELINEAR) in presolve.
         Disabling repeat represolve because of lazy constraint/incumbent callback.
Tried aggregator 1 time.
MIP Presolve eliminated 200 rows and 200 columns.
MIP Presolve modified 1598 coefficients.
Reduced MIP has 2599 rows, 2797 columns, and 21587 nonzeros.
Reduced MIP has 2797 binaries, 0 generals, 0 SOSs, and 0 indicators.
Presolve time = 0.03 sec. (14.45 ticks)
Probing time = 0.02 sec. (4.39 ticks)
Clique table members: 1000.
MIP emphasis: balance optimality and feasibility.
MIP search method: traditional branch-and-cut.
Parallel mode: none, using 1 thread.
Root relaxation solution time = 0.05 sec. (39.63 ticks)

        Nodes                                         Cuts/
   Node  Left     Objective  IInf  Best Integer    Best Bound    ItCnt     Gap         Variable B NodeID Parent  Depth

      0     0     6562.5000    22                   6508.0000     1616         
      0     0     6563.5000    24                 ZeroHalf: 1     1617         
      0     0     6592.5000    16                    Fract: 1     1639         
      0     0     6600.5000    14                 ZeroHalf: 2     1640         
      0     0     6602.5000    24                 ZeroHalf: 1     1644         
      0     0     6604.6667    22                 ZeroHalf: 2     1645         
      0     0     6605.0000    22                 ZeroHalf: 8     1646         
      0     0     6610.5000    20                 ZeroHalf: 3     1659         
      0     0     6615.0000    26                 ZeroHalf: 1     1662         
      0     0     6615.5000    30                 ZeroHalf: 2     1665         
      0     0     6616.6667    40                 ZeroHalf: 2     1668         
      0     0     6617.0000    40                 ZeroHalf: 4     1672         
      0     0     6620.0000    30                 ZeroHalf: 3     1673         
      0     0     6620.0000    24                 ZeroHalf: 3     1676         
      0     0     6620.0000    12                 ZeroHalf: 1     1677         
      0     2     6620.0000    20                   6620.0000     1677                                 0             0
Elapsed time = 2.77 sec. (1698.13 ticks, tree = 0.01 MB, solutions = 0)
      7     9     6664.7500    31                   6627.5000     2130                    x2654 N      7      5      4
     16    18     6795.0000    18                   6627.5000     2346                     x562 D     16     15     12
     22    24     6871.9000    37                   6627.5000     2486                     x966 U     22     21     17
     33    35     6997.2000    22                   6627.5000     2779                    x1558 N     33     30     24
*    43    43      integral     0     7235.0000     6627.5000     3208    8.40%
     67    56     6670.7500    30     7235.0000     6629.2353     3519    8.37%            x734 U     67     65      8
*    70+   21                         6710.0000     6629.2353             1.20%
    130    49     6641.8571    44     6710.0000     6633.0000     4164    1.15%           x1558 N    130     81      7
*   137    52      integral     0     6705.0000     6633.0000     4271    1.07%
    202    88     6667.0000    20     6705.0000     6638.0000     4956    1.00%           x2613 N    202    173      2
    307   129     6698.0000    12     6705.0000     6645.0000     6152    0.89%            x978 U    307    306     14
    404   161     6700.0000    30     6705.0000     6651.5000     7236    0.80%           x1839 N    404    402     11
    870   272     6683.0000    34     6705.0000     6674.5000    11753    0.45%           x2000 N    870    869     34
Elapsed time = 9.53 sec. (4882.60 ticks, tree = 0.44 MB, solutions = 3)
   1348   121        cutoff           6705.0000     6694.2500    16061    0.16%           x2102 D   1348    632     18

Zero-half cuts applied:  16
Gomory fractional cuts applied:  1
User cuts applied:  138

Root node processing (before b&c):
  Real time             =    2.77 sec. (1698.23 ticks)
Sequential b&c:
  Real time             =    8.45 sec. (4391.39 ticks)
                          ------------
Total (root+branch&cut) =   11.22 sec. (6089.62 ticks)
