Lazy constraint(s) or lazy constraint callback is present.
    Disabling dual reductions (CPX_PARAM_REDUCE) in presolve.
    Disabling non-linear reductions (CPX_PARAM_PRELINEAR) in presolve.
         Disabling repeat represolve because of lazy constraint/incumbent callback.
Tried aggregator 1 time.
MIP Presolve eliminated 200 rows and 200 columns.
MIP Presolve modified 1598 coefficients.
Reduced MIP has 2599 rows, 2797 columns, and 21587 nonzeros.
Reduced MIP has 2797 binaries, 0 generals, 0 SOSs, and 0 indicators.
Presolve time = 0.02 sec. (14.45 ticks)
Probing time = 0.00 sec. (4.39 ticks)
Clique table members: 1000.
MIP emphasis: balance optimality and feasibility.
MIP search method: traditional branch-and-cut.
Parallel mode: none, using 1 thread.
Root relaxation solution time = 0.06 sec. (42.74 ticks)

        Nodes                                         Cuts/
   Node  Left     Objective  IInf  Best Integer    Best Bound    ItCnt     Gap         Variable B NodeID Parent  Depth

      0     0     1891.5000    12                   1891.5000     1668         
      0     0     1947.0000    30                     Cuts: 8     1688         
      0     0     1966.8462    40                    Cuts: 10     1697         
      0     0     1973.5641    83                 ZeroHalf: 3     1700         
      0     0     1973.5641    72                 ZeroHalf: 1     1701         
      0     0     1973.5641    86                 ZeroHalf: 1     1703         
      0     0     1973.5641    78                 ZeroHalf: 1     1705         
      0     0     1974.4103    82                 ZeroHalf: 1     1709         
      0     0     1974.4103    86                 ZeroHalf: 1     1710         
*     0+    0                        19760.0000     1974.4103            90.01%
      0     2     1974.4103    79    19760.0000     1974.5000     1710   90.01%                        0             0
Elapsed time = 1.03 sec. (639.86 ticks, tree = 0.01 MB, solutions = 1)
      9    11     1991.0000    30    19760.0000     1979.1667     1889   89.98%            x917 U      9      8      8
*    10+   10                         2518.0000     1979.1667            21.40%
     23    25     2039.0000    32     2518.0000     1979.1667     2242   21.40%           x2775 N     23     21     19
     36    38     2096.7143    36     2518.0000     1979.1667     2501   21.40%            x691 N     36     35     28
*    40+   38                         2151.0000     1979.1667             7.99%
*    40+   38                         2120.0000     1979.1667             6.64%
*    43    37      integral     0     2111.0000     1979.1667     2643    6.25%
     71    60     2052.6667    34     2111.0000     1984.2564     3026    6.00%           x2448 N     71     70     15
*    77    63      integral     0     2109.0000     1984.2564     3066    5.91%
*   100    73      integral     0     2096.0000     1986.0000     3331    5.25%
    120    88     2067.4000    30     2096.0000     1987.0000     3502    5.20%            x243 N    120    119     20
*   179   117      integral     0     2094.0000     1993.1667     4220    4.82%
    201   131     2019.0000    24     2094.0000     1994.3333     4525    4.76%            x794 N    201      6      6
*   248   148      integral     0     2087.0000     1996.0000     5214    4.36%
*   293   179      integral     0     2086.0000     1997.8750     5704    4.22%
    314   192     2017.5128    50     2086.0000     2000.0000     5899    4.12%            x840 N    314    313      8
*   393+  212                         2077.0000     2003.0000             3.56%
    426   225     2056.5769    62     2077.0000     2006.5000     7582    3.39%            x840 N    426    425     12
    534   267     2040.5000    23     2077.0000     2009.8750     9088    3.23%            x729 N    534     88      9
*   579   236      integral     0     2068.0000     2012.0000     9646    2.71%
   1081   233     2064.6706    86     2068.0000     2044.7037    15396    1.13%            x940 N   1081    820      7
Elapsed time = 6.08 sec. (3822.06 ticks, tree = 0.40 MB, solutions = 12)

Zero-half cuts applied:  5
Gomory fractional cuts applied:  3
User cuts applied:  45

Root node processing (before b&c):
  Real time             =    1.03 sec. (640.02 ticks)
Sequential b&c:
  Real time             =    5.55 sec. (3646.56 ticks)
                          ------------
Total (root+branch&cut) =    6.58 sec. (4286.58 ticks)
