Lazy constraint(s) or lazy constraint callback is present.
    Disabling dual reductions (CPX_PARAM_REDUCE) in presolve.
    Disabling non-linear reductions (CPX_PARAM_PRELINEAR) in presolve.
         Disabling repeat represolve because of lazy constraint/incumbent callback.
Tried aggregator 1 time.
MIP Presolve eliminated 400 rows and 400 columns.
MIP Presolve modified 8000 coefficients.
Reduced MIP has 12402 rows, 12800 columns, and 197458 nonzeros.
Reduced MIP has 12800 binaries, 0 generals, 0 SOSs, and 0 indicators.
Presolve time = 0.16 sec. (140.80 ticks)
Probing time = 0.02 sec. (6.30 ticks)
Clique table members: 4401.
MIP emphasis: balance optimality and feasibility.
MIP search method: traditional branch-and-cut.
Parallel mode: none, using 1 thread.
Root relaxation solution time = 0.98 sec. (717.52 ticks)

        Nodes                                         Cuts/
   Node  Left     Objective  IInf  Best Integer    Best Bound    ItCnt     Gap         Variable B NodeID Parent  Depth

      0     0     1576.5000    24                   1576.5000     9194         
      0     0     1615.1852    70                    Cuts: 11     9290         
*     0+    0                         1801.0000     1615.1852            10.32%
      0     2     1615.1852    70     1801.0000     1615.3333     9290   10.31%                        0             0
Elapsed time = 8.34 sec. (3951.80 ticks, tree = 0.01 MB, solutions = 1)
      1     3     1615.3333    52     1801.0000     1615.5000     9293   10.30%            x662 N      1      0      1
      3     5     1618.4375    61     1801.0000     1617.0000     9450   10.22%           x3234 N      3      1      2
      5     7     1617.5000     8     1801.0000     1617.0000     9469   10.22%           x6861 N      5      2      3
      7     9     1618.0000     6     1801.0000     1617.0000     9536   10.22%           x2434 N      7      5      4
*     8     5      integral     0     1620.0000     1617.0000     9544    0.19%

Zero-half cuts applied:  5
Gomory fractional cuts applied:  1
User cuts applied:  13

Root node processing (before b&c):
  Real time             =    8.31 sec. (3917.46 ticks)
Sequential b&c:
  Real time             =    3.25 sec. (1695.70 ticks)
                          ------------
Total (root+branch&cut) =   11.56 sec. (5613.16 ticks)
