Lazy constraint(s) or lazy constraint callback is present.
    Disabling dual reductions (CPX_PARAM_REDUCE) in presolve.
    Disabling non-linear reductions (CPX_PARAM_PRELINEAR) in presolve.
         Disabling repeat represolve because of lazy constraint/incumbent callback.
Tried aggregator 1 time.
MIP Presolve eliminated 400 rows and 400 columns.
MIP Presolve modified 8000 coefficients.
Reduced MIP has 12402 rows, 12800 columns, and 197458 nonzeros.
Reduced MIP has 12800 binaries, 0 generals, 0 SOSs, and 0 indicators.
Presolve time = 0.16 sec. (140.80 ticks)
Probing time = 0.03 sec. (6.30 ticks)
Clique table members: 4401.
MIP emphasis: balance optimality and feasibility.
MIP search method: traditional branch-and-cut.
Parallel mode: none, using 1 thread.
Root relaxation solution time = 0.63 sec. (491.89 ticks)

        Nodes                                         Cuts/
   Node  Left     Objective  IInf  Best Integer    Best Bound    ItCnt     Gap         Variable B NodeID Parent  Depth

      0     0     5752.0000    22                   5722.0000     8951         
      0     0     5752.0000    16                 ZeroHalf: 1     8953         
      0     0     5754.0000    22                 ZeroHalf: 1     8958         
      0     0     5757.0000    44                 ZeroHalf: 8     8959         
      0     0     5758.2500    72                 ZeroHalf: 1     8961         
      0     0     5758.5000    61                 ZeroHalf: 5     8963         
      0     0     5759.0000    51                 ZeroHalf: 4     9025         
      0     0     5759.0000    64                 ZeroHalf: 5     9035         
      0     0     5759.5000    59                 ZeroHalf: 4     9037         
      0     0     5760.2000    83                 ZeroHalf: 9     9155         
      0     0     5760.2500    44                 ZeroHalf: 3     9156         
      0     0     5760.2500    58                 ZeroHalf: 2     9162         
*     0+    0                         5952.0000     5760.2500             3.22%
      0     2     5760.2500    58     5952.0000     5760.3333     9162    3.22%                        0             0
Elapsed time = 25.61 sec. (5515.48 ticks, tree = 0.01 MB, solutions = 1)
      5     7     5764.0000    36     5952.0000     5761.0000     9219    3.21%           x2449 N      5      4      4
     10    12     5791.5000    22     5952.0000     5761.0000     9315    3.21%           x2072 N     10      9      8
*    15    15      integral     0     5814.0000     5761.0000     9343    0.91%
     16    15     5762.0000    32     5814.0000     5761.0000     9375    0.91%           x7882 N     16      3      4
     19    18     5773.1000    48     5814.0000     5761.0000     9484    0.91%          x11229 U     19     17      6
     22    21     5764.5000    32     5814.0000     5761.0000     9550    0.91%           x5185 N     22     20      8
     25    23     5795.6250    22     5814.0000     5761.0000     9710    0.91%           x4247 U     25     24     11
     32    28     5805.5000    14     5814.0000     5761.0000     9797    0.91%           x4506 N     32     30     16
     38    31     5806.5000    38     5814.0000     5761.0000     9862    0.91%           x9234 N     38     37     21
     41    31     5806.6667    44     5814.0000     5761.0000     9894    0.91%           x9187 N     41     40     23
     59    38     5807.5000    42     5814.0000     5761.0000    10097    0.91%           x4050 N     59     57     35
Elapsed time = 45.14 sec. (8894.66 ticks, tree = 0.36 MB, solutions = 2)
     87    59     5773.7500    84     5814.0000     5762.0000    10535    0.89%           x4460 N     87     86     25
    133    86     5810.2500    50     5814.0000     5762.0000    10903    0.89%           x2079 U    133    132     22
    220   156     5784.2500    30     5814.0000     5764.5000    12239    0.85%           x4079 U    220    219     17
*   236   130      integral     0     5803.0000     5764.5000    12358    0.66%
*   259   144      integral     0     5800.0000     5764.5000    12762    0.61%           x9374 U    259    258     10
*   302   157      integral     0     5793.0000     5764.5000    13480    0.49%
    319   166     5783.5000    42     5793.0000     5765.0000    13886    0.48%           x2809 U    319    318     13
    404   237     5766.2500    39     5793.0000     5765.0000    14371    0.48%          x11268 N    404    403     10
*   458   262      integral     0     5791.0000     5765.0000    14990    0.45%
    488   279     5771.5000    42     5791.0000     5765.1250    15277    0.45%          x10212 N    488    487     13
*   543   295      integral     0     5790.0000     5766.0000    15899    0.41%
    563   314     5781.5000    40     5790.0000     5766.0000    16070    0.41%           x7552 N    563    562     25
*   643+  359                         5788.0000     5766.5000             0.37%
    685   391     5785.1667    48     5788.0000     5766.7500    17078    0.37%           x9331 D    685    684     24
    809   477     5783.2500    60     5788.0000     5767.1667    18478    0.36%           x2946 N    809    808     24
Elapsed time = 107.64 sec. (18445.03 ticks, tree = 2.89 MB, solutions = 8)
    917   557     5784.8333    43     5788.0000     5767.5000    19228    0.35%           x9321 N    917    916     51
    965   582     5773.3750    52     5788.0000     5767.5000    19664    0.35%          x12237 N    965    964     48
   1019   605     5772.7500    52     5788.0000     5768.0000    20034    0.35%           x4117 N   1019   1018     26
   1115   660     5786.5000    10     5788.0000     5768.0000    20961    0.35%          x10212 D   1115   1114     30
   1253   760     5780.0000    44     5788.0000     5768.0000    22593    0.35%           x4795 N   1253   1252     40
   1383   851     5770.0000    40     5788.0000     5768.5000    23790    0.34%           x7882 U   1383   1382      5
   1505   936     5773.0000    38     5788.0000     5768.5000    24903    0.34%           x2272 N   1505   1504     15
   1619  1001        cutoff           5788.0000     5769.0000    26027    0.33%           x5553 U   1619   1617     13
   1750  1078     5773.8333    20     5788.0000     5769.0000    27233    0.33%           x2809 N   1750    406     13
   1885  1170     5785.2500    30     5788.0000     5769.5000    28250    0.32%           x3122 N   1885   1883     28
Elapsed time = 146.48 sec. (28150.53 ticks, tree = 7.78 MB, solutions = 8)
*  2002  1178      integral     0     5787.0000     5770.0000    29610    0.29%
   2003  1178     5779.5000    18     5787.0000     5770.0000    29612    0.29%           x4589 N   2003   2001     23
   2137  1272     5778.6667    26     5787.0000     5770.0000    30831    0.29%           x4736 N   2137   2136     35
   2256  1347     5780.5000    14     5787.0000     5770.5000    31820    0.29%          x10358 N   2256   2255     12
   2415  1441     5778.0000    24     5787.0000     5771.2500    33164    0.27%           x6638 N   2415   1999     22
   2491  1485     5774.0000    48     5787.0000     5771.2500    33622    0.27%           x5761 N   2491   2490     36
   2585  1496     5784.7500    16     5787.0000     5771.5000    35255    0.27%          x11951 N   2585   1441     31
   2725  1574     5781.7500    46     5787.0000     5772.0000    36759    0.26%           x2462 N   2725   2724     34
   2885  1676     5778.0000    72     5787.0000     5772.0000    37971    0.26%           x4590 N   2885   2884     27
   3058  1784        cutoff           5787.0000     5772.0000    39668    0.26%           x3943 U   3058   3057     21
   3188  1824     5781.5000    42     5787.0000     5773.0000    41679    0.24%           x4460 N   3188   3187     18
Elapsed time = 172.08 sec. (37766.16 ticks, tree = 12.16 MB, solutions = 9)
   3334  1891     5783.0000    53     5787.0000     5773.0000    43273    0.24%           x9896 N   3334     85     24
   3467  1922        cutoff           5787.0000     5773.5000    44939    0.23%           x2272 U   3467   3465     40
   3583  1942     5781.5000    52     5787.0000     5774.0000    46692    0.22%           x4981 N   3583   3582     36
   4407  1273    infeasible           5787.0000     5779.4444    47774    0.13%           x5204 U   4407   1250     38
   5505   217        cutoff           5787.0000     5785.0000    48447    0.03%           x4289 D   5505   4564     15

Zero-half cuts applied:  15
User cuts applied:  252

Root node processing (before b&c):
  Real time             =   25.59 sec. (5482.67 ticks)
Sequential b&c:
  Real time             =  156.80 sec. (37409.60 ticks)
                          ------------
Total (root+branch&cut) =  182.39 sec. (42892.28 ticks)
