Lazy constraint(s) or lazy constraint callback is present.
    Disabling dual reductions (CPX_PARAM_REDUCE) in presolve.
    Disabling non-linear reductions (CPX_PARAM_PRELINEAR) in presolve.
         Disabling repeat represolve because of lazy constraint/incumbent callback.
Tried aggregator 1 time.
MIP Presolve eliminated 10 rows and 10 columns.
MIP Presolve modified 44 coefficients.
Reduced MIP has 78 rows, 86 columns, and 404 nonzeros.
Reduced MIP has 86 binaries, 0 generals, 0 SOSs, and 0 indicators.
Presolve time = 0.00 sec. (0.29 ticks)
Probing time = 0.00 sec. (0.06 ticks)
Clique table members: 33.
MIP emphasis: balance optimality and feasibility.
MIP search method: traditional branch-and-cut.
Parallel mode: none, using 1 thread.
Root relaxation solution time = 0.00 sec. (0.27 ticks)

        Nodes                                         Cuts/
   Node  Left     Objective  IInf  Best Integer    Best Bound    ItCnt     Gap         Variable B NodeID Parent  Depth

      0     0      447.0000     4                    447.0000       52         
*     0+    0                          535.0000      447.0000            16.45%
*     0     0      integral     0      477.0000       Cuts: 5       53    0.00%
      0     0        cutoff            477.0000      477.0000       53    0.00%                        0             0
Elapsed time = 0.02 sec. (1.74 ticks, tree = 0.01 MB, solutions = 3)

Clique cuts applied:  1
Cover cuts applied:  1
Zero-half cuts applied:  1
Lift and project cuts applied:  1
Gomory fractional cuts applied:  1

Root node processing (before b&c):
  Real time             =    0.02 sec. (1.75 ticks)
Sequential b&c:
  Real time             =    0.00 sec. (0.00 ticks)
                          ------------
Total (root+branch&cut) =    0.02 sec. (1.75 ticks)
