Lazy constraint(s) or lazy constraint callback is present.
    Disabling dual reductions (CPX_PARAM_REDUCE) in presolve.
    Disabling non-linear reductions (CPX_PARAM_PRELINEAR) in presolve.
         Disabling repeat represolve because of lazy constraint/incumbent callback.
Tried aggregator 1 time.
MIP Presolve eliminated 20 rows and 20 columns.
MIP Presolve modified 90 coefficients.
Reduced MIP has 157 rows, 175 columns, and 899 nonzeros.
Reduced MIP has 175 binaries, 0 generals, 0 SOSs, and 0 indicators.
Presolve time = 0.00 sec. (0.71 ticks)
Probing time = 0.00 sec. (0.17 ticks)
Clique table members: 109.
MIP emphasis: balance optimality and feasibility.
MIP search method: traditional branch-and-cut.
Parallel mode: none, using 1 thread.
Root relaxation solution time = 0.00 sec. (1.05 ticks)

        Nodes                                         Cuts/
   Node  Left     Objective  IInf  Best Integer    Best Bound    ItCnt     Gap         Variable B NodeID Parent  Depth

      0     0      309.3333     6                    309.3333      133         
*     0+    0                          468.0000      309.3333            33.90%
      0     0      354.8000    15      468.0000       Cuts: 2      146   24.19%
*     0     0      integral     0      373.0000       Cuts: 9      154    0.00%
      0     0        cutoff            373.0000      373.0000      154    0.00%                        0             0
Elapsed time = 0.03 sec. (7.25 ticks, tree = 0.01 MB, solutions = 3)

Gomory fractional cuts applied:  5

Root node processing (before b&c):
  Real time             =    0.03 sec. (7.25 ticks)
Sequential b&c:
  Real time             =    0.00 sec. (0.00 ticks)
                          ------------
Total (root+branch&cut) =    0.03 sec. (7.25 ticks)
