Lazy constraint(s) or lazy constraint callback is present.
    Disabling dual reductions (CPX_PARAM_REDUCE) in presolve.
    Disabling non-linear reductions (CPX_PARAM_PRELINEAR) in presolve.
         Disabling repeat represolve because of lazy constraint/incumbent callback.
Tried aggregator 1 time.
MIP Presolve eliminated 50 rows and 50 columns.
MIP Presolve modified 252 coefficients.
Reduced MIP has 430 rows, 478 columns, and 2644 nonzeros.
Reduced MIP has 478 binaries, 0 generals, 0 SOSs, and 0 indicators.
Presolve time = 0.00 sec. (2.30 ticks)
Probing time = 0.00 sec. (0.66 ticks)
Clique table members: 228.
MIP emphasis: balance optimality and feasibility.
MIP search method: traditional branch-and-cut.
Parallel mode: none, using 1 thread.
Root relaxation solution time = 0.00 sec. (2.98 ticks)

        Nodes                                         Cuts/
   Node  Left     Objective  IInf  Best Integer    Best Bound    ItCnt     Gap         Variable B NodeID Parent  Depth

      0     0     2957.3333    32                   2935.0000      290         
      0     0     2968.5000    20                     Cuts: 8      303         
      0     0     2976.2857    48                    Cuts: 17      317         
      0     0     2977.2381    50                     Cuts: 4      325         
      0     0     2979.5714    35                     Cuts: 4      334         
      0     0     2980.0000    38                    Cuts: 10      340         
      0     0     2981.5000    36                     Cuts: 8      348         
      0     0     2986.5000    51                 ZeroHalf: 4      356         
      0     0     2988.0000    53                 ZeroHalf: 6      360         
      0     0     2989.1250    54                 ZeroHalf: 6      374         
      0     0     2989.9583    53                     Cuts: 7      383         
      0     0     2990.8400    52                 ZeroHalf: 3      387         
      0     0     2991.0000    45                     Cuts: 5      392         
      0     0     2991.0000    62                 ZeroHalf: 3      400         
*     0+    0                         3074.0000     2991.0000             2.70%
      0     2     2991.0000    33     3074.0000     2991.0000      400    2.70%                        0             0
Elapsed time = 0.44 sec. (263.35 ticks, tree = 0.01 MB, solutions = 1)

Zero-half cuts applied:  15
Gomory fractional cuts applied:  2
User cuts applied:  17

Root node processing (before b&c):
  Real time             =    0.44 sec. (263.34 ticks)
Sequential b&c:
  Real time             =    0.05 sec. (40.55 ticks)
                          ------------
Total (root+branch&cut) =    0.48 sec. (303.89 ticks)
