Lazy constraint(s) or lazy constraint callback is present.
    Disabling dual reductions (CPX_PARAM_REDUCE) in presolve.
    Disabling non-linear reductions (CPX_PARAM_PRELINEAR) in presolve.
         Disabling repeat represolve because of lazy constraint/incumbent callback.
Tried aggregator 1 time.
MIP Presolve eliminated 70 rows and 70 columns.
MIP Presolve modified 301 coefficients.
Reduced MIP has 642 rows, 710 columns, and 4141 nonzeros.
Reduced MIP has 710 binaries, 0 generals, 0 SOSs, and 0 indicators.
Presolve time = 0.00 sec. (3.53 ticks)
Probing time = 0.00 sec. (1.16 ticks)
Clique table members: 404.
MIP emphasis: balance optimality and feasibility.
MIP search method: traditional branch-and-cut.
Parallel mode: none, using 1 thread.
Root relaxation solution time = 0.00 sec. (4.50 ticks)

        Nodes                                         Cuts/
   Node  Left     Objective  IInf  Best Integer    Best Bound    ItCnt     Gap         Variable B NodeID Parent  Depth

      0     0      548.7500    30                    548.7500      367         
      0     0      834.5250    46                    Cuts: 18      456         
      0     0      850.0625    30                     Cuts: 3      463         
*     0+    0                         3778.0000      850.0625            77.50%
      0     0      868.2400    37     3778.0000       Cuts: 3      482   77.02%
      0     0      871.7500    40     3778.0000       Cuts: 6      485   76.93%
      0     0      871.7500    38     3778.0000     Covers: 1      488   76.93%
*     0+    0                          963.0000      871.7500             9.48%
      0     2      874.3750    45      963.0000      885.0000      488    8.10%                        0             0
Elapsed time = 0.22 sec. (106.03 ticks, tree = 0.01 MB, solutions = 3)
*     3     3      integral     0      955.0000      892.5000      531    6.54%
*    11     2      integral     0      917.0000      907.0000      562    1.09%
*    12     0      integral     0      909.0000      907.0000      566    0.22%

Cover cuts applied:  2
Implied bound cuts applied:  14
Zero-half cuts applied:  5
Gomory fractional cuts applied:  2
User cuts applied:  1

Root node processing (before b&c):
  Real time             =    0.22 sec. (106.04 ticks)
Sequential b&c:
  Real time             =    0.03 sec. (23.27 ticks)
                          ------------
Total (root+branch&cut) =    0.25 sec. (129.31 ticks)
