Lazy constraint(s) or lazy constraint callback is present.
    Disabling dual reductions (CPX_PARAM_REDUCE) in presolve.
    Disabling non-linear reductions (CPX_PARAM_PRELINEAR) in presolve.
         Disabling repeat represolve because of lazy constraint/incumbent callback.
Tried aggregator 1 time.
MIP Presolve eliminated 300 rows and 300 columns.
MIP Presolve modified 6000 coefficients.
Reduced MIP has 9302 rows, 9600 columns, and 147650 nonzeros.
Reduced MIP has 9600 binaries, 0 generals, 0 SOSs, and 0 indicators.
Presolve time = 0.09 sec. (101.33 ticks)
Probing time = 0.02 sec. (5.13 ticks)
Clique table members: 3301.
MIP emphasis: balance optimality and feasibility.
MIP search method: traditional branch-and-cut.
Parallel mode: none, using 1 thread.
Root relaxation solution time = 0.47 sec. (347.16 ticks)

        Nodes                                         Cuts/
   Node  Left     Objective  IInf  Best Integer    Best Bound    ItCnt     Gap         Variable B NodeID Parent  Depth

      0     0     4512.0000    16                   4479.0000     6599         
      0     0     4523.3333    20                     Cuts: 2     6602         
      0     0     4523.3333    31                 ZeroHalf: 8     6632         
      0     0     4523.6667    27                 ZeroHalf: 6     6635         
      0     0     4523.6667    46                ZeroHalf: 11     6637         
      0     0     4524.4286    35                 ZeroHalf: 8     6643         
      0     0     4524.6667    70                 ZeroHalf: 4     6652         
      0     0     4524.7143    54                 ZeroHalf: 3     6771         
      0     0     4525.0000    32                ZeroHalf: 10     6775         
      0     0     4525.0000    56                ZeroHalf: 10     6884         
*     0+    0                         4671.0000     4525.0000             3.13%
      0     2     4525.0000    56     4671.0000     4525.0000     6884    3.13%                        0             0
Elapsed time = 16.59 sec. (2984.50 ticks, tree = 0.01 MB, solutions = 1)
      2     4     4531.2500    58     4671.0000     4525.2500     6937    3.12%           x3035 D      2      1      2
      5     7     4526.0000    52     4671.0000     4526.0000     7015    3.10%           x1447 D      5      3      3
      9    11     4533.7500    32     4671.0000     4526.0000     7163    3.10%           x2963 U      9      8      6
*    10     6      integral     0     4534.0000     4526.0000     7167    0.18%
     16     7     4527.5000    68     4534.0000     4527.5000     7196    0.14%           x8383 D     16     14      7
     24     6     4528.0000    46     4534.0000     4528.0000     7278    0.13%           x7743 D     24     22     10
     33     7     4530.0000    58     4534.0000     4529.0000     7331    0.11%           x1739 U     33     32      6
     45     9     4530.2500    55     4534.0000     4530.0000     7442    0.09%           x3323 D     45     44     18

Zero-half cuts applied:  27
Gomory fractional cuts applied:  1
User cuts applied:  32

Root node processing (before b&c):
  Real time             =   16.56 sec. (2962.44 ticks)
Sequential b&c:
  Real time             =   17.28 sec. (2368.83 ticks)
                          ------------
Total (root+branch&cut) =   33.84 sec. (5331.27 ticks)
