Lazy constraint(s) or lazy constraint callback is present.
    Disabling dual reductions (CPX_PARAM_REDUCE) in presolve.
    Disabling non-linear reductions (CPX_PARAM_PRELINEAR) in presolve.
         Disabling repeat represolve because of lazy constraint/incumbent callback.
Tried aggregator 1 time.
MIP Presolve eliminated 300 rows and 300 columns.
MIP Presolve modified 6000 coefficients.
Reduced MIP has 9302 rows, 9600 columns, and 147650 nonzeros.
Reduced MIP has 9600 binaries, 0 generals, 0 SOSs, and 0 indicators.
Presolve time = 0.09 sec. (101.33 ticks)
Probing time = 0.02 sec. (5.13 ticks)
Clique table members: 3301.
MIP emphasis: balance optimality and feasibility.
MIP search method: traditional branch-and-cut.
Parallel mode: none, using 1 thread.
Root relaxation solution time = 0.66 sec. (522.27 ticks)

        Nodes                                         Cuts/
   Node  Left     Objective  IInf  Best Integer    Best Bound    ItCnt     Gap         Variable B NodeID Parent  Depth

      0     0     1302.1250    28                   1302.1250     7610         
      0     0     1324.1250    28                    Cuts: 11     7612         
*     0+    0                         1445.0000     1324.1250             8.37%
      0     2     1330.6364    36     1445.0000     1331.0000     7612    7.89%                        0             0
Elapsed time = 3.89 sec. (1699.68 ticks, tree = 0.01 MB, solutions = 1)
*     2     1      integral     0     1335.0000     1332.7500     7661    0.17%
      5     1     1333.6667    20     1335.0000     1333.6667     7699    0.10%           x5991 D      5      3      3
     13     1     1333.6667    24     1335.0000     1333.6667     7713    0.10%           x9097 D     13     12     11
     24     1     1333.6667    26     1335.0000     1333.6667     7735    0.10%           x6235 D     24     23     22

Zero-half cuts applied:  3
Gomory fractional cuts applied:  1
User cuts applied:  5

Root node processing (before b&c):
  Real time             =    3.86 sec. (1671.10 ticks)
Sequential b&c:
  Real time             =    1.77 sec. (981.28 ticks)
                          ------------
Total (root+branch&cut) =    5.63 sec. (2652.37 ticks)
