Lazy constraint(s) or lazy constraint callback is present.
    Disabling dual reductions (CPX_PARAM_REDUCE) in presolve.
    Disabling non-linear reductions (CPX_PARAM_PRELINEAR) in presolve.
         Disabling repeat represolve because of lazy constraint/incumbent callback.
Tried aggregator 1 time.
MIP Presolve eliminated 400 rows and 400 columns.
MIP Presolve modified 8000 coefficients.
Reduced MIP has 12402 rows, 12800 columns, and 197458 nonzeros.
Reduced MIP has 12800 binaries, 0 generals, 0 SOSs, and 0 indicators.
Presolve time = 0.17 sec. (140.80 ticks)
Probing time = 0.02 sec. (6.30 ticks)
Clique table members: 4401.
MIP emphasis: balance optimality and feasibility.
MIP search method: traditional branch-and-cut.
Parallel mode: none, using 1 thread.
Root relaxation solution time = 0.67 sec. (491.89 ticks)

        Nodes                                         Cuts/
   Node  Left     Objective  IInf  Best Integer    Best Bound    ItCnt     Gap         Variable B NodeID Parent  Depth

      0     0     5752.0000    22                   5722.0000     8951         
      0     0     5752.0000    16                 ZeroHalf: 1     8953         
      0     0     5754.0000    22                 ZeroHalf: 1     8958         
      0     0     5757.0000    44                 ZeroHalf: 8     8959         
      0     0     5758.2500    72                 ZeroHalf: 1     8961         
      0     0     5758.5000    61                 ZeroHalf: 5     8963         
      0     0     5759.0000    51                 ZeroHalf: 4     9025         
      0     0     5759.0000    64                 ZeroHalf: 5     9035         
      0     0     5759.5000    59                 ZeroHalf: 4     9037         
      0     0     5760.2000    83                 ZeroHalf: 9     9155         
      0     0     5760.2500    44                 ZeroHalf: 3     9156         
      0     0     5760.2500    58                 ZeroHalf: 2     9162         
*     0+    0                         5952.0000     5760.2500             3.22%
      0     2     5760.2500    58     5952.0000     5760.3333     9162    3.22%                        0             0
Elapsed time = 48.19 sec. (5513.82 ticks, tree = 0.01 MB, solutions = 1)
      5     7     5764.0000    36     5952.0000     5761.0000     9219    3.21%           x2449 D      5      4      4
     10    12     5791.5000    22     5952.0000     5761.0000     9315    3.21%           x2072 U     10      9      8
*    15    15      integral     0     5814.0000     5761.0000     9343    0.91%
     16    15     5762.0000    32     5814.0000     5761.0000     9375    0.91%           x7882 D     16      3      4
     19    18     5773.1000    48     5814.0000     5761.0000     9484    0.91%          x11229 U     19     17      6
     22    21     5764.5000    32     5814.0000     5761.0000     9550    0.91%           x5185 U     22     20      8
     25    23     5795.6250    22     5814.0000     5761.0000     9710    0.91%           x4247 U     25     24     11
     32    28     5805.5000    14     5814.0000     5761.0000     9797    0.91%           x4506 U     32     30     16
     38    31     5806.5000    38     5814.0000     5761.0000     9862    0.91%           x9234 D     38     37     21
     41    31     5806.6667    44     5814.0000     5761.0000     9894    0.91%           x9187 U     41     40     23
     59    38     5807.5000    42     5814.0000     5761.0000    10097    0.91%           x4050 D     59     57     35
Elapsed time = 98.47 sec. (8878.70 ticks, tree = 0.36 MB, solutions = 2)
     87    59     5773.7500    84     5814.0000     5762.0000    10535    0.89%           x4460 D     87     86     25
    133    86     5810.2500    50     5814.0000     5762.0000    10903    0.89%           x2079 U    133    132     22
    220   156     5784.2500    30     5814.0000     5764.5000    12239    0.85%           x4079 U    220    219     17
*   236   130      integral     0     5803.0000     5764.5000    12358    0.66%
*   260   145      integral     0     5800.0000     5764.5000    12858    0.61%           x9374 U    260    259     10
    320   182     5788.0000    36     5800.0000     5764.5000    13657    0.61%          x10299 U    320    318     22
    390   231     5772.8333    50     5800.0000     5765.0000    14502    0.60%           x3943 U    390    389     17
    463   294     5784.4444    58     5800.0000     5765.0000    15148    0.60%           x5830 D    463    462     43
    490   303     5791.0000    46     5800.0000     5765.0000    15358    0.60%           x3079 D    490    488     62
    523   318     5793.4444    39     5800.0000     5765.0000    15491    0.60%          x10654 D    523    522     94
    548   320     5793.4444    39     5800.0000     5765.0000    15546    0.60%          x11605 D    548    547    119
Elapsed time = 219.75 sec. (18540.14 ticks, tree = 2.00 MB, solutions = 4)
    620   379     5780.5000    40     5800.0000     5765.0000    16242    0.60%           x9643 D    620    619     40
    712   456     5783.5789    51     5800.0000     5765.0000    16910    0.60%          x10029 D    712    711     55
    749   484     5794.0000    58     5800.0000     5765.0000    17162    0.60%           x7275 D    749    748     90
*   813   381      integral     0     5790.0000     5765.1250    18055    0.43%
    833   384     5768.5000    42     5790.0000     5766.0000    18373    0.41%           x4472 D    833    832      5
*   835   365      integral     0     5788.0000     5766.0000    18403    0.38%
    950   457     5777.2500    44     5788.0000     5766.6667    19560    0.37%           x4289 U    950    949     22
   1087   566     5784.6667    44     5788.0000     5767.0000    20627    0.36%           x9343 D   1087   1086     20
   1211   656     5780.0000    60     5788.0000     5767.3333    21822    0.36%           x3698 D   1211   1209     11
   1370   780     5773.5000    44     5788.0000     5768.0000    22947    0.35%          x10193 D   1370   1369     37
   1490   843     5777.0000    42     5788.0000     5768.0000    24424    0.35%           x4454 N   1490   1489     12
   1609   912     5769.0000    64     5788.0000     5768.5000    25575    0.34%          x10212 D   1609   1608     21
Elapsed time = 358.28 sec. (28140.61 ticks, tree = 5.61 MB, solutions = 6)
   1767  1031     5787.0000    16     5788.0000     5768.7500    26917    0.33%          x10212 U   1767   1765     13
   1889  1103     5784.7500    32     5788.0000     5769.0000    28276    0.33%           x9888 D   1889   1888     26
*  1961  1086      integral     0     5787.0000     5769.0000    29055    0.31%
   2004  1098     5782.6667    32     5787.0000     5769.5000    29679    0.30%          x11229 U   2004   2002     17
   2128  1147        cutoff           5787.0000     5770.0000    31174    0.29%           x4460 D   2128   2127     20
   2286  1259     5784.5000    44     5787.0000     5770.0000    32231    0.29%          x12609 D   2286   2285     32
   2415  1302        cutoff           5787.0000     5770.8333    34163    0.28%          x10193 U   2415   2413     40
   2567  1403     5784.2857    57     5787.0000     5771.0000    35476    0.28%           x4487 D   2567   2566     54
   2712  1507     5777.5000    26     5787.0000     5771.2500    36455    0.27%           x4066 D   2712   2711     26
   2814  1550        cutoff           5787.0000     5771.5000    37463    0.27%           x1937 U   2814   2813     47
   2940  1633     5782.3000    66     5787.0000     5771.5000    38681    0.27%           x8905 D   2940   2939     60
Elapsed time = 414.01 sec. (37732.74 ticks, tree = 10.24 MB, solutions = 7)
   3082  1706     5783.5000    42     5787.0000     5772.0000    40128    0.26%           x7552 N   3082   3080     25
   3227  1761     5785.0000    28     5787.0000     5772.2500    41882    0.25%          x12296 U   3227   3226     29
   3387  1854     5780.0000    50     5787.0000     5772.5000    43257    0.25%           x2272 D   3387   3386     41
   3515  1908     5775.5000    36     5787.0000     5772.8333    44654    0.24%           x4484 D   3515   3514     24
   3673  1995     5776.0000    38     5787.0000     5773.0000    46172    0.24%          x10678 D   3673   3672     38
   3814  2050        cutoff           5787.0000     5773.3000    47745    0.24%           x4460 U   3814   2647     21
   3949  2116     5783.0000    56     5787.0000     5773.5000    49044    0.23%           x4472 D   3949   3948     22
   4072  2134        cutoff           5787.0000     5774.0000    50768    0.22%           x7552 D   4072   4071     28
   4234  2230     5780.0000    69     5787.0000     5774.2500    52274    0.22%            x662 U   4234   4233     56
   4383  2306        cutoff           5787.0000     5774.5000    53595    0.22%           x3943 D   4383   4381      6
Elapsed time = 469.64 sec. (47310.53 ticks, tree = 14.97 MB, solutions = 7)
   4537  2381        cutoff           5787.0000     5774.5000    54863    0.22%           x4460 U   4537   2442     22
   4698  2453     5784.2500    68     5787.0000     5775.0000    56373    0.21%            x544 D   4698   4697     40
   4823  2467     5779.5000    66     5787.0000     5775.0000    57865    0.21%           x3923 N   4823   2318     29
   4964  2523     5781.0000    50     5787.0000     5775.3333    59364    0.20%           x7552 D   4964   4962     17
   5110  2581        cutoff           5787.0000     5775.5000    60890    0.20%           x9643 U   5110   4218     41
   5248  2605     5785.2143    64     5787.0000     5775.7500    62740    0.19%          x10212 D   5248   5247     22
   5395  2660     5780.6667    42     5787.0000     5776.0000    64360    0.19%           x3943 N   5395   5394     17
   5547  2718     5781.6000    63     5787.0000     5776.0000    65581    0.19%           x3943 N   5547    857     29
   5685  2757        cutoff           5787.0000     5776.4444    66861    0.18%           x7503 U   5685   5683     63
   5816  2778     5782.0000    55     5787.0000     5776.5000    68266    0.18%           x8268 D   5816   5815     50
Elapsed time = 491.45 sec. (56887.62 ticks, tree = 18.34 MB, solutions = 7)
   5955  2798        cutoff           5787.0000     5776.8333    69913    0.18%          x10212 D   5955   5954     44
   6086  2827     5779.0000    26     5787.0000     5777.0000    71127    0.17%           x2809 U   6086   6085     14
   6206  2814        cutoff           5787.0000     5777.0000    72667    0.17%          x10678 U   6206    853     25
   6340  2816     5784.5000    54     5787.0000     5777.0000    74220    0.17%          x12296 N   6340   6339     23
   6460  2830     5784.8667    52     5787.0000     5777.4762    75508    0.16%           x4484 D   6460   6459     27
   6623  2873     5782.0000    64     5787.0000     5777.5000    76690    0.16%           x4289 D   6623   5116     18
   6763  2891     5786.0000    34     5787.0000     5777.7500    77908    0.16%           x3943 D   6763   1461     20
   6904  2907        cutoff           5787.0000     5778.0000    79245    0.16%           x3434 U   6904   3472     34
   7040  2915     5783.1667    64     5787.0000     5778.0000    80631    0.16%          x12296 U   7040   7039     32
   7177  2925        cutoff           5787.0000     5778.2500    81846    0.15%            x662 D   7177   4399     27
Elapsed time = 508.63 sec. (66493.48 ticks, tree = 19.55 MB, solutions = 7)
   7303  2918     5785.5000    34     5787.0000     5778.5000    83122    0.15%          x10212 D   7303   7301     26
   7438  2933     5783.8333    36     5787.0000     5778.6000    84233    0.15%           x1943 D   7438   7437     15
   7567  2940     5785.2500    25     5787.0000     5779.0000    85377    0.14%           x3181 N   7567    186      9
   7706  2966        cutoff           5787.0000     5779.0000    86478    0.14%           x4066 U   7706   5122     24
   7834  2963        cutoff           5787.0000     5779.0000    87612    0.14%            x630 U   7834   7832     35
   7947  2903        cutoff           5787.0000     5779.4286    89001    0.13%           x4454 U   7947   2052     24
   8054  2860        cutoff           5787.0000     5779.5000    90288    0.13%           x4117 U   8054   4581     29
   8158  2796        cutoff           5787.0000     5779.9524    91951    0.12%           x6638 U   8158   6119     23
   8284  2787        cutoff           5787.0000     5780.0000    93065    0.12%           x4484 U   8284   6121     25
   8396  2725        cutoff           5787.0000     5780.0000    94163    0.12%           x2168 U   8396   6809     30
Elapsed time = 526.36 sec. (76087.09 ticks, tree = 18.35 MB, solutions = 7)
   8508  2699     5783.2727    78     5787.0000     5780.2500    95243    0.12%          x10180 D   8508   8507     38
   8631  2675        cutoff           5787.0000     5780.5000    96455    0.11%           x1339 D   8631   5875     14
   8727  2616        cutoff           5787.0000     5780.5000    97566    0.11%           x6484 U   8727    694     39
   8822  2572        cutoff           5787.0000     5780.7500    98531    0.11%           x3698 D   8822   1588     12
   8942  2524        cutoff           5787.0000     5781.0000    99597    0.10%           x1943 U   8942   7011     16
   9062  2476     5785.0000    48     5787.0000     5781.0000   100532    0.10%           x5204 N   9062   1983     11
   9179  2424     5785.5000    20     5787.0000     5781.2500   101554    0.10%           x4734 N   9179   3487     49
   9308  2402        cutoff           5787.0000     5781.3333   102456    0.10%           x3434 U   9308   4866     35
   9426  2384        cutoff           5787.0000     5781.5000   103460    0.10%           x4484 U   9426   2856     23
   9535  2311        cutoff           5787.0000     5781.6667   104519    0.09%          x11969 U   9535   5097     30
Elapsed time = 537.63 sec. (85672.99 ticks, tree = 15.66 MB, solutions = 7)
   9663  2286        cutoff           5787.0000     5781.8750   105494    0.09%           x4450 U   9663   8530     29
   9792  2265        cutoff           5787.0000     5782.0000   106319    0.09%           x4472 D   9792   9791     37
   9917  2221        cutoff           5787.0000     5782.0000   107238    0.09%          x10358 U   9917   1386     15
  10027  2149        cutoff           5787.0000     5782.0000   108055    0.09%           x3698 D  10027   1755     24
  10145  2082        cutoff           5787.0000     5782.3333   108911    0.08%           x4734 U  10145  10143     40
  10258  2008     5786.0000    44     5787.0000     5782.5000   109912    0.08%           x9234 N  10258   3555     24
  10347  1952        cutoff           5787.0000     5782.5000   110650    0.08%           x4460 U  10347   4792     19
  10464  1886        cutoff           5787.0000     5782.7500   111374    0.07%          x12499 D  10464   6130     34
  10574  1818        cutoff           5787.0000     5783.0000   112133    0.07%           x7516 D  10574   6604     32
  11030  1536     5785.0000    50     5787.0000     5783.3333   115486    0.06%           x4196 N  11030   4107     22
Elapsed time = 551.63 sec. (98130.58 ticks, tree = 10.50 MB, solutions = 7)
  11474  1181        cutoff           5787.0000     5784.0000   118333    0.05%           x1943 U  11474   6347     16
  11927   847        cutoff           5787.0000     5784.5000   121023    0.04%           x9343 U  11927   8694     12
  12401   469        cutoff           5787.0000     5785.0000   123321    0.03%          x10212 U  12401   6552     31
  12865    79        cutoff           5787.0000     5786.0000   124991    0.02%           x3943 U  12865   1450     15

Zero-half cuts applied:  15
User cuts applied:  280

Root node processing (before b&c):
  Real time             =   48.16 sec. (5480.84 ticks)
Sequential b&c:
  Real time             =  520.38 sec. (109070.64 ticks)
                          ------------
Total (root+branch&cut) =  568.53 sec. (114551.48 ticks)
